[2024-03-11T08:06:47.386+0000] {processor.py:161} INFO - Started process (PID=50) to work on /home/airflow/.local/lib/python3.8/site-packages/airflow/example_dags/example_complex.py
[2024-03-11T08:06:47.386+0000] {processor.py:830} INFO - Processing file /home/airflow/.local/lib/python3.8/site-packages/airflow/example_dags/example_complex.py for tasks to queue
[2024-03-11T08:06:47.388+0000] {logging_mixin.py:188} INFO - [2024-03-11T08:06:47.387+0000] {dagbag.py:540} INFO - Filling up the DagBag from /home/airflow/.local/lib/python3.8/site-packages/airflow/example_dags/example_complex.py
[2024-03-11T08:06:47.397+0000] {processor.py:840} INFO - DAG(s) 'example_complex' retrieved from /home/airflow/.local/lib/python3.8/site-packages/airflow/example_dags/example_complex.py
[2024-03-11T08:06:47.407+0000] {logging_mixin.py:188} INFO - [2024-03-11T08:06:47.407+0000] {dag.py:3047} INFO - Sync 1 DAGs
[2024-03-11T08:06:47.417+0000] {logging_mixin.py:188} INFO - [2024-03-11T08:06:47.417+0000] {dag.py:3834} INFO - Setting next_dagrun for example_complex to None, run_after=None
[2024-03-11T08:06:47.431+0000] {processor.py:183} INFO - Processing /home/airflow/.local/lib/python3.8/site-packages/airflow/example_dags/example_complex.py took 0.048 seconds
[2024-03-11T08:07:18.297+0000] {processor.py:161} INFO - Started process (PID=105) to work on /home/airflow/.local/lib/python3.8/site-packages/airflow/example_dags/example_complex.py
[2024-03-11T08:07:18.297+0000] {processor.py:830} INFO - Processing file /home/airflow/.local/lib/python3.8/site-packages/airflow/example_dags/example_complex.py for tasks to queue
[2024-03-11T08:07:18.299+0000] {logging_mixin.py:188} INFO - [2024-03-11T08:07:18.298+0000] {dagbag.py:540} INFO - Filling up the DagBag from /home/airflow/.local/lib/python3.8/site-packages/airflow/example_dags/example_complex.py
[2024-03-11T08:07:18.306+0000] {processor.py:840} INFO - DAG(s) 'example_complex' retrieved from /home/airflow/.local/lib/python3.8/site-packages/airflow/example_dags/example_complex.py
[2024-03-11T08:07:18.382+0000] {logging_mixin.py:188} INFO - [2024-03-11T08:07:18.381+0000] {dag.py:3047} INFO - Sync 1 DAGs
[2024-03-11T08:07:18.389+0000] {logging_mixin.py:188} INFO - [2024-03-11T08:07:18.388+0000] {dag.py:3834} INFO - Setting next_dagrun for example_complex to None, run_after=None
[2024-03-11T08:07:18.401+0000] {processor.py:183} INFO - Processing /home/airflow/.local/lib/python3.8/site-packages/airflow/example_dags/example_complex.py took 0.107 seconds
[2024-03-11T08:07:48.466+0000] {processor.py:161} INFO - Started process (PID=160) to work on /home/airflow/.local/lib/python3.8/site-packages/airflow/example_dags/example_complex.py
[2024-03-11T08:07:48.466+0000] {processor.py:830} INFO - Processing file /home/airflow/.local/lib/python3.8/site-packages/airflow/example_dags/example_complex.py for tasks to queue
[2024-03-11T08:07:48.467+0000] {logging_mixin.py:188} INFO - [2024-03-11T08:07:48.467+0000] {dagbag.py:540} INFO - Filling up the DagBag from /home/airflow/.local/lib/python3.8/site-packages/airflow/example_dags/example_complex.py
[2024-03-11T08:07:48.475+0000] {processor.py:840} INFO - DAG(s) 'example_complex' retrieved from /home/airflow/.local/lib/python3.8/site-packages/airflow/example_dags/example_complex.py
[2024-03-11T08:07:48.495+0000] {logging_mixin.py:188} INFO - [2024-03-11T08:07:48.495+0000] {dag.py:3047} INFO - Sync 1 DAGs
[2024-03-11T08:07:48.504+0000] {logging_mixin.py:188} INFO - [2024-03-11T08:07:48.504+0000] {dag.py:3834} INFO - Setting next_dagrun for example_complex to None, run_after=None
[2024-03-11T08:07:48.515+0000] {processor.py:183} INFO - Processing /home/airflow/.local/lib/python3.8/site-packages/airflow/example_dags/example_complex.py took 0.051 seconds
[2024-03-11T08:08:19.378+0000] {processor.py:161} INFO - Started process (PID=215) to work on /home/airflow/.local/lib/python3.8/site-packages/airflow/example_dags/example_complex.py
[2024-03-11T08:08:19.379+0000] {processor.py:830} INFO - Processing file /home/airflow/.local/lib/python3.8/site-packages/airflow/example_dags/example_complex.py for tasks to queue
[2024-03-11T08:08:19.380+0000] {logging_mixin.py:188} INFO - [2024-03-11T08:08:19.380+0000] {dagbag.py:540} INFO - Filling up the DagBag from /home/airflow/.local/lib/python3.8/site-packages/airflow/example_dags/example_complex.py
[2024-03-11T08:08:19.387+0000] {processor.py:840} INFO - DAG(s) 'example_complex' retrieved from /home/airflow/.local/lib/python3.8/site-packages/airflow/example_dags/example_complex.py
[2024-03-11T08:08:19.407+0000] {logging_mixin.py:188} INFO - [2024-03-11T08:08:19.407+0000] {dag.py:3047} INFO - Sync 1 DAGs
[2024-03-11T08:08:19.415+0000] {logging_mixin.py:188} INFO - [2024-03-11T08:08:19.415+0000] {dag.py:3834} INFO - Setting next_dagrun for example_complex to None, run_after=None
[2024-03-11T08:08:19.425+0000] {processor.py:183} INFO - Processing /home/airflow/.local/lib/python3.8/site-packages/airflow/example_dags/example_complex.py took 0.050 seconds
[2024-03-11T08:08:50.215+0000] {processor.py:161} INFO - Started process (PID=270) to work on /home/airflow/.local/lib/python3.8/site-packages/airflow/example_dags/example_complex.py
[2024-03-11T08:08:50.216+0000] {processor.py:830} INFO - Processing file /home/airflow/.local/lib/python3.8/site-packages/airflow/example_dags/example_complex.py for tasks to queue
[2024-03-11T08:08:50.217+0000] {logging_mixin.py:188} INFO - [2024-03-11T08:08:50.217+0000] {dagbag.py:540} INFO - Filling up the DagBag from /home/airflow/.local/lib/python3.8/site-packages/airflow/example_dags/example_complex.py
[2024-03-11T08:08:50.224+0000] {processor.py:840} INFO - DAG(s) 'example_complex' retrieved from /home/airflow/.local/lib/python3.8/site-packages/airflow/example_dags/example_complex.py
[2024-03-11T08:08:50.245+0000] {logging_mixin.py:188} INFO - [2024-03-11T08:08:50.245+0000] {dag.py:3047} INFO - Sync 1 DAGs
[2024-03-11T08:08:50.253+0000] {logging_mixin.py:188} INFO - [2024-03-11T08:08:50.253+0000] {dag.py:3834} INFO - Setting next_dagrun for example_complex to None, run_after=None
[2024-03-11T08:08:50.264+0000] {processor.py:183} INFO - Processing /home/airflow/.local/lib/python3.8/site-packages/airflow/example_dags/example_complex.py took 0.051 seconds
[2024-03-11T08:09:21.050+0000] {processor.py:161} INFO - Started process (PID=325) to work on /home/airflow/.local/lib/python3.8/site-packages/airflow/example_dags/example_complex.py
[2024-03-11T08:09:21.050+0000] {processor.py:830} INFO - Processing file /home/airflow/.local/lib/python3.8/site-packages/airflow/example_dags/example_complex.py for tasks to queue
[2024-03-11T08:09:21.051+0000] {logging_mixin.py:188} INFO - [2024-03-11T08:09:21.051+0000] {dagbag.py:540} INFO - Filling up the DagBag from /home/airflow/.local/lib/python3.8/site-packages/airflow/example_dags/example_complex.py
[2024-03-11T08:09:21.059+0000] {processor.py:840} INFO - DAG(s) 'example_complex' retrieved from /home/airflow/.local/lib/python3.8/site-packages/airflow/example_dags/example_complex.py
[2024-03-11T08:09:21.079+0000] {logging_mixin.py:188} INFO - [2024-03-11T08:09:21.079+0000] {dag.py:3047} INFO - Sync 1 DAGs
[2024-03-11T08:09:21.087+0000] {logging_mixin.py:188} INFO - [2024-03-11T08:09:21.087+0000] {dag.py:3834} INFO - Setting next_dagrun for example_complex to None, run_after=None
[2024-03-11T08:09:21.098+0000] {processor.py:183} INFO - Processing /home/airflow/.local/lib/python3.8/site-packages/airflow/example_dags/example_complex.py took 0.051 seconds
[2024-03-11T08:09:51.892+0000] {processor.py:161} INFO - Started process (PID=380) to work on /home/airflow/.local/lib/python3.8/site-packages/airflow/example_dags/example_complex.py
[2024-03-11T08:09:51.893+0000] {processor.py:830} INFO - Processing file /home/airflow/.local/lib/python3.8/site-packages/airflow/example_dags/example_complex.py for tasks to queue
[2024-03-11T08:09:51.894+0000] {logging_mixin.py:188} INFO - [2024-03-11T08:09:51.894+0000] {dagbag.py:540} INFO - Filling up the DagBag from /home/airflow/.local/lib/python3.8/site-packages/airflow/example_dags/example_complex.py
[2024-03-11T08:09:51.901+0000] {processor.py:840} INFO - DAG(s) 'example_complex' retrieved from /home/airflow/.local/lib/python3.8/site-packages/airflow/example_dags/example_complex.py
[2024-03-11T08:09:51.922+0000] {logging_mixin.py:188} INFO - [2024-03-11T08:09:51.922+0000] {dag.py:3047} INFO - Sync 1 DAGs
[2024-03-11T08:09:51.930+0000] {logging_mixin.py:188} INFO - [2024-03-11T08:09:51.929+0000] {dag.py:3834} INFO - Setting next_dagrun for example_complex to None, run_after=None
[2024-03-11T08:09:51.941+0000] {processor.py:183} INFO - Processing /home/airflow/.local/lib/python3.8/site-packages/airflow/example_dags/example_complex.py took 0.051 seconds
[2024-03-11T08:10:22.709+0000] {processor.py:161} INFO - Started process (PID=435) to work on /home/airflow/.local/lib/python3.8/site-packages/airflow/example_dags/example_complex.py
[2024-03-11T08:10:22.710+0000] {processor.py:830} INFO - Processing file /home/airflow/.local/lib/python3.8/site-packages/airflow/example_dags/example_complex.py for tasks to queue
[2024-03-11T08:10:22.711+0000] {logging_mixin.py:188} INFO - [2024-03-11T08:10:22.711+0000] {dagbag.py:540} INFO - Filling up the DagBag from /home/airflow/.local/lib/python3.8/site-packages/airflow/example_dags/example_complex.py
[2024-03-11T08:10:22.719+0000] {processor.py:840} INFO - DAG(s) 'example_complex' retrieved from /home/airflow/.local/lib/python3.8/site-packages/airflow/example_dags/example_complex.py
[2024-03-11T08:10:22.740+0000] {logging_mixin.py:188} INFO - [2024-03-11T08:10:22.740+0000] {dag.py:3047} INFO - Sync 1 DAGs
[2024-03-11T08:10:22.748+0000] {logging_mixin.py:188} INFO - [2024-03-11T08:10:22.748+0000] {dag.py:3834} INFO - Setting next_dagrun for example_complex to None, run_after=None
[2024-03-11T08:10:22.760+0000] {processor.py:183} INFO - Processing /home/airflow/.local/lib/python3.8/site-packages/airflow/example_dags/example_complex.py took 0.053 seconds
[2024-03-11T08:10:53.551+0000] {processor.py:161} INFO - Started process (PID=490) to work on /home/airflow/.local/lib/python3.8/site-packages/airflow/example_dags/example_complex.py
[2024-03-11T08:10:53.552+0000] {processor.py:830} INFO - Processing file /home/airflow/.local/lib/python3.8/site-packages/airflow/example_dags/example_complex.py for tasks to queue
[2024-03-11T08:10:53.553+0000] {logging_mixin.py:188} INFO - [2024-03-11T08:10:53.553+0000] {dagbag.py:540} INFO - Filling up the DagBag from /home/airflow/.local/lib/python3.8/site-packages/airflow/example_dags/example_complex.py
[2024-03-11T08:10:53.560+0000] {processor.py:840} INFO - DAG(s) 'example_complex' retrieved from /home/airflow/.local/lib/python3.8/site-packages/airflow/example_dags/example_complex.py
[2024-03-11T08:10:53.581+0000] {logging_mixin.py:188} INFO - [2024-03-11T08:10:53.581+0000] {dag.py:3047} INFO - Sync 1 DAGs
[2024-03-11T08:10:53.589+0000] {logging_mixin.py:188} INFO - [2024-03-11T08:10:53.588+0000] {dag.py:3834} INFO - Setting next_dagrun for example_complex to None, run_after=None
[2024-03-11T08:10:53.599+0000] {processor.py:183} INFO - Processing /home/airflow/.local/lib/python3.8/site-packages/airflow/example_dags/example_complex.py took 0.050 seconds
[2024-03-11T08:11:23.724+0000] {processor.py:161} INFO - Started process (PID=545) to work on /home/airflow/.local/lib/python3.8/site-packages/airflow/example_dags/example_complex.py
[2024-03-11T08:11:23.725+0000] {processor.py:830} INFO - Processing file /home/airflow/.local/lib/python3.8/site-packages/airflow/example_dags/example_complex.py for tasks to queue
[2024-03-11T08:11:23.726+0000] {logging_mixin.py:188} INFO - [2024-03-11T08:11:23.726+0000] {dagbag.py:540} INFO - Filling up the DagBag from /home/airflow/.local/lib/python3.8/site-packages/airflow/example_dags/example_complex.py
[2024-03-11T08:11:23.733+0000] {processor.py:840} INFO - DAG(s) 'example_complex' retrieved from /home/airflow/.local/lib/python3.8/site-packages/airflow/example_dags/example_complex.py
[2024-03-11T08:11:23.755+0000] {logging_mixin.py:188} INFO - [2024-03-11T08:11:23.755+0000] {dag.py:3047} INFO - Sync 1 DAGs
[2024-03-11T08:11:23.763+0000] {logging_mixin.py:188} INFO - [2024-03-11T08:11:23.763+0000] {dag.py:3834} INFO - Setting next_dagrun for example_complex to None, run_after=None
[2024-03-11T08:11:23.774+0000] {processor.py:183} INFO - Processing /home/airflow/.local/lib/python3.8/site-packages/airflow/example_dags/example_complex.py took 0.052 seconds
[2024-03-11T08:11:53.864+0000] {processor.py:161} INFO - Started process (PID=600) to work on /home/airflow/.local/lib/python3.8/site-packages/airflow/example_dags/example_complex.py
[2024-03-11T08:11:53.864+0000] {processor.py:830} INFO - Processing file /home/airflow/.local/lib/python3.8/site-packages/airflow/example_dags/example_complex.py for tasks to queue
[2024-03-11T08:11:53.866+0000] {logging_mixin.py:188} INFO - [2024-03-11T08:11:53.865+0000] {dagbag.py:540} INFO - Filling up the DagBag from /home/airflow/.local/lib/python3.8/site-packages/airflow/example_dags/example_complex.py
[2024-03-11T08:11:53.873+0000] {processor.py:840} INFO - DAG(s) 'example_complex' retrieved from /home/airflow/.local/lib/python3.8/site-packages/airflow/example_dags/example_complex.py
[2024-03-11T08:11:53.894+0000] {logging_mixin.py:188} INFO - [2024-03-11T08:11:53.894+0000] {dag.py:3047} INFO - Sync 1 DAGs
[2024-03-11T08:11:53.902+0000] {logging_mixin.py:188} INFO - [2024-03-11T08:11:53.902+0000] {dag.py:3834} INFO - Setting next_dagrun for example_complex to None, run_after=None
[2024-03-11T08:11:53.913+0000] {processor.py:183} INFO - Processing /home/airflow/.local/lib/python3.8/site-packages/airflow/example_dags/example_complex.py took 0.051 seconds
[2024-03-11T08:12:24.050+0000] {processor.py:161} INFO - Started process (PID=655) to work on /home/airflow/.local/lib/python3.8/site-packages/airflow/example_dags/example_complex.py
[2024-03-11T08:12:24.050+0000] {processor.py:830} INFO - Processing file /home/airflow/.local/lib/python3.8/site-packages/airflow/example_dags/example_complex.py for tasks to queue
[2024-03-11T08:12:24.051+0000] {logging_mixin.py:188} INFO - [2024-03-11T08:12:24.051+0000] {dagbag.py:540} INFO - Filling up the DagBag from /home/airflow/.local/lib/python3.8/site-packages/airflow/example_dags/example_complex.py
[2024-03-11T08:12:24.059+0000] {processor.py:840} INFO - DAG(s) 'example_complex' retrieved from /home/airflow/.local/lib/python3.8/site-packages/airflow/example_dags/example_complex.py
[2024-03-11T08:12:24.081+0000] {logging_mixin.py:188} INFO - [2024-03-11T08:12:24.080+0000] {dag.py:3047} INFO - Sync 1 DAGs
[2024-03-11T08:12:24.089+0000] {logging_mixin.py:188} INFO - [2024-03-11T08:12:24.089+0000] {dag.py:3834} INFO - Setting next_dagrun for example_complex to None, run_after=None
[2024-03-11T08:12:24.101+0000] {processor.py:183} INFO - Processing /home/airflow/.local/lib/python3.8/site-packages/airflow/example_dags/example_complex.py took 0.054 seconds
[2024-03-11T08:12:54.242+0000] {processor.py:161} INFO - Started process (PID=710) to work on /home/airflow/.local/lib/python3.8/site-packages/airflow/example_dags/example_complex.py
[2024-03-11T08:12:54.243+0000] {processor.py:830} INFO - Processing file /home/airflow/.local/lib/python3.8/site-packages/airflow/example_dags/example_complex.py for tasks to queue
[2024-03-11T08:12:54.244+0000] {logging_mixin.py:188} INFO - [2024-03-11T08:12:54.243+0000] {dagbag.py:540} INFO - Filling up the DagBag from /home/airflow/.local/lib/python3.8/site-packages/airflow/example_dags/example_complex.py
[2024-03-11T08:12:54.251+0000] {processor.py:840} INFO - DAG(s) 'example_complex' retrieved from /home/airflow/.local/lib/python3.8/site-packages/airflow/example_dags/example_complex.py
[2024-03-11T08:12:54.272+0000] {logging_mixin.py:188} INFO - [2024-03-11T08:12:54.271+0000] {dag.py:3047} INFO - Sync 1 DAGs
[2024-03-11T08:12:54.279+0000] {logging_mixin.py:188} INFO - [2024-03-11T08:12:54.279+0000] {dag.py:3834} INFO - Setting next_dagrun for example_complex to None, run_after=None
[2024-03-11T08:12:54.290+0000] {processor.py:183} INFO - Processing /home/airflow/.local/lib/python3.8/site-packages/airflow/example_dags/example_complex.py took 0.051 seconds
[2024-03-11T08:13:24.487+0000] {processor.py:161} INFO - Started process (PID=774) to work on /home/airflow/.local/lib/python3.8/site-packages/airflow/example_dags/example_complex.py
[2024-03-11T08:13:24.488+0000] {processor.py:830} INFO - Processing file /home/airflow/.local/lib/python3.8/site-packages/airflow/example_dags/example_complex.py for tasks to queue
[2024-03-11T08:13:24.489+0000] {logging_mixin.py:188} INFO - [2024-03-11T08:13:24.489+0000] {dagbag.py:540} INFO - Filling up the DagBag from /home/airflow/.local/lib/python3.8/site-packages/airflow/example_dags/example_complex.py
[2024-03-11T08:13:24.496+0000] {processor.py:840} INFO - DAG(s) 'example_complex' retrieved from /home/airflow/.local/lib/python3.8/site-packages/airflow/example_dags/example_complex.py
[2024-03-11T08:13:24.518+0000] {logging_mixin.py:188} INFO - [2024-03-11T08:13:24.517+0000] {dag.py:3047} INFO - Sync 1 DAGs
[2024-03-11T08:13:24.526+0000] {logging_mixin.py:188} INFO - [2024-03-11T08:13:24.525+0000] {dag.py:3834} INFO - Setting next_dagrun for example_complex to None, run_after=None
[2024-03-11T08:13:24.537+0000] {processor.py:183} INFO - Processing /home/airflow/.local/lib/python3.8/site-packages/airflow/example_dags/example_complex.py took 0.052 seconds
[2024-03-11T08:13:54.704+0000] {processor.py:161} INFO - Started process (PID=829) to work on /home/airflow/.local/lib/python3.8/site-packages/airflow/example_dags/example_complex.py
[2024-03-11T08:13:54.705+0000] {processor.py:830} INFO - Processing file /home/airflow/.local/lib/python3.8/site-packages/airflow/example_dags/example_complex.py for tasks to queue
[2024-03-11T08:13:54.706+0000] {logging_mixin.py:188} INFO - [2024-03-11T08:13:54.706+0000] {dagbag.py:540} INFO - Filling up the DagBag from /home/airflow/.local/lib/python3.8/site-packages/airflow/example_dags/example_complex.py
[2024-03-11T08:13:54.713+0000] {processor.py:840} INFO - DAG(s) 'example_complex' retrieved from /home/airflow/.local/lib/python3.8/site-packages/airflow/example_dags/example_complex.py
[2024-03-11T08:13:54.734+0000] {logging_mixin.py:188} INFO - [2024-03-11T08:13:54.734+0000] {dag.py:3047} INFO - Sync 1 DAGs
[2024-03-11T08:13:54.742+0000] {logging_mixin.py:188} INFO - [2024-03-11T08:13:54.742+0000] {dag.py:3834} INFO - Setting next_dagrun for example_complex to None, run_after=None
[2024-03-11T08:13:54.752+0000] {processor.py:183} INFO - Processing /home/airflow/.local/lib/python3.8/site-packages/airflow/example_dags/example_complex.py took 0.051 seconds
[2024-03-11T08:14:24.849+0000] {processor.py:161} INFO - Started process (PID=884) to work on /home/airflow/.local/lib/python3.8/site-packages/airflow/example_dags/example_complex.py
[2024-03-11T08:14:24.850+0000] {processor.py:830} INFO - Processing file /home/airflow/.local/lib/python3.8/site-packages/airflow/example_dags/example_complex.py for tasks to queue
[2024-03-11T08:14:24.851+0000] {logging_mixin.py:188} INFO - [2024-03-11T08:14:24.851+0000] {dagbag.py:540} INFO - Filling up the DagBag from /home/airflow/.local/lib/python3.8/site-packages/airflow/example_dags/example_complex.py
[2024-03-11T08:14:24.858+0000] {processor.py:840} INFO - DAG(s) 'example_complex' retrieved from /home/airflow/.local/lib/python3.8/site-packages/airflow/example_dags/example_complex.py
[2024-03-11T08:14:24.879+0000] {logging_mixin.py:188} INFO - [2024-03-11T08:14:24.879+0000] {dag.py:3047} INFO - Sync 1 DAGs
[2024-03-11T08:14:24.887+0000] {logging_mixin.py:188} INFO - [2024-03-11T08:14:24.887+0000] {dag.py:3834} INFO - Setting next_dagrun for example_complex to None, run_after=None
[2024-03-11T08:14:24.898+0000] {processor.py:183} INFO - Processing /home/airflow/.local/lib/python3.8/site-packages/airflow/example_dags/example_complex.py took 0.051 seconds
[2024-03-11T08:14:55.147+0000] {processor.py:161} INFO - Started process (PID=939) to work on /home/airflow/.local/lib/python3.8/site-packages/airflow/example_dags/example_complex.py
[2024-03-11T08:14:55.147+0000] {processor.py:830} INFO - Processing file /home/airflow/.local/lib/python3.8/site-packages/airflow/example_dags/example_complex.py for tasks to queue
[2024-03-11T08:14:55.149+0000] {logging_mixin.py:188} INFO - [2024-03-11T08:14:55.148+0000] {dagbag.py:540} INFO - Filling up the DagBag from /home/airflow/.local/lib/python3.8/site-packages/airflow/example_dags/example_complex.py
[2024-03-11T08:14:55.156+0000] {processor.py:840} INFO - DAG(s) 'example_complex' retrieved from /home/airflow/.local/lib/python3.8/site-packages/airflow/example_dags/example_complex.py
[2024-03-11T08:14:55.176+0000] {logging_mixin.py:188} INFO - [2024-03-11T08:14:55.176+0000] {dag.py:3047} INFO - Sync 1 DAGs
[2024-03-11T08:14:55.184+0000] {logging_mixin.py:188} INFO - [2024-03-11T08:14:55.183+0000] {dag.py:3834} INFO - Setting next_dagrun for example_complex to None, run_after=None
[2024-03-11T08:14:55.194+0000] {processor.py:183} INFO - Processing /home/airflow/.local/lib/python3.8/site-packages/airflow/example_dags/example_complex.py took 0.050 seconds
[2024-03-11T08:15:25.311+0000] {processor.py:161} INFO - Started process (PID=994) to work on /home/airflow/.local/lib/python3.8/site-packages/airflow/example_dags/example_complex.py
[2024-03-11T08:15:25.312+0000] {processor.py:830} INFO - Processing file /home/airflow/.local/lib/python3.8/site-packages/airflow/example_dags/example_complex.py for tasks to queue
[2024-03-11T08:15:25.313+0000] {logging_mixin.py:188} INFO - [2024-03-11T08:15:25.313+0000] {dagbag.py:540} INFO - Filling up the DagBag from /home/airflow/.local/lib/python3.8/site-packages/airflow/example_dags/example_complex.py
[2024-03-11T08:15:25.320+0000] {processor.py:840} INFO - DAG(s) 'example_complex' retrieved from /home/airflow/.local/lib/python3.8/site-packages/airflow/example_dags/example_complex.py
[2024-03-11T08:15:25.342+0000] {logging_mixin.py:188} INFO - [2024-03-11T08:15:25.342+0000] {dag.py:3047} INFO - Sync 1 DAGs
[2024-03-11T08:15:25.350+0000] {logging_mixin.py:188} INFO - [2024-03-11T08:15:25.349+0000] {dag.py:3834} INFO - Setting next_dagrun for example_complex to None, run_after=None
[2024-03-11T08:15:25.360+0000] {processor.py:183} INFO - Processing /home/airflow/.local/lib/python3.8/site-packages/airflow/example_dags/example_complex.py took 0.051 seconds
[2024-03-11T08:15:55.487+0000] {processor.py:161} INFO - Started process (PID=1049) to work on /home/airflow/.local/lib/python3.8/site-packages/airflow/example_dags/example_complex.py
[2024-03-11T08:15:55.488+0000] {processor.py:830} INFO - Processing file /home/airflow/.local/lib/python3.8/site-packages/airflow/example_dags/example_complex.py for tasks to queue
[2024-03-11T08:15:55.489+0000] {logging_mixin.py:188} INFO - [2024-03-11T08:15:55.489+0000] {dagbag.py:540} INFO - Filling up the DagBag from /home/airflow/.local/lib/python3.8/site-packages/airflow/example_dags/example_complex.py
[2024-03-11T08:15:55.496+0000] {processor.py:840} INFO - DAG(s) 'example_complex' retrieved from /home/airflow/.local/lib/python3.8/site-packages/airflow/example_dags/example_complex.py
[2024-03-11T08:15:55.517+0000] {logging_mixin.py:188} INFO - [2024-03-11T08:15:55.517+0000] {dag.py:3047} INFO - Sync 1 DAGs
[2024-03-11T08:15:55.525+0000] {logging_mixin.py:188} INFO - [2024-03-11T08:15:55.525+0000] {dag.py:3834} INFO - Setting next_dagrun for example_complex to None, run_after=None
[2024-03-11T08:15:55.537+0000] {processor.py:183} INFO - Processing /home/airflow/.local/lib/python3.8/site-packages/airflow/example_dags/example_complex.py took 0.052 seconds
[2024-03-11T08:16:25.563+0000] {processor.py:161} INFO - Started process (PID=1104) to work on /home/airflow/.local/lib/python3.8/site-packages/airflow/example_dags/example_complex.py
[2024-03-11T08:16:25.564+0000] {processor.py:830} INFO - Processing file /home/airflow/.local/lib/python3.8/site-packages/airflow/example_dags/example_complex.py for tasks to queue
[2024-03-11T08:16:25.565+0000] {logging_mixin.py:188} INFO - [2024-03-11T08:16:25.564+0000] {dagbag.py:540} INFO - Filling up the DagBag from /home/airflow/.local/lib/python3.8/site-packages/airflow/example_dags/example_complex.py
[2024-03-11T08:16:25.572+0000] {processor.py:840} INFO - DAG(s) 'example_complex' retrieved from /home/airflow/.local/lib/python3.8/site-packages/airflow/example_dags/example_complex.py
[2024-03-11T08:16:25.593+0000] {logging_mixin.py:188} INFO - [2024-03-11T08:16:25.593+0000] {dag.py:3047} INFO - Sync 1 DAGs
[2024-03-11T08:16:25.600+0000] {logging_mixin.py:188} INFO - [2024-03-11T08:16:25.600+0000] {dag.py:3834} INFO - Setting next_dagrun for example_complex to None, run_after=None
[2024-03-11T08:16:25.611+0000] {processor.py:183} INFO - Processing /home/airflow/.local/lib/python3.8/site-packages/airflow/example_dags/example_complex.py took 0.051 seconds
[2024-03-11T08:16:55.922+0000] {processor.py:161} INFO - Started process (PID=1159) to work on /home/airflow/.local/lib/python3.8/site-packages/airflow/example_dags/example_complex.py
[2024-03-11T08:16:55.923+0000] {processor.py:830} INFO - Processing file /home/airflow/.local/lib/python3.8/site-packages/airflow/example_dags/example_complex.py for tasks to queue
[2024-03-11T08:16:55.924+0000] {logging_mixin.py:188} INFO - [2024-03-11T08:16:55.924+0000] {dagbag.py:540} INFO - Filling up the DagBag from /home/airflow/.local/lib/python3.8/site-packages/airflow/example_dags/example_complex.py
[2024-03-11T08:16:55.931+0000] {processor.py:840} INFO - DAG(s) 'example_complex' retrieved from /home/airflow/.local/lib/python3.8/site-packages/airflow/example_dags/example_complex.py
[2024-03-11T08:16:55.952+0000] {logging_mixin.py:188} INFO - [2024-03-11T08:16:55.952+0000] {dag.py:3047} INFO - Sync 1 DAGs
[2024-03-11T08:16:55.960+0000] {logging_mixin.py:188} INFO - [2024-03-11T08:16:55.960+0000] {dag.py:3834} INFO - Setting next_dagrun for example_complex to None, run_after=None
[2024-03-11T08:16:55.972+0000] {processor.py:183} INFO - Processing /home/airflow/.local/lib/python3.8/site-packages/airflow/example_dags/example_complex.py took 0.052 seconds
[2024-03-11T08:17:26.040+0000] {processor.py:161} INFO - Started process (PID=1214) to work on /home/airflow/.local/lib/python3.8/site-packages/airflow/example_dags/example_complex.py
[2024-03-11T08:17:26.041+0000] {processor.py:830} INFO - Processing file /home/airflow/.local/lib/python3.8/site-packages/airflow/example_dags/example_complex.py for tasks to queue
[2024-03-11T08:17:26.042+0000] {logging_mixin.py:188} INFO - [2024-03-11T08:17:26.042+0000] {dagbag.py:540} INFO - Filling up the DagBag from /home/airflow/.local/lib/python3.8/site-packages/airflow/example_dags/example_complex.py
[2024-03-11T08:17:26.050+0000] {processor.py:840} INFO - DAG(s) 'example_complex' retrieved from /home/airflow/.local/lib/python3.8/site-packages/airflow/example_dags/example_complex.py
[2024-03-11T08:17:26.070+0000] {logging_mixin.py:188} INFO - [2024-03-11T08:17:26.070+0000] {dag.py:3047} INFO - Sync 1 DAGs
[2024-03-11T08:17:26.078+0000] {logging_mixin.py:188} INFO - [2024-03-11T08:17:26.077+0000] {dag.py:3834} INFO - Setting next_dagrun for example_complex to None, run_after=None
[2024-03-11T08:17:26.089+0000] {processor.py:183} INFO - Processing /home/airflow/.local/lib/python3.8/site-packages/airflow/example_dags/example_complex.py took 0.051 seconds
[2024-03-11T08:17:56.187+0000] {processor.py:161} INFO - Started process (PID=1269) to work on /home/airflow/.local/lib/python3.8/site-packages/airflow/example_dags/example_complex.py
[2024-03-11T08:17:56.188+0000] {processor.py:830} INFO - Processing file /home/airflow/.local/lib/python3.8/site-packages/airflow/example_dags/example_complex.py for tasks to queue
[2024-03-11T08:17:56.189+0000] {logging_mixin.py:188} INFO - [2024-03-11T08:17:56.189+0000] {dagbag.py:540} INFO - Filling up the DagBag from /home/airflow/.local/lib/python3.8/site-packages/airflow/example_dags/example_complex.py
[2024-03-11T08:17:56.196+0000] {processor.py:840} INFO - DAG(s) 'example_complex' retrieved from /home/airflow/.local/lib/python3.8/site-packages/airflow/example_dags/example_complex.py
[2024-03-11T08:17:56.217+0000] {logging_mixin.py:188} INFO - [2024-03-11T08:17:56.217+0000] {dag.py:3047} INFO - Sync 1 DAGs
[2024-03-11T08:17:56.225+0000] {logging_mixin.py:188} INFO - [2024-03-11T08:17:56.225+0000] {dag.py:3834} INFO - Setting next_dagrun for example_complex to None, run_after=None
[2024-03-11T08:17:56.237+0000] {processor.py:183} INFO - Processing /home/airflow/.local/lib/python3.8/site-packages/airflow/example_dags/example_complex.py took 0.052 seconds
[2024-03-11T08:18:26.292+0000] {processor.py:161} INFO - Started process (PID=1325) to work on /home/airflow/.local/lib/python3.8/site-packages/airflow/example_dags/example_complex.py
[2024-03-11T08:18:26.292+0000] {processor.py:830} INFO - Processing file /home/airflow/.local/lib/python3.8/site-packages/airflow/example_dags/example_complex.py for tasks to queue
[2024-03-11T08:18:26.293+0000] {logging_mixin.py:188} INFO - [2024-03-11T08:18:26.293+0000] {dagbag.py:540} INFO - Filling up the DagBag from /home/airflow/.local/lib/python3.8/site-packages/airflow/example_dags/example_complex.py
[2024-03-11T08:18:26.301+0000] {processor.py:840} INFO - DAG(s) 'example_complex' retrieved from /home/airflow/.local/lib/python3.8/site-packages/airflow/example_dags/example_complex.py
[2024-03-11T08:18:26.322+0000] {logging_mixin.py:188} INFO - [2024-03-11T08:18:26.322+0000] {dag.py:3047} INFO - Sync 1 DAGs
[2024-03-11T08:18:26.331+0000] {logging_mixin.py:188} INFO - [2024-03-11T08:18:26.331+0000] {dag.py:3834} INFO - Setting next_dagrun for example_complex to None, run_after=None
[2024-03-11T08:18:26.342+0000] {processor.py:183} INFO - Processing /home/airflow/.local/lib/python3.8/site-packages/airflow/example_dags/example_complex.py took 0.053 seconds
[2024-03-11T08:18:57.083+0000] {processor.py:161} INFO - Started process (PID=1380) to work on /home/airflow/.local/lib/python3.8/site-packages/airflow/example_dags/example_complex.py
[2024-03-11T08:18:57.084+0000] {processor.py:830} INFO - Processing file /home/airflow/.local/lib/python3.8/site-packages/airflow/example_dags/example_complex.py for tasks to queue
[2024-03-11T08:18:57.085+0000] {logging_mixin.py:188} INFO - [2024-03-11T08:18:57.085+0000] {dagbag.py:540} INFO - Filling up the DagBag from /home/airflow/.local/lib/python3.8/site-packages/airflow/example_dags/example_complex.py
[2024-03-11T08:18:57.092+0000] {processor.py:840} INFO - DAG(s) 'example_complex' retrieved from /home/airflow/.local/lib/python3.8/site-packages/airflow/example_dags/example_complex.py
[2024-03-11T08:18:57.113+0000] {logging_mixin.py:188} INFO - [2024-03-11T08:18:57.113+0000] {dag.py:3047} INFO - Sync 1 DAGs
[2024-03-11T08:18:57.120+0000] {logging_mixin.py:188} INFO - [2024-03-11T08:18:57.120+0000] {dag.py:3834} INFO - Setting next_dagrun for example_complex to None, run_after=None
[2024-03-11T08:18:57.131+0000] {processor.py:183} INFO - Processing /home/airflow/.local/lib/python3.8/site-packages/airflow/example_dags/example_complex.py took 0.050 seconds
[2024-03-11T08:19:27.197+0000] {processor.py:161} INFO - Started process (PID=1435) to work on /home/airflow/.local/lib/python3.8/site-packages/airflow/example_dags/example_complex.py
[2024-03-11T08:19:27.197+0000] {processor.py:830} INFO - Processing file /home/airflow/.local/lib/python3.8/site-packages/airflow/example_dags/example_complex.py for tasks to queue
[2024-03-11T08:19:27.198+0000] {logging_mixin.py:188} INFO - [2024-03-11T08:19:27.198+0000] {dagbag.py:540} INFO - Filling up the DagBag from /home/airflow/.local/lib/python3.8/site-packages/airflow/example_dags/example_complex.py
[2024-03-11T08:19:27.206+0000] {processor.py:840} INFO - DAG(s) 'example_complex' retrieved from /home/airflow/.local/lib/python3.8/site-packages/airflow/example_dags/example_complex.py
[2024-03-11T08:19:27.226+0000] {logging_mixin.py:188} INFO - [2024-03-11T08:19:27.226+0000] {dag.py:3047} INFO - Sync 1 DAGs
[2024-03-11T08:19:27.234+0000] {logging_mixin.py:188} INFO - [2024-03-11T08:19:27.233+0000] {dag.py:3834} INFO - Setting next_dagrun for example_complex to None, run_after=None
[2024-03-11T08:19:27.245+0000] {processor.py:183} INFO - Processing /home/airflow/.local/lib/python3.8/site-packages/airflow/example_dags/example_complex.py took 0.051 seconds
[2024-03-11T08:19:57.315+0000] {processor.py:161} INFO - Started process (PID=1490) to work on /home/airflow/.local/lib/python3.8/site-packages/airflow/example_dags/example_complex.py
[2024-03-11T08:19:57.315+0000] {processor.py:830} INFO - Processing file /home/airflow/.local/lib/python3.8/site-packages/airflow/example_dags/example_complex.py for tasks to queue
[2024-03-11T08:19:57.317+0000] {logging_mixin.py:188} INFO - [2024-03-11T08:19:57.316+0000] {dagbag.py:540} INFO - Filling up the DagBag from /home/airflow/.local/lib/python3.8/site-packages/airflow/example_dags/example_complex.py
[2024-03-11T08:19:57.324+0000] {processor.py:840} INFO - DAG(s) 'example_complex' retrieved from /home/airflow/.local/lib/python3.8/site-packages/airflow/example_dags/example_complex.py
[2024-03-11T08:19:57.346+0000] {logging_mixin.py:188} INFO - [2024-03-11T08:19:57.345+0000] {dag.py:3047} INFO - Sync 1 DAGs
[2024-03-11T08:19:57.354+0000] {logging_mixin.py:188} INFO - [2024-03-11T08:19:57.354+0000] {dag.py:3834} INFO - Setting next_dagrun for example_complex to None, run_after=None
[2024-03-11T08:19:57.365+0000] {processor.py:183} INFO - Processing /home/airflow/.local/lib/python3.8/site-packages/airflow/example_dags/example_complex.py took 0.053 seconds
[2024-03-11T08:20:27.522+0000] {processor.py:161} INFO - Started process (PID=1545) to work on /home/airflow/.local/lib/python3.8/site-packages/airflow/example_dags/example_complex.py
[2024-03-11T08:20:27.522+0000] {processor.py:830} INFO - Processing file /home/airflow/.local/lib/python3.8/site-packages/airflow/example_dags/example_complex.py for tasks to queue
[2024-03-11T08:20:27.523+0000] {logging_mixin.py:188} INFO - [2024-03-11T08:20:27.523+0000] {dagbag.py:540} INFO - Filling up the DagBag from /home/airflow/.local/lib/python3.8/site-packages/airflow/example_dags/example_complex.py
[2024-03-11T08:20:27.531+0000] {processor.py:840} INFO - DAG(s) 'example_complex' retrieved from /home/airflow/.local/lib/python3.8/site-packages/airflow/example_dags/example_complex.py
[2024-03-11T08:20:27.551+0000] {logging_mixin.py:188} INFO - [2024-03-11T08:20:27.551+0000] {dag.py:3047} INFO - Sync 1 DAGs
[2024-03-11T08:20:27.559+0000] {logging_mixin.py:188} INFO - [2024-03-11T08:20:27.559+0000] {dag.py:3834} INFO - Setting next_dagrun for example_complex to None, run_after=None
[2024-03-11T08:20:27.570+0000] {processor.py:183} INFO - Processing /home/airflow/.local/lib/python3.8/site-packages/airflow/example_dags/example_complex.py took 0.050 seconds
[2024-03-11T08:20:57.722+0000] {processor.py:161} INFO - Started process (PID=1600) to work on /home/airflow/.local/lib/python3.8/site-packages/airflow/example_dags/example_complex.py
[2024-03-11T08:20:57.723+0000] {processor.py:830} INFO - Processing file /home/airflow/.local/lib/python3.8/site-packages/airflow/example_dags/example_complex.py for tasks to queue
[2024-03-11T08:20:57.724+0000] {logging_mixin.py:188} INFO - [2024-03-11T08:20:57.724+0000] {dagbag.py:540} INFO - Filling up the DagBag from /home/airflow/.local/lib/python3.8/site-packages/airflow/example_dags/example_complex.py
[2024-03-11T08:20:57.731+0000] {processor.py:840} INFO - DAG(s) 'example_complex' retrieved from /home/airflow/.local/lib/python3.8/site-packages/airflow/example_dags/example_complex.py
[2024-03-11T08:20:57.752+0000] {logging_mixin.py:188} INFO - [2024-03-11T08:20:57.752+0000] {dag.py:3047} INFO - Sync 1 DAGs
[2024-03-11T08:20:57.760+0000] {logging_mixin.py:188} INFO - [2024-03-11T08:20:57.760+0000] {dag.py:3834} INFO - Setting next_dagrun for example_complex to None, run_after=None
[2024-03-11T08:20:57.771+0000] {processor.py:183} INFO - Processing /home/airflow/.local/lib/python3.8/site-packages/airflow/example_dags/example_complex.py took 0.052 seconds
[2024-03-11T08:21:27.860+0000] {processor.py:161} INFO - Started process (PID=1655) to work on /home/airflow/.local/lib/python3.8/site-packages/airflow/example_dags/example_complex.py
[2024-03-11T08:21:27.860+0000] {processor.py:830} INFO - Processing file /home/airflow/.local/lib/python3.8/site-packages/airflow/example_dags/example_complex.py for tasks to queue
[2024-03-11T08:21:27.862+0000] {logging_mixin.py:188} INFO - [2024-03-11T08:21:27.861+0000] {dagbag.py:540} INFO - Filling up the DagBag from /home/airflow/.local/lib/python3.8/site-packages/airflow/example_dags/example_complex.py
[2024-03-11T08:21:27.869+0000] {processor.py:840} INFO - DAG(s) 'example_complex' retrieved from /home/airflow/.local/lib/python3.8/site-packages/airflow/example_dags/example_complex.py
[2024-03-11T08:21:27.890+0000] {logging_mixin.py:188} INFO - [2024-03-11T08:21:27.890+0000] {dag.py:3047} INFO - Sync 1 DAGs
[2024-03-11T08:21:27.898+0000] {logging_mixin.py:188} INFO - [2024-03-11T08:21:27.898+0000] {dag.py:3834} INFO - Setting next_dagrun for example_complex to None, run_after=None
[2024-03-11T08:21:27.910+0000] {processor.py:183} INFO - Processing /home/airflow/.local/lib/python3.8/site-packages/airflow/example_dags/example_complex.py took 0.052 seconds
[2024-03-11T08:21:43.293+0000] {processor.py:161} INFO - Started process (PID=49) to work on /home/airflow/.local/lib/python3.8/site-packages/airflow/example_dags/example_complex.py
[2024-03-11T08:21:43.294+0000] {processor.py:830} INFO - Processing file /home/airflow/.local/lib/python3.8/site-packages/airflow/example_dags/example_complex.py for tasks to queue
[2024-03-11T08:21:43.295+0000] {logging_mixin.py:188} INFO - [2024-03-11T08:21:43.295+0000] {dagbag.py:540} INFO - Filling up the DagBag from /home/airflow/.local/lib/python3.8/site-packages/airflow/example_dags/example_complex.py
[2024-03-11T08:21:43.303+0000] {processor.py:840} INFO - DAG(s) 'example_complex' retrieved from /home/airflow/.local/lib/python3.8/site-packages/airflow/example_dags/example_complex.py
[2024-03-11T08:21:43.313+0000] {logging_mixin.py:188} INFO - [2024-03-11T08:21:43.312+0000] {dag.py:3047} INFO - Sync 1 DAGs
[2024-03-11T08:21:43.322+0000] {logging_mixin.py:188} INFO - [2024-03-11T08:21:43.322+0000] {dag.py:3834} INFO - Setting next_dagrun for example_complex to None, run_after=None
[2024-03-11T08:21:43.335+0000] {processor.py:183} INFO - Processing /home/airflow/.local/lib/python3.8/site-packages/airflow/example_dags/example_complex.py took 0.044 seconds
[2024-03-11T08:22:14.354+0000] {processor.py:161} INFO - Started process (PID=104) to work on /home/airflow/.local/lib/python3.8/site-packages/airflow/example_dags/example_complex.py
[2024-03-11T08:22:14.355+0000] {processor.py:830} INFO - Processing file /home/airflow/.local/lib/python3.8/site-packages/airflow/example_dags/example_complex.py for tasks to queue
[2024-03-11T08:22:14.356+0000] {logging_mixin.py:188} INFO - [2024-03-11T08:22:14.355+0000] {dagbag.py:540} INFO - Filling up the DagBag from /home/airflow/.local/lib/python3.8/site-packages/airflow/example_dags/example_complex.py
[2024-03-11T08:22:14.363+0000] {processor.py:840} INFO - DAG(s) 'example_complex' retrieved from /home/airflow/.local/lib/python3.8/site-packages/airflow/example_dags/example_complex.py
[2024-03-11T08:22:14.437+0000] {logging_mixin.py:188} INFO - [2024-03-11T08:22:14.437+0000] {dag.py:3047} INFO - Sync 1 DAGs
[2024-03-11T08:22:14.444+0000] {logging_mixin.py:188} INFO - [2024-03-11T08:22:14.444+0000] {dag.py:3834} INFO - Setting next_dagrun for example_complex to None, run_after=None
[2024-03-11T08:22:14.456+0000] {processor.py:183} INFO - Processing /home/airflow/.local/lib/python3.8/site-packages/airflow/example_dags/example_complex.py took 0.104 seconds
[2024-03-11T08:22:45.297+0000] {processor.py:161} INFO - Started process (PID=159) to work on /home/airflow/.local/lib/python3.8/site-packages/airflow/example_dags/example_complex.py
[2024-03-11T08:22:45.297+0000] {processor.py:830} INFO - Processing file /home/airflow/.local/lib/python3.8/site-packages/airflow/example_dags/example_complex.py for tasks to queue
[2024-03-11T08:22:45.299+0000] {logging_mixin.py:188} INFO - [2024-03-11T08:22:45.298+0000] {dagbag.py:540} INFO - Filling up the DagBag from /home/airflow/.local/lib/python3.8/site-packages/airflow/example_dags/example_complex.py
[2024-03-11T08:22:45.305+0000] {processor.py:840} INFO - DAG(s) 'example_complex' retrieved from /home/airflow/.local/lib/python3.8/site-packages/airflow/example_dags/example_complex.py
[2024-03-11T08:22:45.326+0000] {logging_mixin.py:188} INFO - [2024-03-11T08:22:45.326+0000] {dag.py:3047} INFO - Sync 1 DAGs
[2024-03-11T08:22:45.334+0000] {logging_mixin.py:188} INFO - [2024-03-11T08:22:45.334+0000] {dag.py:3834} INFO - Setting next_dagrun for example_complex to None, run_after=None
[2024-03-11T08:22:45.346+0000] {processor.py:183} INFO - Processing /home/airflow/.local/lib/python3.8/site-packages/airflow/example_dags/example_complex.py took 0.051 seconds
[2024-03-11T08:23:16.237+0000] {processor.py:161} INFO - Started process (PID=214) to work on /home/airflow/.local/lib/python3.8/site-packages/airflow/example_dags/example_complex.py
[2024-03-11T08:23:16.238+0000] {processor.py:830} INFO - Processing file /home/airflow/.local/lib/python3.8/site-packages/airflow/example_dags/example_complex.py for tasks to queue
[2024-03-11T08:23:16.239+0000] {logging_mixin.py:188} INFO - [2024-03-11T08:23:16.239+0000] {dagbag.py:540} INFO - Filling up the DagBag from /home/airflow/.local/lib/python3.8/site-packages/airflow/example_dags/example_complex.py
[2024-03-11T08:23:16.246+0000] {processor.py:840} INFO - DAG(s) 'example_complex' retrieved from /home/airflow/.local/lib/python3.8/site-packages/airflow/example_dags/example_complex.py
[2024-03-11T08:23:16.267+0000] {logging_mixin.py:188} INFO - [2024-03-11T08:23:16.267+0000] {dag.py:3047} INFO - Sync 1 DAGs
[2024-03-11T08:23:16.275+0000] {logging_mixin.py:188} INFO - [2024-03-11T08:23:16.275+0000] {dag.py:3834} INFO - Setting next_dagrun for example_complex to None, run_after=None
[2024-03-11T08:23:16.286+0000] {processor.py:183} INFO - Processing /home/airflow/.local/lib/python3.8/site-packages/airflow/example_dags/example_complex.py took 0.051 seconds
[2024-03-11T08:23:46.999+0000] {processor.py:161} INFO - Started process (PID=269) to work on /home/airflow/.local/lib/python3.8/site-packages/airflow/example_dags/example_complex.py
[2024-03-11T08:23:47.000+0000] {processor.py:830} INFO - Processing file /home/airflow/.local/lib/python3.8/site-packages/airflow/example_dags/example_complex.py for tasks to queue
[2024-03-11T08:23:47.001+0000] {logging_mixin.py:188} INFO - [2024-03-11T08:23:47.001+0000] {dagbag.py:540} INFO - Filling up the DagBag from /home/airflow/.local/lib/python3.8/site-packages/airflow/example_dags/example_complex.py
[2024-03-11T08:23:47.008+0000] {processor.py:840} INFO - DAG(s) 'example_complex' retrieved from /home/airflow/.local/lib/python3.8/site-packages/airflow/example_dags/example_complex.py
[2024-03-11T08:23:47.029+0000] {logging_mixin.py:188} INFO - [2024-03-11T08:23:47.029+0000] {dag.py:3047} INFO - Sync 1 DAGs
[2024-03-11T08:23:47.037+0000] {logging_mixin.py:188} INFO - [2024-03-11T08:23:47.037+0000] {dag.py:3834} INFO - Setting next_dagrun for example_complex to None, run_after=None
[2024-03-11T08:23:47.048+0000] {processor.py:183} INFO - Processing /home/airflow/.local/lib/python3.8/site-packages/airflow/example_dags/example_complex.py took 0.051 seconds
[2024-03-11T08:24:17.943+0000] {processor.py:161} INFO - Started process (PID=324) to work on /home/airflow/.local/lib/python3.8/site-packages/airflow/example_dags/example_complex.py
[2024-03-11T08:24:17.944+0000] {processor.py:830} INFO - Processing file /home/airflow/.local/lib/python3.8/site-packages/airflow/example_dags/example_complex.py for tasks to queue
[2024-03-11T08:24:17.945+0000] {logging_mixin.py:188} INFO - [2024-03-11T08:24:17.945+0000] {dagbag.py:540} INFO - Filling up the DagBag from /home/airflow/.local/lib/python3.8/site-packages/airflow/example_dags/example_complex.py
[2024-03-11T08:24:17.952+0000] {processor.py:840} INFO - DAG(s) 'example_complex' retrieved from /home/airflow/.local/lib/python3.8/site-packages/airflow/example_dags/example_complex.py
[2024-03-11T08:24:17.973+0000] {logging_mixin.py:188} INFO - [2024-03-11T08:24:17.973+0000] {dag.py:3047} INFO - Sync 1 DAGs
[2024-03-11T08:24:17.981+0000] {logging_mixin.py:188} INFO - [2024-03-11T08:24:17.980+0000] {dag.py:3834} INFO - Setting next_dagrun for example_complex to None, run_after=None
[2024-03-11T08:24:17.992+0000] {processor.py:183} INFO - Processing /home/airflow/.local/lib/python3.8/site-packages/airflow/example_dags/example_complex.py took 0.051 seconds
[2024-03-11T08:24:48.763+0000] {processor.py:161} INFO - Started process (PID=388) to work on /home/airflow/.local/lib/python3.8/site-packages/airflow/example_dags/example_complex.py
[2024-03-11T08:24:48.763+0000] {processor.py:830} INFO - Processing file /home/airflow/.local/lib/python3.8/site-packages/airflow/example_dags/example_complex.py for tasks to queue
[2024-03-11T08:24:48.764+0000] {logging_mixin.py:188} INFO - [2024-03-11T08:24:48.764+0000] {dagbag.py:540} INFO - Filling up the DagBag from /home/airflow/.local/lib/python3.8/site-packages/airflow/example_dags/example_complex.py
[2024-03-11T08:24:48.771+0000] {processor.py:840} INFO - DAG(s) 'example_complex' retrieved from /home/airflow/.local/lib/python3.8/site-packages/airflow/example_dags/example_complex.py
[2024-03-11T08:24:48.792+0000] {logging_mixin.py:188} INFO - [2024-03-11T08:24:48.791+0000] {dag.py:3047} INFO - Sync 1 DAGs
[2024-03-11T08:24:48.799+0000] {logging_mixin.py:188} INFO - [2024-03-11T08:24:48.799+0000] {dag.py:3834} INFO - Setting next_dagrun for example_complex to None, run_after=None
[2024-03-11T08:24:48.810+0000] {processor.py:183} INFO - Processing /home/airflow/.local/lib/python3.8/site-packages/airflow/example_dags/example_complex.py took 0.050 seconds
[2024-03-11T08:25:19.573+0000] {processor.py:161} INFO - Started process (PID=445) to work on /home/airflow/.local/lib/python3.8/site-packages/airflow/example_dags/example_complex.py
[2024-03-11T08:25:19.573+0000] {processor.py:830} INFO - Processing file /home/airflow/.local/lib/python3.8/site-packages/airflow/example_dags/example_complex.py for tasks to queue
[2024-03-11T08:25:19.574+0000] {logging_mixin.py:188} INFO - [2024-03-11T08:25:19.574+0000] {dagbag.py:540} INFO - Filling up the DagBag from /home/airflow/.local/lib/python3.8/site-packages/airflow/example_dags/example_complex.py
[2024-03-11T08:25:19.582+0000] {processor.py:840} INFO - DAG(s) 'example_complex' retrieved from /home/airflow/.local/lib/python3.8/site-packages/airflow/example_dags/example_complex.py
[2024-03-11T08:25:19.602+0000] {logging_mixin.py:188} INFO - [2024-03-11T08:25:19.602+0000] {dag.py:3047} INFO - Sync 1 DAGs
[2024-03-11T08:25:19.610+0000] {logging_mixin.py:188} INFO - [2024-03-11T08:25:19.610+0000] {dag.py:3834} INFO - Setting next_dagrun for example_complex to None, run_after=None
[2024-03-11T08:25:19.621+0000] {processor.py:183} INFO - Processing /home/airflow/.local/lib/python3.8/site-packages/airflow/example_dags/example_complex.py took 0.051 seconds
[2024-03-11T08:25:50.392+0000] {processor.py:161} INFO - Started process (PID=501) to work on /home/airflow/.local/lib/python3.8/site-packages/airflow/example_dags/example_complex.py
[2024-03-11T08:25:50.392+0000] {processor.py:830} INFO - Processing file /home/airflow/.local/lib/python3.8/site-packages/airflow/example_dags/example_complex.py for tasks to queue
[2024-03-11T08:25:50.393+0000] {logging_mixin.py:188} INFO - [2024-03-11T08:25:50.393+0000] {dagbag.py:540} INFO - Filling up the DagBag from /home/airflow/.local/lib/python3.8/site-packages/airflow/example_dags/example_complex.py
[2024-03-11T08:25:50.401+0000] {processor.py:840} INFO - DAG(s) 'example_complex' retrieved from /home/airflow/.local/lib/python3.8/site-packages/airflow/example_dags/example_complex.py
[2024-03-11T08:25:50.422+0000] {logging_mixin.py:188} INFO - [2024-03-11T08:25:50.421+0000] {dag.py:3047} INFO - Sync 1 DAGs
[2024-03-11T08:25:50.430+0000] {logging_mixin.py:188} INFO - [2024-03-11T08:25:50.429+0000] {dag.py:3834} INFO - Setting next_dagrun for example_complex to None, run_after=None
[2024-03-11T08:25:50.441+0000] {processor.py:183} INFO - Processing /home/airflow/.local/lib/python3.8/site-packages/airflow/example_dags/example_complex.py took 0.051 seconds
[2024-03-11T08:26:21.209+0000] {processor.py:161} INFO - Started process (PID=557) to work on /home/airflow/.local/lib/python3.8/site-packages/airflow/example_dags/example_complex.py
[2024-03-11T08:26:21.209+0000] {processor.py:830} INFO - Processing file /home/airflow/.local/lib/python3.8/site-packages/airflow/example_dags/example_complex.py for tasks to queue
[2024-03-11T08:26:21.211+0000] {logging_mixin.py:188} INFO - [2024-03-11T08:26:21.210+0000] {dagbag.py:540} INFO - Filling up the DagBag from /home/airflow/.local/lib/python3.8/site-packages/airflow/example_dags/example_complex.py
[2024-03-11T08:26:21.218+0000] {processor.py:840} INFO - DAG(s) 'example_complex' retrieved from /home/airflow/.local/lib/python3.8/site-packages/airflow/example_dags/example_complex.py
[2024-03-11T08:26:21.238+0000] {logging_mixin.py:188} INFO - [2024-03-11T08:26:21.238+0000] {dag.py:3047} INFO - Sync 1 DAGs
[2024-03-11T08:26:21.246+0000] {logging_mixin.py:188} INFO - [2024-03-11T08:26:21.246+0000] {dag.py:3834} INFO - Setting next_dagrun for example_complex to None, run_after=None
[2024-03-11T08:26:21.258+0000] {processor.py:183} INFO - Processing /home/airflow/.local/lib/python3.8/site-packages/airflow/example_dags/example_complex.py took 0.051 seconds
[2024-03-11T08:26:52.066+0000] {processor.py:161} INFO - Started process (PID=615) to work on /home/airflow/.local/lib/python3.8/site-packages/airflow/example_dags/example_complex.py
[2024-03-11T08:26:52.066+0000] {processor.py:830} INFO - Processing file /home/airflow/.local/lib/python3.8/site-packages/airflow/example_dags/example_complex.py for tasks to queue
[2024-03-11T08:26:52.067+0000] {logging_mixin.py:188} INFO - [2024-03-11T08:26:52.067+0000] {dagbag.py:540} INFO - Filling up the DagBag from /home/airflow/.local/lib/python3.8/site-packages/airflow/example_dags/example_complex.py
[2024-03-11T08:26:52.074+0000] {processor.py:840} INFO - DAG(s) 'example_complex' retrieved from /home/airflow/.local/lib/python3.8/site-packages/airflow/example_dags/example_complex.py
[2024-03-11T08:26:52.095+0000] {logging_mixin.py:188} INFO - [2024-03-11T08:26:52.094+0000] {dag.py:3047} INFO - Sync 1 DAGs
[2024-03-11T08:26:52.102+0000] {logging_mixin.py:188} INFO - [2024-03-11T08:26:52.102+0000] {dag.py:3834} INFO - Setting next_dagrun for example_complex to None, run_after=None
[2024-03-11T08:26:52.113+0000] {processor.py:183} INFO - Processing /home/airflow/.local/lib/python3.8/site-packages/airflow/example_dags/example_complex.py took 0.050 seconds
[2024-03-11T08:27:22.867+0000] {processor.py:161} INFO - Started process (PID=670) to work on /home/airflow/.local/lib/python3.8/site-packages/airflow/example_dags/example_complex.py
[2024-03-11T08:27:22.868+0000] {processor.py:830} INFO - Processing file /home/airflow/.local/lib/python3.8/site-packages/airflow/example_dags/example_complex.py for tasks to queue
[2024-03-11T08:27:22.869+0000] {logging_mixin.py:188} INFO - [2024-03-11T08:27:22.869+0000] {dagbag.py:540} INFO - Filling up the DagBag from /home/airflow/.local/lib/python3.8/site-packages/airflow/example_dags/example_complex.py
[2024-03-11T08:27:22.876+0000] {processor.py:840} INFO - DAG(s) 'example_complex' retrieved from /home/airflow/.local/lib/python3.8/site-packages/airflow/example_dags/example_complex.py
[2024-03-11T08:27:22.897+0000] {logging_mixin.py:188} INFO - [2024-03-11T08:27:22.897+0000] {dag.py:3047} INFO - Sync 1 DAGs
[2024-03-11T08:27:22.906+0000] {logging_mixin.py:188} INFO - [2024-03-11T08:27:22.905+0000] {dag.py:3834} INFO - Setting next_dagrun for example_complex to None, run_after=None
[2024-03-11T08:27:22.917+0000] {processor.py:183} INFO - Processing /home/airflow/.local/lib/python3.8/site-packages/airflow/example_dags/example_complex.py took 0.052 seconds
[2024-03-11T08:27:53.701+0000] {processor.py:161} INFO - Started process (PID=725) to work on /home/airflow/.local/lib/python3.8/site-packages/airflow/example_dags/example_complex.py
[2024-03-11T08:27:53.702+0000] {processor.py:830} INFO - Processing file /home/airflow/.local/lib/python3.8/site-packages/airflow/example_dags/example_complex.py for tasks to queue
[2024-03-11T08:27:53.703+0000] {logging_mixin.py:188} INFO - [2024-03-11T08:27:53.703+0000] {dagbag.py:540} INFO - Filling up the DagBag from /home/airflow/.local/lib/python3.8/site-packages/airflow/example_dags/example_complex.py
[2024-03-11T08:27:53.711+0000] {processor.py:840} INFO - DAG(s) 'example_complex' retrieved from /home/airflow/.local/lib/python3.8/site-packages/airflow/example_dags/example_complex.py
[2024-03-11T08:27:53.732+0000] {logging_mixin.py:188} INFO - [2024-03-11T08:27:53.732+0000] {dag.py:3047} INFO - Sync 1 DAGs
[2024-03-11T08:27:53.741+0000] {logging_mixin.py:188} INFO - [2024-03-11T08:27:53.740+0000] {dag.py:3834} INFO - Setting next_dagrun for example_complex to None, run_after=None
[2024-03-11T08:27:53.754+0000] {processor.py:183} INFO - Processing /home/airflow/.local/lib/python3.8/site-packages/airflow/example_dags/example_complex.py took 0.055 seconds
[2024-03-11T08:28:24.564+0000] {processor.py:161} INFO - Started process (PID=788) to work on /home/airflow/.local/lib/python3.8/site-packages/airflow/example_dags/example_complex.py
[2024-03-11T08:28:24.565+0000] {processor.py:830} INFO - Processing file /home/airflow/.local/lib/python3.8/site-packages/airflow/example_dags/example_complex.py for tasks to queue
[2024-03-11T08:28:24.566+0000] {logging_mixin.py:188} INFO - [2024-03-11T08:28:24.566+0000] {dagbag.py:540} INFO - Filling up the DagBag from /home/airflow/.local/lib/python3.8/site-packages/airflow/example_dags/example_complex.py
[2024-03-11T08:28:24.573+0000] {processor.py:840} INFO - DAG(s) 'example_complex' retrieved from /home/airflow/.local/lib/python3.8/site-packages/airflow/example_dags/example_complex.py
[2024-03-11T08:28:24.595+0000] {logging_mixin.py:188} INFO - [2024-03-11T08:28:24.595+0000] {dag.py:3047} INFO - Sync 1 DAGs
[2024-03-11T08:28:24.603+0000] {logging_mixin.py:188} INFO - [2024-03-11T08:28:24.603+0000] {dag.py:3834} INFO - Setting next_dagrun for example_complex to None, run_after=None
[2024-03-11T08:28:24.614+0000] {processor.py:183} INFO - Processing /home/airflow/.local/lib/python3.8/site-packages/airflow/example_dags/example_complex.py took 0.052 seconds
[2024-03-11T08:28:54.711+0000] {processor.py:161} INFO - Started process (PID=843) to work on /home/airflow/.local/lib/python3.8/site-packages/airflow/example_dags/example_complex.py
[2024-03-11T08:28:54.712+0000] {processor.py:830} INFO - Processing file /home/airflow/.local/lib/python3.8/site-packages/airflow/example_dags/example_complex.py for tasks to queue
[2024-03-11T08:28:54.713+0000] {logging_mixin.py:188} INFO - [2024-03-11T08:28:54.713+0000] {dagbag.py:540} INFO - Filling up the DagBag from /home/airflow/.local/lib/python3.8/site-packages/airflow/example_dags/example_complex.py
[2024-03-11T08:28:54.720+0000] {processor.py:840} INFO - DAG(s) 'example_complex' retrieved from /home/airflow/.local/lib/python3.8/site-packages/airflow/example_dags/example_complex.py
[2024-03-11T08:28:54.741+0000] {logging_mixin.py:188} INFO - [2024-03-11T08:28:54.741+0000] {dag.py:3047} INFO - Sync 1 DAGs
[2024-03-11T08:28:54.748+0000] {logging_mixin.py:188} INFO - [2024-03-11T08:28:54.748+0000] {dag.py:3834} INFO - Setting next_dagrun for example_complex to None, run_after=None
[2024-03-11T08:28:54.759+0000] {processor.py:183} INFO - Processing /home/airflow/.local/lib/python3.8/site-packages/airflow/example_dags/example_complex.py took 0.050 seconds
[2024-03-11T08:29:15.417+0000] {processor.py:161} INFO - Started process (PID=49) to work on /home/airflow/.local/lib/python3.8/site-packages/airflow/example_dags/example_complex.py
[2024-03-11T08:29:15.417+0000] {processor.py:830} INFO - Processing file /home/airflow/.local/lib/python3.8/site-packages/airflow/example_dags/example_complex.py for tasks to queue
[2024-03-11T08:29:15.419+0000] {logging_mixin.py:188} INFO - [2024-03-11T08:29:15.419+0000] {dagbag.py:540} INFO - Filling up the DagBag from /home/airflow/.local/lib/python3.8/site-packages/airflow/example_dags/example_complex.py
[2024-03-11T08:29:15.427+0000] {processor.py:840} INFO - DAG(s) 'example_complex' retrieved from /home/airflow/.local/lib/python3.8/site-packages/airflow/example_dags/example_complex.py
[2024-03-11T08:29:15.438+0000] {logging_mixin.py:188} INFO - [2024-03-11T08:29:15.438+0000] {dag.py:3047} INFO - Sync 1 DAGs
[2024-03-11T08:29:15.449+0000] {logging_mixin.py:188} INFO - [2024-03-11T08:29:15.449+0000] {dag.py:3834} INFO - Setting next_dagrun for example_complex to None, run_after=None
[2024-03-11T08:29:15.462+0000] {processor.py:183} INFO - Processing /home/airflow/.local/lib/python3.8/site-packages/airflow/example_dags/example_complex.py took 0.048 seconds
[2024-03-11T08:29:46.458+0000] {processor.py:161} INFO - Started process (PID=104) to work on /home/airflow/.local/lib/python3.8/site-packages/airflow/example_dags/example_complex.py
[2024-03-11T08:29:46.459+0000] {processor.py:830} INFO - Processing file /home/airflow/.local/lib/python3.8/site-packages/airflow/example_dags/example_complex.py for tasks to queue
[2024-03-11T08:29:46.460+0000] {logging_mixin.py:188} INFO - [2024-03-11T08:29:46.459+0000] {dagbag.py:540} INFO - Filling up the DagBag from /home/airflow/.local/lib/python3.8/site-packages/airflow/example_dags/example_complex.py
[2024-03-11T08:29:46.467+0000] {processor.py:840} INFO - DAG(s) 'example_complex' retrieved from /home/airflow/.local/lib/python3.8/site-packages/airflow/example_dags/example_complex.py
[2024-03-11T08:29:46.542+0000] {logging_mixin.py:188} INFO - [2024-03-11T08:29:46.542+0000] {dag.py:3047} INFO - Sync 1 DAGs
[2024-03-11T08:29:46.549+0000] {logging_mixin.py:188} INFO - [2024-03-11T08:29:46.549+0000] {dag.py:3834} INFO - Setting next_dagrun for example_complex to None, run_after=None
[2024-03-11T08:29:46.562+0000] {processor.py:183} INFO - Processing /home/airflow/.local/lib/python3.8/site-packages/airflow/example_dags/example_complex.py took 0.106 seconds
[2024-03-11T08:30:17.493+0000] {processor.py:161} INFO - Started process (PID=169) to work on /home/airflow/.local/lib/python3.8/site-packages/airflow/example_dags/example_complex.py
[2024-03-11T08:30:17.493+0000] {processor.py:830} INFO - Processing file /home/airflow/.local/lib/python3.8/site-packages/airflow/example_dags/example_complex.py for tasks to queue
[2024-03-11T08:30:17.495+0000] {logging_mixin.py:188} INFO - [2024-03-11T08:30:17.494+0000] {dagbag.py:540} INFO - Filling up the DagBag from /home/airflow/.local/lib/python3.8/site-packages/airflow/example_dags/example_complex.py
[2024-03-11T08:30:17.502+0000] {processor.py:840} INFO - DAG(s) 'example_complex' retrieved from /home/airflow/.local/lib/python3.8/site-packages/airflow/example_dags/example_complex.py
[2024-03-11T08:30:17.523+0000] {logging_mixin.py:188} INFO - [2024-03-11T08:30:17.523+0000] {dag.py:3047} INFO - Sync 1 DAGs
[2024-03-11T08:30:17.531+0000] {logging_mixin.py:188} INFO - [2024-03-11T08:30:17.531+0000] {dag.py:3834} INFO - Setting next_dagrun for example_complex to None, run_after=None
[2024-03-11T08:30:17.542+0000] {processor.py:183} INFO - Processing /home/airflow/.local/lib/python3.8/site-packages/airflow/example_dags/example_complex.py took 0.052 seconds
[2024-03-11T08:30:48.411+0000] {processor.py:161} INFO - Started process (PID=224) to work on /home/airflow/.local/lib/python3.8/site-packages/airflow/example_dags/example_complex.py
[2024-03-11T08:30:48.412+0000] {processor.py:830} INFO - Processing file /home/airflow/.local/lib/python3.8/site-packages/airflow/example_dags/example_complex.py for tasks to queue
[2024-03-11T08:30:48.413+0000] {logging_mixin.py:188} INFO - [2024-03-11T08:30:48.413+0000] {dagbag.py:540} INFO - Filling up the DagBag from /home/airflow/.local/lib/python3.8/site-packages/airflow/example_dags/example_complex.py
[2024-03-11T08:30:48.420+0000] {processor.py:840} INFO - DAG(s) 'example_complex' retrieved from /home/airflow/.local/lib/python3.8/site-packages/airflow/example_dags/example_complex.py
[2024-03-11T08:30:48.441+0000] {logging_mixin.py:188} INFO - [2024-03-11T08:30:48.441+0000] {dag.py:3047} INFO - Sync 1 DAGs
[2024-03-11T08:30:48.449+0000] {logging_mixin.py:188} INFO - [2024-03-11T08:30:48.448+0000] {dag.py:3834} INFO - Setting next_dagrun for example_complex to None, run_after=None
[2024-03-11T08:30:48.461+0000] {processor.py:183} INFO - Processing /home/airflow/.local/lib/python3.8/site-packages/airflow/example_dags/example_complex.py took 0.051 seconds
[2024-03-11T08:31:19.163+0000] {processor.py:161} INFO - Started process (PID=279) to work on /home/airflow/.local/lib/python3.8/site-packages/airflow/example_dags/example_complex.py
[2024-03-11T08:31:19.163+0000] {processor.py:830} INFO - Processing file /home/airflow/.local/lib/python3.8/site-packages/airflow/example_dags/example_complex.py for tasks to queue
[2024-03-11T08:31:19.164+0000] {logging_mixin.py:188} INFO - [2024-03-11T08:31:19.164+0000] {dagbag.py:540} INFO - Filling up the DagBag from /home/airflow/.local/lib/python3.8/site-packages/airflow/example_dags/example_complex.py
[2024-03-11T08:31:19.171+0000] {processor.py:840} INFO - DAG(s) 'example_complex' retrieved from /home/airflow/.local/lib/python3.8/site-packages/airflow/example_dags/example_complex.py
[2024-03-11T08:31:19.193+0000] {logging_mixin.py:188} INFO - [2024-03-11T08:31:19.192+0000] {dag.py:3047} INFO - Sync 1 DAGs
[2024-03-11T08:31:19.201+0000] {logging_mixin.py:188} INFO - [2024-03-11T08:31:19.200+0000] {dag.py:3834} INFO - Setting next_dagrun for example_complex to None, run_after=None
[2024-03-11T08:31:19.211+0000] {processor.py:183} INFO - Processing /home/airflow/.local/lib/python3.8/site-packages/airflow/example_dags/example_complex.py took 0.051 seconds
[2024-03-11T08:31:49.955+0000] {processor.py:161} INFO - Started process (PID=334) to work on /home/airflow/.local/lib/python3.8/site-packages/airflow/example_dags/example_complex.py
[2024-03-11T08:31:49.956+0000] {processor.py:830} INFO - Processing file /home/airflow/.local/lib/python3.8/site-packages/airflow/example_dags/example_complex.py for tasks to queue
[2024-03-11T08:31:49.957+0000] {logging_mixin.py:188} INFO - [2024-03-11T08:31:49.957+0000] {dagbag.py:540} INFO - Filling up the DagBag from /home/airflow/.local/lib/python3.8/site-packages/airflow/example_dags/example_complex.py
[2024-03-11T08:31:49.964+0000] {processor.py:840} INFO - DAG(s) 'example_complex' retrieved from /home/airflow/.local/lib/python3.8/site-packages/airflow/example_dags/example_complex.py
[2024-03-11T08:31:49.985+0000] {logging_mixin.py:188} INFO - [2024-03-11T08:31:49.985+0000] {dag.py:3047} INFO - Sync 1 DAGs
[2024-03-11T08:31:49.993+0000] {logging_mixin.py:188} INFO - [2024-03-11T08:31:49.993+0000] {dag.py:3834} INFO - Setting next_dagrun for example_complex to None, run_after=None
[2024-03-11T08:31:50.004+0000] {processor.py:183} INFO - Processing /home/airflow/.local/lib/python3.8/site-packages/airflow/example_dags/example_complex.py took 0.051 seconds
[2024-03-11T08:32:20.743+0000] {processor.py:161} INFO - Started process (PID=389) to work on /home/airflow/.local/lib/python3.8/site-packages/airflow/example_dags/example_complex.py
[2024-03-11T08:32:20.743+0000] {processor.py:830} INFO - Processing file /home/airflow/.local/lib/python3.8/site-packages/airflow/example_dags/example_complex.py for tasks to queue
[2024-03-11T08:32:20.744+0000] {logging_mixin.py:188} INFO - [2024-03-11T08:32:20.744+0000] {dagbag.py:540} INFO - Filling up the DagBag from /home/airflow/.local/lib/python3.8/site-packages/airflow/example_dags/example_complex.py
[2024-03-11T08:32:20.751+0000] {processor.py:840} INFO - DAG(s) 'example_complex' retrieved from /home/airflow/.local/lib/python3.8/site-packages/airflow/example_dags/example_complex.py
[2024-03-11T08:32:20.773+0000] {logging_mixin.py:188} INFO - [2024-03-11T08:32:20.772+0000] {dag.py:3047} INFO - Sync 1 DAGs
[2024-03-11T08:32:20.781+0000] {logging_mixin.py:188} INFO - [2024-03-11T08:32:20.780+0000] {dag.py:3834} INFO - Setting next_dagrun for example_complex to None, run_after=None
[2024-03-11T08:32:20.792+0000] {processor.py:183} INFO - Processing /home/airflow/.local/lib/python3.8/site-packages/airflow/example_dags/example_complex.py took 0.051 seconds
[2024-03-11T08:32:51.522+0000] {processor.py:161} INFO - Started process (PID=444) to work on /home/airflow/.local/lib/python3.8/site-packages/airflow/example_dags/example_complex.py
[2024-03-11T08:32:51.523+0000] {processor.py:830} INFO - Processing file /home/airflow/.local/lib/python3.8/site-packages/airflow/example_dags/example_complex.py for tasks to queue
[2024-03-11T08:32:51.524+0000] {logging_mixin.py:188} INFO - [2024-03-11T08:32:51.523+0000] {dagbag.py:540} INFO - Filling up the DagBag from /home/airflow/.local/lib/python3.8/site-packages/airflow/example_dags/example_complex.py
[2024-03-11T08:32:51.531+0000] {processor.py:840} INFO - DAG(s) 'example_complex' retrieved from /home/airflow/.local/lib/python3.8/site-packages/airflow/example_dags/example_complex.py
[2024-03-11T08:32:51.551+0000] {logging_mixin.py:188} INFO - [2024-03-11T08:32:51.550+0000] {dag.py:3047} INFO - Sync 1 DAGs
[2024-03-11T08:32:51.559+0000] {logging_mixin.py:188} INFO - [2024-03-11T08:32:51.559+0000] {dag.py:3834} INFO - Setting next_dagrun for example_complex to None, run_after=None
[2024-03-11T08:32:51.570+0000] {processor.py:183} INFO - Processing /home/airflow/.local/lib/python3.8/site-packages/airflow/example_dags/example_complex.py took 0.050 seconds
[2024-03-11T08:33:22.451+0000] {processor.py:161} INFO - Started process (PID=499) to work on /home/airflow/.local/lib/python3.8/site-packages/airflow/example_dags/example_complex.py
[2024-03-11T08:33:22.452+0000] {processor.py:830} INFO - Processing file /home/airflow/.local/lib/python3.8/site-packages/airflow/example_dags/example_complex.py for tasks to queue
[2024-03-11T08:33:22.453+0000] {logging_mixin.py:188} INFO - [2024-03-11T08:33:22.453+0000] {dagbag.py:540} INFO - Filling up the DagBag from /home/airflow/.local/lib/python3.8/site-packages/airflow/example_dags/example_complex.py
[2024-03-11T08:33:22.460+0000] {processor.py:840} INFO - DAG(s) 'example_complex' retrieved from /home/airflow/.local/lib/python3.8/site-packages/airflow/example_dags/example_complex.py
[2024-03-11T08:33:22.481+0000] {logging_mixin.py:188} INFO - [2024-03-11T08:33:22.481+0000] {dag.py:3047} INFO - Sync 1 DAGs
[2024-03-11T08:33:22.489+0000] {logging_mixin.py:188} INFO - [2024-03-11T08:33:22.489+0000] {dag.py:3834} INFO - Setting next_dagrun for example_complex to None, run_after=None
[2024-03-11T08:33:22.500+0000] {processor.py:183} INFO - Processing /home/airflow/.local/lib/python3.8/site-packages/airflow/example_dags/example_complex.py took 0.052 seconds
[2024-03-11T08:33:53.254+0000] {processor.py:161} INFO - Started process (PID=554) to work on /home/airflow/.local/lib/python3.8/site-packages/airflow/example_dags/example_complex.py
[2024-03-11T08:33:53.254+0000] {processor.py:830} INFO - Processing file /home/airflow/.local/lib/python3.8/site-packages/airflow/example_dags/example_complex.py for tasks to queue
[2024-03-11T08:33:53.256+0000] {logging_mixin.py:188} INFO - [2024-03-11T08:33:53.255+0000] {dagbag.py:540} INFO - Filling up the DagBag from /home/airflow/.local/lib/python3.8/site-packages/airflow/example_dags/example_complex.py
[2024-03-11T08:33:53.263+0000] {processor.py:840} INFO - DAG(s) 'example_complex' retrieved from /home/airflow/.local/lib/python3.8/site-packages/airflow/example_dags/example_complex.py
[2024-03-11T08:33:53.284+0000] {logging_mixin.py:188} INFO - [2024-03-11T08:33:53.284+0000] {dag.py:3047} INFO - Sync 1 DAGs
[2024-03-11T08:33:53.291+0000] {logging_mixin.py:188} INFO - [2024-03-11T08:33:53.291+0000] {dag.py:3834} INFO - Setting next_dagrun for example_complex to None, run_after=None
[2024-03-11T08:33:53.302+0000] {processor.py:183} INFO - Processing /home/airflow/.local/lib/python3.8/site-packages/airflow/example_dags/example_complex.py took 0.051 seconds
[2024-03-11T08:34:24.114+0000] {processor.py:161} INFO - Started process (PID=609) to work on /home/airflow/.local/lib/python3.8/site-packages/airflow/example_dags/example_complex.py
[2024-03-11T08:34:24.114+0000] {processor.py:830} INFO - Processing file /home/airflow/.local/lib/python3.8/site-packages/airflow/example_dags/example_complex.py for tasks to queue
[2024-03-11T08:34:24.115+0000] {logging_mixin.py:188} INFO - [2024-03-11T08:34:24.115+0000] {dagbag.py:540} INFO - Filling up the DagBag from /home/airflow/.local/lib/python3.8/site-packages/airflow/example_dags/example_complex.py
[2024-03-11T08:34:24.122+0000] {processor.py:840} INFO - DAG(s) 'example_complex' retrieved from /home/airflow/.local/lib/python3.8/site-packages/airflow/example_dags/example_complex.py
[2024-03-11T08:34:24.148+0000] {logging_mixin.py:188} INFO - [2024-03-11T08:34:24.148+0000] {dag.py:3047} INFO - Sync 1 DAGs
[2024-03-11T08:34:24.156+0000] {logging_mixin.py:188} INFO - [2024-03-11T08:34:24.156+0000] {dag.py:3834} INFO - Setting next_dagrun for example_complex to None, run_after=None
[2024-03-11T08:34:24.167+0000] {processor.py:183} INFO - Processing /home/airflow/.local/lib/python3.8/site-packages/airflow/example_dags/example_complex.py took 0.055 seconds
[2024-03-11T08:34:54.223+0000] {processor.py:161} INFO - Started process (PID=664) to work on /home/airflow/.local/lib/python3.8/site-packages/airflow/example_dags/example_complex.py
[2024-03-11T08:34:54.224+0000] {processor.py:830} INFO - Processing file /home/airflow/.local/lib/python3.8/site-packages/airflow/example_dags/example_complex.py for tasks to queue
[2024-03-11T08:34:54.225+0000] {logging_mixin.py:188} INFO - [2024-03-11T08:34:54.225+0000] {dagbag.py:540} INFO - Filling up the DagBag from /home/airflow/.local/lib/python3.8/site-packages/airflow/example_dags/example_complex.py
[2024-03-11T08:34:54.233+0000] {processor.py:840} INFO - DAG(s) 'example_complex' retrieved from /home/airflow/.local/lib/python3.8/site-packages/airflow/example_dags/example_complex.py
[2024-03-11T08:34:54.255+0000] {logging_mixin.py:188} INFO - [2024-03-11T08:34:54.255+0000] {dag.py:3047} INFO - Sync 1 DAGs
[2024-03-11T08:34:54.264+0000] {logging_mixin.py:188} INFO - [2024-03-11T08:34:54.264+0000] {dag.py:3834} INFO - Setting next_dagrun for example_complex to None, run_after=None
[2024-03-11T08:34:54.277+0000] {processor.py:183} INFO - Processing /home/airflow/.local/lib/python3.8/site-packages/airflow/example_dags/example_complex.py took 0.056 seconds
[2024-03-11T08:35:24.332+0000] {processor.py:161} INFO - Started process (PID=719) to work on /home/airflow/.local/lib/python3.8/site-packages/airflow/example_dags/example_complex.py
[2024-03-11T08:35:24.334+0000] {processor.py:830} INFO - Processing file /home/airflow/.local/lib/python3.8/site-packages/airflow/example_dags/example_complex.py for tasks to queue
[2024-03-11T08:35:24.335+0000] {logging_mixin.py:188} INFO - [2024-03-11T08:35:24.335+0000] {dagbag.py:540} INFO - Filling up the DagBag from /home/airflow/.local/lib/python3.8/site-packages/airflow/example_dags/example_complex.py
[2024-03-11T08:35:24.342+0000] {processor.py:840} INFO - DAG(s) 'example_complex' retrieved from /home/airflow/.local/lib/python3.8/site-packages/airflow/example_dags/example_complex.py
[2024-03-11T08:35:24.363+0000] {logging_mixin.py:188} INFO - [2024-03-11T08:35:24.363+0000] {dag.py:3047} INFO - Sync 1 DAGs
[2024-03-11T08:35:24.370+0000] {logging_mixin.py:188} INFO - [2024-03-11T08:35:24.370+0000] {dag.py:3834} INFO - Setting next_dagrun for example_complex to None, run_after=None
[2024-03-11T08:35:24.382+0000] {processor.py:183} INFO - Processing /home/airflow/.local/lib/python3.8/site-packages/airflow/example_dags/example_complex.py took 0.052 seconds
[2024-03-11T08:35:54.427+0000] {processor.py:161} INFO - Started process (PID=774) to work on /home/airflow/.local/lib/python3.8/site-packages/airflow/example_dags/example_complex.py
[2024-03-11T08:35:54.428+0000] {processor.py:830} INFO - Processing file /home/airflow/.local/lib/python3.8/site-packages/airflow/example_dags/example_complex.py for tasks to queue
[2024-03-11T08:35:54.429+0000] {logging_mixin.py:188} INFO - [2024-03-11T08:35:54.429+0000] {dagbag.py:540} INFO - Filling up the DagBag from /home/airflow/.local/lib/python3.8/site-packages/airflow/example_dags/example_complex.py
[2024-03-11T08:35:54.436+0000] {processor.py:840} INFO - DAG(s) 'example_complex' retrieved from /home/airflow/.local/lib/python3.8/site-packages/airflow/example_dags/example_complex.py
[2024-03-11T08:35:54.457+0000] {logging_mixin.py:188} INFO - [2024-03-11T08:35:54.457+0000] {dag.py:3047} INFO - Sync 1 DAGs
[2024-03-11T08:35:54.465+0000] {logging_mixin.py:188} INFO - [2024-03-11T08:35:54.465+0000] {dag.py:3834} INFO - Setting next_dagrun for example_complex to None, run_after=None
[2024-03-11T08:35:54.477+0000] {processor.py:183} INFO - Processing /home/airflow/.local/lib/python3.8/site-packages/airflow/example_dags/example_complex.py took 0.052 seconds
[2024-03-11T08:36:24.507+0000] {processor.py:161} INFO - Started process (PID=829) to work on /home/airflow/.local/lib/python3.8/site-packages/airflow/example_dags/example_complex.py
[2024-03-11T08:36:24.508+0000] {processor.py:830} INFO - Processing file /home/airflow/.local/lib/python3.8/site-packages/airflow/example_dags/example_complex.py for tasks to queue
[2024-03-11T08:36:24.509+0000] {logging_mixin.py:188} INFO - [2024-03-11T08:36:24.509+0000] {dagbag.py:540} INFO - Filling up the DagBag from /home/airflow/.local/lib/python3.8/site-packages/airflow/example_dags/example_complex.py
[2024-03-11T08:36:24.516+0000] {processor.py:840} INFO - DAG(s) 'example_complex' retrieved from /home/airflow/.local/lib/python3.8/site-packages/airflow/example_dags/example_complex.py
[2024-03-11T08:36:24.537+0000] {logging_mixin.py:188} INFO - [2024-03-11T08:36:24.537+0000] {dag.py:3047} INFO - Sync 1 DAGs
[2024-03-11T08:36:24.545+0000] {logging_mixin.py:188} INFO - [2024-03-11T08:36:24.545+0000] {dag.py:3834} INFO - Setting next_dagrun for example_complex to None, run_after=None
[2024-03-11T08:36:24.556+0000] {processor.py:183} INFO - Processing /home/airflow/.local/lib/python3.8/site-packages/airflow/example_dags/example_complex.py took 0.051 seconds
[2024-03-11T08:36:54.667+0000] {processor.py:161} INFO - Started process (PID=884) to work on /home/airflow/.local/lib/python3.8/site-packages/airflow/example_dags/example_complex.py
[2024-03-11T08:36:54.667+0000] {processor.py:830} INFO - Processing file /home/airflow/.local/lib/python3.8/site-packages/airflow/example_dags/example_complex.py for tasks to queue
[2024-03-11T08:36:54.668+0000] {logging_mixin.py:188} INFO - [2024-03-11T08:36:54.668+0000] {dagbag.py:540} INFO - Filling up the DagBag from /home/airflow/.local/lib/python3.8/site-packages/airflow/example_dags/example_complex.py
[2024-03-11T08:36:54.676+0000] {processor.py:840} INFO - DAG(s) 'example_complex' retrieved from /home/airflow/.local/lib/python3.8/site-packages/airflow/example_dags/example_complex.py
[2024-03-11T08:36:54.697+0000] {logging_mixin.py:188} INFO - [2024-03-11T08:36:54.697+0000] {dag.py:3047} INFO - Sync 1 DAGs
[2024-03-11T08:36:54.705+0000] {logging_mixin.py:188} INFO - [2024-03-11T08:36:54.705+0000] {dag.py:3834} INFO - Setting next_dagrun for example_complex to None, run_after=None
[2024-03-11T08:36:54.716+0000] {processor.py:183} INFO - Processing /home/airflow/.local/lib/python3.8/site-packages/airflow/example_dags/example_complex.py took 0.051 seconds
[2024-03-11T08:37:24.801+0000] {processor.py:161} INFO - Started process (PID=939) to work on /home/airflow/.local/lib/python3.8/site-packages/airflow/example_dags/example_complex.py
[2024-03-11T08:37:24.802+0000] {processor.py:830} INFO - Processing file /home/airflow/.local/lib/python3.8/site-packages/airflow/example_dags/example_complex.py for tasks to queue
[2024-03-11T08:37:24.803+0000] {logging_mixin.py:188} INFO - [2024-03-11T08:37:24.803+0000] {dagbag.py:540} INFO - Filling up the DagBag from /home/airflow/.local/lib/python3.8/site-packages/airflow/example_dags/example_complex.py
[2024-03-11T08:37:24.810+0000] {processor.py:840} INFO - DAG(s) 'example_complex' retrieved from /home/airflow/.local/lib/python3.8/site-packages/airflow/example_dags/example_complex.py
[2024-03-11T08:37:24.830+0000] {logging_mixin.py:188} INFO - [2024-03-11T08:37:24.830+0000] {dag.py:3047} INFO - Sync 1 DAGs
[2024-03-11T08:37:24.838+0000] {logging_mixin.py:188} INFO - [2024-03-11T08:37:24.838+0000] {dag.py:3834} INFO - Setting next_dagrun for example_complex to None, run_after=None
[2024-03-11T08:37:24.849+0000] {processor.py:183} INFO - Processing /home/airflow/.local/lib/python3.8/site-packages/airflow/example_dags/example_complex.py took 0.050 seconds
[2024-03-11T08:37:55.107+0000] {processor.py:161} INFO - Started process (PID=994) to work on /home/airflow/.local/lib/python3.8/site-packages/airflow/example_dags/example_complex.py
[2024-03-11T08:37:55.108+0000] {processor.py:830} INFO - Processing file /home/airflow/.local/lib/python3.8/site-packages/airflow/example_dags/example_complex.py for tasks to queue
[2024-03-11T08:37:55.109+0000] {logging_mixin.py:188} INFO - [2024-03-11T08:37:55.109+0000] {dagbag.py:540} INFO - Filling up the DagBag from /home/airflow/.local/lib/python3.8/site-packages/airflow/example_dags/example_complex.py
[2024-03-11T08:37:55.116+0000] {processor.py:840} INFO - DAG(s) 'example_complex' retrieved from /home/airflow/.local/lib/python3.8/site-packages/airflow/example_dags/example_complex.py
[2024-03-11T08:37:55.138+0000] {logging_mixin.py:188} INFO - [2024-03-11T08:37:55.137+0000] {dag.py:3047} INFO - Sync 1 DAGs
[2024-03-11T08:37:55.145+0000] {logging_mixin.py:188} INFO - [2024-03-11T08:37:55.145+0000] {dag.py:3834} INFO - Setting next_dagrun for example_complex to None, run_after=None
[2024-03-11T08:37:55.156+0000] {processor.py:183} INFO - Processing /home/airflow/.local/lib/python3.8/site-packages/airflow/example_dags/example_complex.py took 0.051 seconds
[2024-03-11T08:38:25.270+0000] {processor.py:161} INFO - Started process (PID=1049) to work on /home/airflow/.local/lib/python3.8/site-packages/airflow/example_dags/example_complex.py
[2024-03-11T08:38:25.271+0000] {processor.py:830} INFO - Processing file /home/airflow/.local/lib/python3.8/site-packages/airflow/example_dags/example_complex.py for tasks to queue
[2024-03-11T08:38:25.272+0000] {logging_mixin.py:188} INFO - [2024-03-11T08:38:25.272+0000] {dagbag.py:540} INFO - Filling up the DagBag from /home/airflow/.local/lib/python3.8/site-packages/airflow/example_dags/example_complex.py
[2024-03-11T08:38:25.279+0000] {processor.py:840} INFO - DAG(s) 'example_complex' retrieved from /home/airflow/.local/lib/python3.8/site-packages/airflow/example_dags/example_complex.py
[2024-03-11T08:38:25.300+0000] {logging_mixin.py:188} INFO - [2024-03-11T08:38:25.300+0000] {dag.py:3047} INFO - Sync 1 DAGs
[2024-03-11T08:38:25.308+0000] {logging_mixin.py:188} INFO - [2024-03-11T08:38:25.308+0000] {dag.py:3834} INFO - Setting next_dagrun for example_complex to None, run_after=None
[2024-03-11T08:38:25.319+0000] {processor.py:183} INFO - Processing /home/airflow/.local/lib/python3.8/site-packages/airflow/example_dags/example_complex.py took 0.051 seconds
[2024-03-11T08:38:55.385+0000] {processor.py:161} INFO - Started process (PID=1104) to work on /home/airflow/.local/lib/python3.8/site-packages/airflow/example_dags/example_complex.py
[2024-03-11T08:38:55.385+0000] {processor.py:830} INFO - Processing file /home/airflow/.local/lib/python3.8/site-packages/airflow/example_dags/example_complex.py for tasks to queue
[2024-03-11T08:38:55.386+0000] {logging_mixin.py:188} INFO - [2024-03-11T08:38:55.386+0000] {dagbag.py:540} INFO - Filling up the DagBag from /home/airflow/.local/lib/python3.8/site-packages/airflow/example_dags/example_complex.py
[2024-03-11T08:38:55.393+0000] {processor.py:840} INFO - DAG(s) 'example_complex' retrieved from /home/airflow/.local/lib/python3.8/site-packages/airflow/example_dags/example_complex.py
[2024-03-11T08:38:55.415+0000] {logging_mixin.py:188} INFO - [2024-03-11T08:38:55.414+0000] {dag.py:3047} INFO - Sync 1 DAGs
[2024-03-11T08:38:55.422+0000] {logging_mixin.py:188} INFO - [2024-03-11T08:38:55.422+0000] {dag.py:3834} INFO - Setting next_dagrun for example_complex to None, run_after=None
[2024-03-11T08:38:55.433+0000] {processor.py:183} INFO - Processing /home/airflow/.local/lib/python3.8/site-packages/airflow/example_dags/example_complex.py took 0.051 seconds
[2024-03-11T08:39:25.553+0000] {processor.py:161} INFO - Started process (PID=1159) to work on /home/airflow/.local/lib/python3.8/site-packages/airflow/example_dags/example_complex.py
[2024-03-11T08:39:25.554+0000] {processor.py:830} INFO - Processing file /home/airflow/.local/lib/python3.8/site-packages/airflow/example_dags/example_complex.py for tasks to queue
[2024-03-11T08:39:25.555+0000] {logging_mixin.py:188} INFO - [2024-03-11T08:39:25.555+0000] {dagbag.py:540} INFO - Filling up the DagBag from /home/airflow/.local/lib/python3.8/site-packages/airflow/example_dags/example_complex.py
[2024-03-11T08:39:25.562+0000] {processor.py:840} INFO - DAG(s) 'example_complex' retrieved from /home/airflow/.local/lib/python3.8/site-packages/airflow/example_dags/example_complex.py
[2024-03-11T08:39:25.583+0000] {logging_mixin.py:188} INFO - [2024-03-11T08:39:25.583+0000] {dag.py:3047} INFO - Sync 1 DAGs
[2024-03-11T08:39:25.591+0000] {logging_mixin.py:188} INFO - [2024-03-11T08:39:25.591+0000] {dag.py:3834} INFO - Setting next_dagrun for example_complex to None, run_after=None
[2024-03-11T08:39:25.602+0000] {processor.py:183} INFO - Processing /home/airflow/.local/lib/python3.8/site-packages/airflow/example_dags/example_complex.py took 0.051 seconds
[2024-03-11T08:39:55.719+0000] {processor.py:161} INFO - Started process (PID=1214) to work on /home/airflow/.local/lib/python3.8/site-packages/airflow/example_dags/example_complex.py
[2024-03-11T08:39:55.720+0000] {processor.py:830} INFO - Processing file /home/airflow/.local/lib/python3.8/site-packages/airflow/example_dags/example_complex.py for tasks to queue
[2024-03-11T08:39:55.721+0000] {logging_mixin.py:188} INFO - [2024-03-11T08:39:55.720+0000] {dagbag.py:540} INFO - Filling up the DagBag from /home/airflow/.local/lib/python3.8/site-packages/airflow/example_dags/example_complex.py
[2024-03-11T08:39:55.728+0000] {processor.py:840} INFO - DAG(s) 'example_complex' retrieved from /home/airflow/.local/lib/python3.8/site-packages/airflow/example_dags/example_complex.py
[2024-03-11T08:39:55.749+0000] {logging_mixin.py:188} INFO - [2024-03-11T08:39:55.749+0000] {dag.py:3047} INFO - Sync 1 DAGs
[2024-03-11T08:39:55.756+0000] {logging_mixin.py:188} INFO - [2024-03-11T08:39:55.756+0000] {dag.py:3834} INFO - Setting next_dagrun for example_complex to None, run_after=None
[2024-03-11T08:39:55.768+0000] {processor.py:183} INFO - Processing /home/airflow/.local/lib/python3.8/site-packages/airflow/example_dags/example_complex.py took 0.052 seconds
[2024-03-11T08:40:25.828+0000] {processor.py:161} INFO - Started process (PID=1269) to work on /home/airflow/.local/lib/python3.8/site-packages/airflow/example_dags/example_complex.py
[2024-03-11T08:40:25.829+0000] {processor.py:830} INFO - Processing file /home/airflow/.local/lib/python3.8/site-packages/airflow/example_dags/example_complex.py for tasks to queue
[2024-03-11T08:40:25.830+0000] {logging_mixin.py:188} INFO - [2024-03-11T08:40:25.830+0000] {dagbag.py:540} INFO - Filling up the DagBag from /home/airflow/.local/lib/python3.8/site-packages/airflow/example_dags/example_complex.py
[2024-03-11T08:40:25.837+0000] {processor.py:840} INFO - DAG(s) 'example_complex' retrieved from /home/airflow/.local/lib/python3.8/site-packages/airflow/example_dags/example_complex.py
[2024-03-11T08:40:25.858+0000] {logging_mixin.py:188} INFO - [2024-03-11T08:40:25.858+0000] {dag.py:3047} INFO - Sync 1 DAGs
[2024-03-11T08:40:25.866+0000] {logging_mixin.py:188} INFO - [2024-03-11T08:40:25.866+0000] {dag.py:3834} INFO - Setting next_dagrun for example_complex to None, run_after=None
[2024-03-11T08:40:25.877+0000] {processor.py:183} INFO - Processing /home/airflow/.local/lib/python3.8/site-packages/airflow/example_dags/example_complex.py took 0.051 seconds
[2024-03-11T08:40:55.977+0000] {processor.py:161} INFO - Started process (PID=1324) to work on /home/airflow/.local/lib/python3.8/site-packages/airflow/example_dags/example_complex.py
[2024-03-11T08:40:55.977+0000] {processor.py:830} INFO - Processing file /home/airflow/.local/lib/python3.8/site-packages/airflow/example_dags/example_complex.py for tasks to queue
[2024-03-11T08:40:55.979+0000] {logging_mixin.py:188} INFO - [2024-03-11T08:40:55.978+0000] {dagbag.py:540} INFO - Filling up the DagBag from /home/airflow/.local/lib/python3.8/site-packages/airflow/example_dags/example_complex.py
[2024-03-11T08:40:55.986+0000] {processor.py:840} INFO - DAG(s) 'example_complex' retrieved from /home/airflow/.local/lib/python3.8/site-packages/airflow/example_dags/example_complex.py
[2024-03-11T08:40:56.007+0000] {logging_mixin.py:188} INFO - [2024-03-11T08:40:56.007+0000] {dag.py:3047} INFO - Sync 1 DAGs
[2024-03-11T08:40:56.015+0000] {logging_mixin.py:188} INFO - [2024-03-11T08:40:56.015+0000] {dag.py:3834} INFO - Setting next_dagrun for example_complex to None, run_after=None
[2024-03-11T08:40:56.026+0000] {processor.py:183} INFO - Processing /home/airflow/.local/lib/python3.8/site-packages/airflow/example_dags/example_complex.py took 0.052 seconds
[2024-03-11T08:41:26.115+0000] {processor.py:161} INFO - Started process (PID=1386) to work on /home/airflow/.local/lib/python3.8/site-packages/airflow/example_dags/example_complex.py
[2024-03-11T08:41:26.115+0000] {processor.py:830} INFO - Processing file /home/airflow/.local/lib/python3.8/site-packages/airflow/example_dags/example_complex.py for tasks to queue
[2024-03-11T08:41:26.117+0000] {logging_mixin.py:188} INFO - [2024-03-11T08:41:26.116+0000] {dagbag.py:540} INFO - Filling up the DagBag from /home/airflow/.local/lib/python3.8/site-packages/airflow/example_dags/example_complex.py
[2024-03-11T08:41:26.124+0000] {processor.py:840} INFO - DAG(s) 'example_complex' retrieved from /home/airflow/.local/lib/python3.8/site-packages/airflow/example_dags/example_complex.py
[2024-03-11T08:41:26.145+0000] {logging_mixin.py:188} INFO - [2024-03-11T08:41:26.145+0000] {dag.py:3047} INFO - Sync 1 DAGs
[2024-03-11T08:41:26.153+0000] {logging_mixin.py:188} INFO - [2024-03-11T08:41:26.153+0000] {dag.py:3834} INFO - Setting next_dagrun for example_complex to None, run_after=None
[2024-03-11T08:41:26.164+0000] {processor.py:183} INFO - Processing /home/airflow/.local/lib/python3.8/site-packages/airflow/example_dags/example_complex.py took 0.052 seconds
[2024-03-11T08:41:56.206+0000] {processor.py:161} INFO - Started process (PID=1441) to work on /home/airflow/.local/lib/python3.8/site-packages/airflow/example_dags/example_complex.py
[2024-03-11T08:41:56.206+0000] {processor.py:830} INFO - Processing file /home/airflow/.local/lib/python3.8/site-packages/airflow/example_dags/example_complex.py for tasks to queue
[2024-03-11T08:41:56.207+0000] {logging_mixin.py:188} INFO - [2024-03-11T08:41:56.207+0000] {dagbag.py:540} INFO - Filling up the DagBag from /home/airflow/.local/lib/python3.8/site-packages/airflow/example_dags/example_complex.py
[2024-03-11T08:41:56.214+0000] {processor.py:840} INFO - DAG(s) 'example_complex' retrieved from /home/airflow/.local/lib/python3.8/site-packages/airflow/example_dags/example_complex.py
[2024-03-11T08:41:56.236+0000] {logging_mixin.py:188} INFO - [2024-03-11T08:41:56.236+0000] {dag.py:3047} INFO - Sync 1 DAGs
[2024-03-11T08:41:56.244+0000] {logging_mixin.py:188} INFO - [2024-03-11T08:41:56.244+0000] {dag.py:3834} INFO - Setting next_dagrun for example_complex to None, run_after=None
[2024-03-11T08:41:56.255+0000] {processor.py:183} INFO - Processing /home/airflow/.local/lib/python3.8/site-packages/airflow/example_dags/example_complex.py took 0.052 seconds
[2024-03-11T08:42:26.313+0000] {processor.py:161} INFO - Started process (PID=1496) to work on /home/airflow/.local/lib/python3.8/site-packages/airflow/example_dags/example_complex.py
[2024-03-11T08:42:26.314+0000] {processor.py:830} INFO - Processing file /home/airflow/.local/lib/python3.8/site-packages/airflow/example_dags/example_complex.py for tasks to queue
[2024-03-11T08:42:26.315+0000] {logging_mixin.py:188} INFO - [2024-03-11T08:42:26.315+0000] {dagbag.py:540} INFO - Filling up the DagBag from /home/airflow/.local/lib/python3.8/site-packages/airflow/example_dags/example_complex.py
[2024-03-11T08:42:26.322+0000] {processor.py:840} INFO - DAG(s) 'example_complex' retrieved from /home/airflow/.local/lib/python3.8/site-packages/airflow/example_dags/example_complex.py
[2024-03-11T08:42:26.344+0000] {logging_mixin.py:188} INFO - [2024-03-11T08:42:26.344+0000] {dag.py:3047} INFO - Sync 1 DAGs
[2024-03-11T08:42:26.352+0000] {logging_mixin.py:188} INFO - [2024-03-11T08:42:26.351+0000] {dag.py:3834} INFO - Setting next_dagrun for example_complex to None, run_after=None
[2024-03-11T08:42:26.363+0000] {processor.py:183} INFO - Processing /home/airflow/.local/lib/python3.8/site-packages/airflow/example_dags/example_complex.py took 0.052 seconds
[2024-03-11T08:42:56.401+0000] {processor.py:161} INFO - Started process (PID=1551) to work on /home/airflow/.local/lib/python3.8/site-packages/airflow/example_dags/example_complex.py
[2024-03-11T08:42:56.402+0000] {processor.py:830} INFO - Processing file /home/airflow/.local/lib/python3.8/site-packages/airflow/example_dags/example_complex.py for tasks to queue
[2024-03-11T08:42:56.403+0000] {logging_mixin.py:188} INFO - [2024-03-11T08:42:56.403+0000] {dagbag.py:540} INFO - Filling up the DagBag from /home/airflow/.local/lib/python3.8/site-packages/airflow/example_dags/example_complex.py
[2024-03-11T08:42:56.410+0000] {processor.py:840} INFO - DAG(s) 'example_complex' retrieved from /home/airflow/.local/lib/python3.8/site-packages/airflow/example_dags/example_complex.py
[2024-03-11T08:42:56.431+0000] {logging_mixin.py:188} INFO - [2024-03-11T08:42:56.431+0000] {dag.py:3047} INFO - Sync 1 DAGs
[2024-03-11T08:42:56.439+0000] {logging_mixin.py:188} INFO - [2024-03-11T08:42:56.439+0000] {dag.py:3834} INFO - Setting next_dagrun for example_complex to None, run_after=None
[2024-03-11T08:42:56.450+0000] {processor.py:183} INFO - Processing /home/airflow/.local/lib/python3.8/site-packages/airflow/example_dags/example_complex.py took 0.051 seconds
[2024-03-11T08:43:26.500+0000] {processor.py:161} INFO - Started process (PID=1606) to work on /home/airflow/.local/lib/python3.8/site-packages/airflow/example_dags/example_complex.py
[2024-03-11T08:43:26.501+0000] {processor.py:830} INFO - Processing file /home/airflow/.local/lib/python3.8/site-packages/airflow/example_dags/example_complex.py for tasks to queue
[2024-03-11T08:43:26.502+0000] {logging_mixin.py:188} INFO - [2024-03-11T08:43:26.502+0000] {dagbag.py:540} INFO - Filling up the DagBag from /home/airflow/.local/lib/python3.8/site-packages/airflow/example_dags/example_complex.py
[2024-03-11T08:43:26.509+0000] {processor.py:840} INFO - DAG(s) 'example_complex' retrieved from /home/airflow/.local/lib/python3.8/site-packages/airflow/example_dags/example_complex.py
[2024-03-11T08:43:26.531+0000] {logging_mixin.py:188} INFO - [2024-03-11T08:43:26.531+0000] {dag.py:3047} INFO - Sync 1 DAGs
[2024-03-11T08:43:26.539+0000] {logging_mixin.py:188} INFO - [2024-03-11T08:43:26.539+0000] {dag.py:3834} INFO - Setting next_dagrun for example_complex to None, run_after=None
[2024-03-11T08:43:26.550+0000] {processor.py:183} INFO - Processing /home/airflow/.local/lib/python3.8/site-packages/airflow/example_dags/example_complex.py took 0.052 seconds
[2024-03-11T08:43:56.589+0000] {processor.py:161} INFO - Started process (PID=1661) to work on /home/airflow/.local/lib/python3.8/site-packages/airflow/example_dags/example_complex.py
[2024-03-11T08:43:56.589+0000] {processor.py:830} INFO - Processing file /home/airflow/.local/lib/python3.8/site-packages/airflow/example_dags/example_complex.py for tasks to queue
[2024-03-11T08:43:56.591+0000] {logging_mixin.py:188} INFO - [2024-03-11T08:43:56.590+0000] {dagbag.py:540} INFO - Filling up the DagBag from /home/airflow/.local/lib/python3.8/site-packages/airflow/example_dags/example_complex.py
[2024-03-11T08:43:56.598+0000] {processor.py:840} INFO - DAG(s) 'example_complex' retrieved from /home/airflow/.local/lib/python3.8/site-packages/airflow/example_dags/example_complex.py
[2024-03-11T08:43:56.620+0000] {logging_mixin.py:188} INFO - [2024-03-11T08:43:56.619+0000] {dag.py:3047} INFO - Sync 1 DAGs
[2024-03-11T08:43:56.627+0000] {logging_mixin.py:188} INFO - [2024-03-11T08:43:56.627+0000] {dag.py:3834} INFO - Setting next_dagrun for example_complex to None, run_after=None
[2024-03-11T08:43:56.638+0000] {processor.py:183} INFO - Processing /home/airflow/.local/lib/python3.8/site-packages/airflow/example_dags/example_complex.py took 0.052 seconds
[2024-03-11T08:44:26.674+0000] {processor.py:161} INFO - Started process (PID=1716) to work on /home/airflow/.local/lib/python3.8/site-packages/airflow/example_dags/example_complex.py
[2024-03-11T08:44:26.675+0000] {processor.py:830} INFO - Processing file /home/airflow/.local/lib/python3.8/site-packages/airflow/example_dags/example_complex.py for tasks to queue
[2024-03-11T08:44:26.676+0000] {logging_mixin.py:188} INFO - [2024-03-11T08:44:26.676+0000] {dagbag.py:540} INFO - Filling up the DagBag from /home/airflow/.local/lib/python3.8/site-packages/airflow/example_dags/example_complex.py
[2024-03-11T08:44:26.683+0000] {processor.py:840} INFO - DAG(s) 'example_complex' retrieved from /home/airflow/.local/lib/python3.8/site-packages/airflow/example_dags/example_complex.py
[2024-03-11T08:44:26.705+0000] {logging_mixin.py:188} INFO - [2024-03-11T08:44:26.705+0000] {dag.py:3047} INFO - Sync 1 DAGs
[2024-03-11T08:44:26.713+0000] {logging_mixin.py:188} INFO - [2024-03-11T08:44:26.713+0000] {dag.py:3834} INFO - Setting next_dagrun for example_complex to None, run_after=None
[2024-03-11T08:44:26.724+0000] {processor.py:183} INFO - Processing /home/airflow/.local/lib/python3.8/site-packages/airflow/example_dags/example_complex.py took 0.052 seconds
[2024-03-11T08:44:57.593+0000] {processor.py:161} INFO - Started process (PID=1771) to work on /home/airflow/.local/lib/python3.8/site-packages/airflow/example_dags/example_complex.py
[2024-03-11T08:44:57.594+0000] {processor.py:830} INFO - Processing file /home/airflow/.local/lib/python3.8/site-packages/airflow/example_dags/example_complex.py for tasks to queue
[2024-03-11T08:44:57.595+0000] {logging_mixin.py:188} INFO - [2024-03-11T08:44:57.595+0000] {dagbag.py:540} INFO - Filling up the DagBag from /home/airflow/.local/lib/python3.8/site-packages/airflow/example_dags/example_complex.py
[2024-03-11T08:44:57.603+0000] {processor.py:840} INFO - DAG(s) 'example_complex' retrieved from /home/airflow/.local/lib/python3.8/site-packages/airflow/example_dags/example_complex.py
[2024-03-11T08:44:57.625+0000] {logging_mixin.py:188} INFO - [2024-03-11T08:44:57.625+0000] {dag.py:3047} INFO - Sync 1 DAGs
[2024-03-11T08:44:57.634+0000] {logging_mixin.py:188} INFO - [2024-03-11T08:44:57.634+0000] {dag.py:3834} INFO - Setting next_dagrun for example_complex to None, run_after=None
[2024-03-11T08:44:57.647+0000] {processor.py:183} INFO - Processing /home/airflow/.local/lib/python3.8/site-packages/airflow/example_dags/example_complex.py took 0.055 seconds
[2024-03-11T08:45:27.675+0000] {processor.py:161} INFO - Started process (PID=1826) to work on /home/airflow/.local/lib/python3.8/site-packages/airflow/example_dags/example_complex.py
[2024-03-11T08:45:27.676+0000] {processor.py:830} INFO - Processing file /home/airflow/.local/lib/python3.8/site-packages/airflow/example_dags/example_complex.py for tasks to queue
[2024-03-11T08:45:27.677+0000] {logging_mixin.py:188} INFO - [2024-03-11T08:45:27.676+0000] {dagbag.py:540} INFO - Filling up the DagBag from /home/airflow/.local/lib/python3.8/site-packages/airflow/example_dags/example_complex.py
[2024-03-11T08:45:27.684+0000] {processor.py:840} INFO - DAG(s) 'example_complex' retrieved from /home/airflow/.local/lib/python3.8/site-packages/airflow/example_dags/example_complex.py
[2024-03-11T08:45:27.705+0000] {logging_mixin.py:188} INFO - [2024-03-11T08:45:27.705+0000] {dag.py:3047} INFO - Sync 1 DAGs
[2024-03-11T08:45:27.714+0000] {logging_mixin.py:188} INFO - [2024-03-11T08:45:27.714+0000] {dag.py:3834} INFO - Setting next_dagrun for example_complex to None, run_after=None
[2024-03-11T08:45:27.725+0000] {processor.py:183} INFO - Processing /home/airflow/.local/lib/python3.8/site-packages/airflow/example_dags/example_complex.py took 0.053 seconds
