[2024-03-11T08:06:47.410+0000] {processor.py:161} INFO - Started process (PID=51) to work on /home/airflow/.local/lib/python3.8/site-packages/airflow/example_dags/example_sensors.py
[2024-03-11T08:06:47.411+0000] {processor.py:830} INFO - Processing file /home/airflow/.local/lib/python3.8/site-packages/airflow/example_dags/example_sensors.py for tasks to queue
[2024-03-11T08:06:47.412+0000] {logging_mixin.py:188} INFO - [2024-03-11T08:06:47.412+0000] {dagbag.py:540} INFO - Filling up the DagBag from /home/airflow/.local/lib/python3.8/site-packages/airflow/example_dags/example_sensors.py
[2024-03-11T08:06:47.419+0000] {processor.py:840} INFO - DAG(s) 'example_sensors' retrieved from /home/airflow/.local/lib/python3.8/site-packages/airflow/example_dags/example_sensors.py
[2024-03-11T08:06:47.429+0000] {logging_mixin.py:188} INFO - [2024-03-11T08:06:47.429+0000] {dag.py:3047} INFO - Sync 1 DAGs
[2024-03-11T08:06:47.439+0000] {logging_mixin.py:188} INFO - [2024-03-11T08:06:47.439+0000] {dag.py:3834} INFO - Setting next_dagrun for example_sensors to None, run_after=None
[2024-03-11T08:06:47.453+0000] {processor.py:183} INFO - Processing /home/airflow/.local/lib/python3.8/site-packages/airflow/example_dags/example_sensors.py took 0.046 seconds
[2024-03-11T08:07:18.408+0000] {processor.py:161} INFO - Started process (PID=106) to work on /home/airflow/.local/lib/python3.8/site-packages/airflow/example_dags/example_sensors.py
[2024-03-11T08:07:18.409+0000] {processor.py:830} INFO - Processing file /home/airflow/.local/lib/python3.8/site-packages/airflow/example_dags/example_sensors.py for tasks to queue
[2024-03-11T08:07:18.410+0000] {logging_mixin.py:188} INFO - [2024-03-11T08:07:18.410+0000] {dagbag.py:540} INFO - Filling up the DagBag from /home/airflow/.local/lib/python3.8/site-packages/airflow/example_dags/example_sensors.py
[2024-03-11T08:07:18.416+0000] {processor.py:840} INFO - DAG(s) 'example_sensors' retrieved from /home/airflow/.local/lib/python3.8/site-packages/airflow/example_dags/example_sensors.py
[2024-03-11T08:07:18.488+0000] {logging_mixin.py:188} INFO - [2024-03-11T08:07:18.488+0000] {dag.py:3047} INFO - Sync 1 DAGs
[2024-03-11T08:07:18.495+0000] {logging_mixin.py:188} INFO - [2024-03-11T08:07:18.495+0000] {dag.py:3834} INFO - Setting next_dagrun for example_sensors to None, run_after=None
[2024-03-11T08:07:18.507+0000] {processor.py:183} INFO - Processing /home/airflow/.local/lib/python3.8/site-packages/airflow/example_dags/example_sensors.py took 0.101 seconds
[2024-03-11T08:07:48.524+0000] {processor.py:161} INFO - Started process (PID=161) to work on /home/airflow/.local/lib/python3.8/site-packages/airflow/example_dags/example_sensors.py
[2024-03-11T08:07:48.524+0000] {processor.py:830} INFO - Processing file /home/airflow/.local/lib/python3.8/site-packages/airflow/example_dags/example_sensors.py for tasks to queue
[2024-03-11T08:07:48.525+0000] {logging_mixin.py:188} INFO - [2024-03-11T08:07:48.525+0000] {dagbag.py:540} INFO - Filling up the DagBag from /home/airflow/.local/lib/python3.8/site-packages/airflow/example_dags/example_sensors.py
[2024-03-11T08:07:48.531+0000] {processor.py:840} INFO - DAG(s) 'example_sensors' retrieved from /home/airflow/.local/lib/python3.8/site-packages/airflow/example_dags/example_sensors.py
[2024-03-11T08:07:48.547+0000] {logging_mixin.py:188} INFO - [2024-03-11T08:07:48.547+0000] {dag.py:3047} INFO - Sync 1 DAGs
[2024-03-11T08:07:48.555+0000] {logging_mixin.py:188} INFO - [2024-03-11T08:07:48.555+0000] {dag.py:3834} INFO - Setting next_dagrun for example_sensors to None, run_after=None
[2024-03-11T08:07:48.566+0000] {processor.py:183} INFO - Processing /home/airflow/.local/lib/python3.8/site-packages/airflow/example_dags/example_sensors.py took 0.045 seconds
[2024-03-11T08:08:19.442+0000] {processor.py:161} INFO - Started process (PID=216) to work on /home/airflow/.local/lib/python3.8/site-packages/airflow/example_dags/example_sensors.py
[2024-03-11T08:08:19.443+0000] {processor.py:830} INFO - Processing file /home/airflow/.local/lib/python3.8/site-packages/airflow/example_dags/example_sensors.py for tasks to queue
[2024-03-11T08:08:19.444+0000] {logging_mixin.py:188} INFO - [2024-03-11T08:08:19.444+0000] {dagbag.py:540} INFO - Filling up the DagBag from /home/airflow/.local/lib/python3.8/site-packages/airflow/example_dags/example_sensors.py
[2024-03-11T08:08:19.450+0000] {processor.py:840} INFO - DAG(s) 'example_sensors' retrieved from /home/airflow/.local/lib/python3.8/site-packages/airflow/example_dags/example_sensors.py
[2024-03-11T08:08:19.468+0000] {logging_mixin.py:188} INFO - [2024-03-11T08:08:19.467+0000] {dag.py:3047} INFO - Sync 1 DAGs
[2024-03-11T08:08:19.475+0000] {logging_mixin.py:188} INFO - [2024-03-11T08:08:19.475+0000] {dag.py:3834} INFO - Setting next_dagrun for example_sensors to None, run_after=None
[2024-03-11T08:08:19.486+0000] {processor.py:183} INFO - Processing /home/airflow/.local/lib/python3.8/site-packages/airflow/example_dags/example_sensors.py took 0.046 seconds
[2024-03-11T08:08:50.281+0000] {processor.py:161} INFO - Started process (PID=271) to work on /home/airflow/.local/lib/python3.8/site-packages/airflow/example_dags/example_sensors.py
[2024-03-11T08:08:50.281+0000] {processor.py:830} INFO - Processing file /home/airflow/.local/lib/python3.8/site-packages/airflow/example_dags/example_sensors.py for tasks to queue
[2024-03-11T08:08:50.282+0000] {logging_mixin.py:188} INFO - [2024-03-11T08:08:50.282+0000] {dagbag.py:540} INFO - Filling up the DagBag from /home/airflow/.local/lib/python3.8/site-packages/airflow/example_dags/example_sensors.py
[2024-03-11T08:08:50.288+0000] {processor.py:840} INFO - DAG(s) 'example_sensors' retrieved from /home/airflow/.local/lib/python3.8/site-packages/airflow/example_dags/example_sensors.py
[2024-03-11T08:08:50.305+0000] {logging_mixin.py:188} INFO - [2024-03-11T08:08:50.305+0000] {dag.py:3047} INFO - Sync 1 DAGs
[2024-03-11T08:08:50.314+0000] {logging_mixin.py:188} INFO - [2024-03-11T08:08:50.313+0000] {dag.py:3834} INFO - Setting next_dagrun for example_sensors to None, run_after=None
[2024-03-11T08:08:50.326+0000] {processor.py:183} INFO - Processing /home/airflow/.local/lib/python3.8/site-packages/airflow/example_dags/example_sensors.py took 0.047 seconds
[2024-03-11T08:09:21.115+0000] {processor.py:161} INFO - Started process (PID=326) to work on /home/airflow/.local/lib/python3.8/site-packages/airflow/example_dags/example_sensors.py
[2024-03-11T08:09:21.116+0000] {processor.py:830} INFO - Processing file /home/airflow/.local/lib/python3.8/site-packages/airflow/example_dags/example_sensors.py for tasks to queue
[2024-03-11T08:09:21.117+0000] {logging_mixin.py:188} INFO - [2024-03-11T08:09:21.117+0000] {dagbag.py:540} INFO - Filling up the DagBag from /home/airflow/.local/lib/python3.8/site-packages/airflow/example_dags/example_sensors.py
[2024-03-11T08:09:21.123+0000] {processor.py:840} INFO - DAG(s) 'example_sensors' retrieved from /home/airflow/.local/lib/python3.8/site-packages/airflow/example_dags/example_sensors.py
[2024-03-11T08:09:21.140+0000] {logging_mixin.py:188} INFO - [2024-03-11T08:09:21.140+0000] {dag.py:3047} INFO - Sync 1 DAGs
[2024-03-11T08:09:21.148+0000] {logging_mixin.py:188} INFO - [2024-03-11T08:09:21.148+0000] {dag.py:3834} INFO - Setting next_dagrun for example_sensors to None, run_after=None
[2024-03-11T08:09:21.159+0000] {processor.py:183} INFO - Processing /home/airflow/.local/lib/python3.8/site-packages/airflow/example_dags/example_sensors.py took 0.047 seconds
[2024-03-11T08:09:51.958+0000] {processor.py:161} INFO - Started process (PID=381) to work on /home/airflow/.local/lib/python3.8/site-packages/airflow/example_dags/example_sensors.py
[2024-03-11T08:09:51.958+0000] {processor.py:830} INFO - Processing file /home/airflow/.local/lib/python3.8/site-packages/airflow/example_dags/example_sensors.py for tasks to queue
[2024-03-11T08:09:51.959+0000] {logging_mixin.py:188} INFO - [2024-03-11T08:09:51.959+0000] {dagbag.py:540} INFO - Filling up the DagBag from /home/airflow/.local/lib/python3.8/site-packages/airflow/example_dags/example_sensors.py
[2024-03-11T08:09:51.965+0000] {processor.py:840} INFO - DAG(s) 'example_sensors' retrieved from /home/airflow/.local/lib/python3.8/site-packages/airflow/example_dags/example_sensors.py
[2024-03-11T08:09:51.983+0000] {logging_mixin.py:188} INFO - [2024-03-11T08:09:51.983+0000] {dag.py:3047} INFO - Sync 1 DAGs
[2024-03-11T08:09:51.991+0000] {logging_mixin.py:188} INFO - [2024-03-11T08:09:51.991+0000] {dag.py:3834} INFO - Setting next_dagrun for example_sensors to None, run_after=None
[2024-03-11T08:09:52.003+0000] {processor.py:183} INFO - Processing /home/airflow/.local/lib/python3.8/site-packages/airflow/example_dags/example_sensors.py took 0.048 seconds
[2024-03-11T08:10:22.741+0000] {processor.py:161} INFO - Started process (PID=436) to work on /home/airflow/.local/lib/python3.8/site-packages/airflow/example_dags/example_sensors.py
[2024-03-11T08:10:22.741+0000] {processor.py:830} INFO - Processing file /home/airflow/.local/lib/python3.8/site-packages/airflow/example_dags/example_sensors.py for tasks to queue
[2024-03-11T08:10:22.742+0000] {logging_mixin.py:188} INFO - [2024-03-11T08:10:22.742+0000] {dagbag.py:540} INFO - Filling up the DagBag from /home/airflow/.local/lib/python3.8/site-packages/airflow/example_dags/example_sensors.py
[2024-03-11T08:10:22.748+0000] {processor.py:840} INFO - DAG(s) 'example_sensors' retrieved from /home/airflow/.local/lib/python3.8/site-packages/airflow/example_dags/example_sensors.py
[2024-03-11T08:10:22.766+0000] {logging_mixin.py:188} INFO - [2024-03-11T08:10:22.766+0000] {dag.py:3047} INFO - Sync 1 DAGs
[2024-03-11T08:10:22.775+0000] {logging_mixin.py:188} INFO - [2024-03-11T08:10:22.774+0000] {dag.py:3834} INFO - Setting next_dagrun for example_sensors to None, run_after=None
[2024-03-11T08:10:22.786+0000] {processor.py:183} INFO - Processing /home/airflow/.local/lib/python3.8/site-packages/airflow/example_dags/example_sensors.py took 0.047 seconds
[2024-03-11T08:10:53.616+0000] {processor.py:161} INFO - Started process (PID=491) to work on /home/airflow/.local/lib/python3.8/site-packages/airflow/example_dags/example_sensors.py
[2024-03-11T08:10:53.616+0000] {processor.py:830} INFO - Processing file /home/airflow/.local/lib/python3.8/site-packages/airflow/example_dags/example_sensors.py for tasks to queue
[2024-03-11T08:10:53.618+0000] {logging_mixin.py:188} INFO - [2024-03-11T08:10:53.617+0000] {dagbag.py:540} INFO - Filling up the DagBag from /home/airflow/.local/lib/python3.8/site-packages/airflow/example_dags/example_sensors.py
[2024-03-11T08:10:53.623+0000] {processor.py:840} INFO - DAG(s) 'example_sensors' retrieved from /home/airflow/.local/lib/python3.8/site-packages/airflow/example_dags/example_sensors.py
[2024-03-11T08:10:53.641+0000] {logging_mixin.py:188} INFO - [2024-03-11T08:10:53.641+0000] {dag.py:3047} INFO - Sync 1 DAGs
[2024-03-11T08:10:53.650+0000] {logging_mixin.py:188} INFO - [2024-03-11T08:10:53.649+0000] {dag.py:3834} INFO - Setting next_dagrun for example_sensors to None, run_after=None
[2024-03-11T08:10:53.661+0000] {processor.py:183} INFO - Processing /home/airflow/.local/lib/python3.8/site-packages/airflow/example_dags/example_sensors.py took 0.048 seconds
[2024-03-11T08:11:23.730+0000] {processor.py:161} INFO - Started process (PID=546) to work on /home/airflow/.local/lib/python3.8/site-packages/airflow/example_dags/example_sensors.py
[2024-03-11T08:11:23.731+0000] {processor.py:830} INFO - Processing file /home/airflow/.local/lib/python3.8/site-packages/airflow/example_dags/example_sensors.py for tasks to queue
[2024-03-11T08:11:23.732+0000] {logging_mixin.py:188} INFO - [2024-03-11T08:11:23.732+0000] {dagbag.py:540} INFO - Filling up the DagBag from /home/airflow/.local/lib/python3.8/site-packages/airflow/example_dags/example_sensors.py
[2024-03-11T08:11:23.738+0000] {processor.py:840} INFO - DAG(s) 'example_sensors' retrieved from /home/airflow/.local/lib/python3.8/site-packages/airflow/example_dags/example_sensors.py
[2024-03-11T08:11:23.755+0000] {logging_mixin.py:188} INFO - [2024-03-11T08:11:23.755+0000] {dag.py:3047} INFO - Sync 1 DAGs
[2024-03-11T08:11:23.763+0000] {logging_mixin.py:188} INFO - [2024-03-11T08:11:23.763+0000] {dag.py:3834} INFO - Setting next_dagrun for example_sensors to None, run_after=None
[2024-03-11T08:11:23.774+0000] {processor.py:183} INFO - Processing /home/airflow/.local/lib/python3.8/site-packages/airflow/example_dags/example_sensors.py took 0.046 seconds
[2024-03-11T08:11:53.930+0000] {processor.py:161} INFO - Started process (PID=601) to work on /home/airflow/.local/lib/python3.8/site-packages/airflow/example_dags/example_sensors.py
[2024-03-11T08:11:53.930+0000] {processor.py:830} INFO - Processing file /home/airflow/.local/lib/python3.8/site-packages/airflow/example_dags/example_sensors.py for tasks to queue
[2024-03-11T08:11:53.931+0000] {logging_mixin.py:188} INFO - [2024-03-11T08:11:53.931+0000] {dagbag.py:540} INFO - Filling up the DagBag from /home/airflow/.local/lib/python3.8/site-packages/airflow/example_dags/example_sensors.py
[2024-03-11T08:11:53.937+0000] {processor.py:840} INFO - DAG(s) 'example_sensors' retrieved from /home/airflow/.local/lib/python3.8/site-packages/airflow/example_dags/example_sensors.py
[2024-03-11T08:11:53.955+0000] {logging_mixin.py:188} INFO - [2024-03-11T08:11:53.955+0000] {dag.py:3047} INFO - Sync 1 DAGs
[2024-03-11T08:11:53.964+0000] {logging_mixin.py:188} INFO - [2024-03-11T08:11:53.963+0000] {dag.py:3834} INFO - Setting next_dagrun for example_sensors to None, run_after=None
[2024-03-11T08:11:53.975+0000] {processor.py:183} INFO - Processing /home/airflow/.local/lib/python3.8/site-packages/airflow/example_dags/example_sensors.py took 0.047 seconds
[2024-03-11T08:12:24.119+0000] {processor.py:161} INFO - Started process (PID=656) to work on /home/airflow/.local/lib/python3.8/site-packages/airflow/example_dags/example_sensors.py
[2024-03-11T08:12:24.120+0000] {processor.py:830} INFO - Processing file /home/airflow/.local/lib/python3.8/site-packages/airflow/example_dags/example_sensors.py for tasks to queue
[2024-03-11T08:12:24.121+0000] {logging_mixin.py:188} INFO - [2024-03-11T08:12:24.121+0000] {dagbag.py:540} INFO - Filling up the DagBag from /home/airflow/.local/lib/python3.8/site-packages/airflow/example_dags/example_sensors.py
[2024-03-11T08:12:24.127+0000] {processor.py:840} INFO - DAG(s) 'example_sensors' retrieved from /home/airflow/.local/lib/python3.8/site-packages/airflow/example_dags/example_sensors.py
[2024-03-11T08:12:24.146+0000] {logging_mixin.py:188} INFO - [2024-03-11T08:12:24.146+0000] {dag.py:3047} INFO - Sync 1 DAGs
[2024-03-11T08:12:24.155+0000] {logging_mixin.py:188} INFO - [2024-03-11T08:12:24.155+0000] {dag.py:3834} INFO - Setting next_dagrun for example_sensors to None, run_after=None
[2024-03-11T08:12:24.167+0000] {processor.py:183} INFO - Processing /home/airflow/.local/lib/python3.8/site-packages/airflow/example_dags/example_sensors.py took 0.051 seconds
[2024-03-11T08:12:54.307+0000] {processor.py:161} INFO - Started process (PID=711) to work on /home/airflow/.local/lib/python3.8/site-packages/airflow/example_dags/example_sensors.py
[2024-03-11T08:12:54.308+0000] {processor.py:830} INFO - Processing file /home/airflow/.local/lib/python3.8/site-packages/airflow/example_dags/example_sensors.py for tasks to queue
[2024-03-11T08:12:54.309+0000] {logging_mixin.py:188} INFO - [2024-03-11T08:12:54.309+0000] {dagbag.py:540} INFO - Filling up the DagBag from /home/airflow/.local/lib/python3.8/site-packages/airflow/example_dags/example_sensors.py
[2024-03-11T08:12:54.315+0000] {processor.py:840} INFO - DAG(s) 'example_sensors' retrieved from /home/airflow/.local/lib/python3.8/site-packages/airflow/example_dags/example_sensors.py
[2024-03-11T08:12:54.333+0000] {logging_mixin.py:188} INFO - [2024-03-11T08:12:54.332+0000] {dag.py:3047} INFO - Sync 1 DAGs
[2024-03-11T08:12:54.340+0000] {logging_mixin.py:188} INFO - [2024-03-11T08:12:54.340+0000] {dag.py:3834} INFO - Setting next_dagrun for example_sensors to None, run_after=None
[2024-03-11T08:12:54.354+0000] {processor.py:183} INFO - Processing /home/airflow/.local/lib/python3.8/site-packages/airflow/example_dags/example_sensors.py took 0.049 seconds
[2024-03-11T08:13:24.545+0000] {processor.py:161} INFO - Started process (PID=775) to work on /home/airflow/.local/lib/python3.8/site-packages/airflow/example_dags/example_sensors.py
[2024-03-11T08:13:24.545+0000] {processor.py:830} INFO - Processing file /home/airflow/.local/lib/python3.8/site-packages/airflow/example_dags/example_sensors.py for tasks to queue
[2024-03-11T08:13:24.546+0000] {logging_mixin.py:188} INFO - [2024-03-11T08:13:24.546+0000] {dagbag.py:540} INFO - Filling up the DagBag from /home/airflow/.local/lib/python3.8/site-packages/airflow/example_dags/example_sensors.py
[2024-03-11T08:13:24.552+0000] {processor.py:840} INFO - DAG(s) 'example_sensors' retrieved from /home/airflow/.local/lib/python3.8/site-packages/airflow/example_dags/example_sensors.py
[2024-03-11T08:13:24.570+0000] {logging_mixin.py:188} INFO - [2024-03-11T08:13:24.570+0000] {dag.py:3047} INFO - Sync 1 DAGs
[2024-03-11T08:13:24.578+0000] {logging_mixin.py:188} INFO - [2024-03-11T08:13:24.578+0000] {dag.py:3834} INFO - Setting next_dagrun for example_sensors to None, run_after=None
[2024-03-11T08:13:24.589+0000] {processor.py:183} INFO - Processing /home/airflow/.local/lib/python3.8/site-packages/airflow/example_dags/example_sensors.py took 0.047 seconds
[2024-03-11T08:13:54.770+0000] {processor.py:161} INFO - Started process (PID=830) to work on /home/airflow/.local/lib/python3.8/site-packages/airflow/example_dags/example_sensors.py
[2024-03-11T08:13:54.770+0000] {processor.py:830} INFO - Processing file /home/airflow/.local/lib/python3.8/site-packages/airflow/example_dags/example_sensors.py for tasks to queue
[2024-03-11T08:13:54.772+0000] {logging_mixin.py:188} INFO - [2024-03-11T08:13:54.771+0000] {dagbag.py:540} INFO - Filling up the DagBag from /home/airflow/.local/lib/python3.8/site-packages/airflow/example_dags/example_sensors.py
[2024-03-11T08:13:54.778+0000] {processor.py:840} INFO - DAG(s) 'example_sensors' retrieved from /home/airflow/.local/lib/python3.8/site-packages/airflow/example_dags/example_sensors.py
[2024-03-11T08:13:54.796+0000] {logging_mixin.py:188} INFO - [2024-03-11T08:13:54.796+0000] {dag.py:3047} INFO - Sync 1 DAGs
[2024-03-11T08:13:54.804+0000] {logging_mixin.py:188} INFO - [2024-03-11T08:13:54.804+0000] {dag.py:3834} INFO - Setting next_dagrun for example_sensors to None, run_after=None
[2024-03-11T08:13:54.815+0000] {processor.py:183} INFO - Processing /home/airflow/.local/lib/python3.8/site-packages/airflow/example_dags/example_sensors.py took 0.047 seconds
[2024-03-11T08:14:24.855+0000] {processor.py:161} INFO - Started process (PID=885) to work on /home/airflow/.local/lib/python3.8/site-packages/airflow/example_dags/example_sensors.py
[2024-03-11T08:14:24.856+0000] {processor.py:830} INFO - Processing file /home/airflow/.local/lib/python3.8/site-packages/airflow/example_dags/example_sensors.py for tasks to queue
[2024-03-11T08:14:24.857+0000] {logging_mixin.py:188} INFO - [2024-03-11T08:14:24.857+0000] {dagbag.py:540} INFO - Filling up the DagBag from /home/airflow/.local/lib/python3.8/site-packages/airflow/example_dags/example_sensors.py
[2024-03-11T08:14:24.862+0000] {processor.py:840} INFO - DAG(s) 'example_sensors' retrieved from /home/airflow/.local/lib/python3.8/site-packages/airflow/example_dags/example_sensors.py
[2024-03-11T08:14:24.879+0000] {logging_mixin.py:188} INFO - [2024-03-11T08:14:24.879+0000] {dag.py:3047} INFO - Sync 1 DAGs
[2024-03-11T08:14:24.887+0000] {logging_mixin.py:188} INFO - [2024-03-11T08:14:24.887+0000] {dag.py:3834} INFO - Setting next_dagrun for example_sensors to None, run_after=None
[2024-03-11T08:14:24.898+0000] {processor.py:183} INFO - Processing /home/airflow/.local/lib/python3.8/site-packages/airflow/example_dags/example_sensors.py took 0.045 seconds
[2024-03-11T08:14:55.211+0000] {processor.py:161} INFO - Started process (PID=940) to work on /home/airflow/.local/lib/python3.8/site-packages/airflow/example_dags/example_sensors.py
[2024-03-11T08:14:55.212+0000] {processor.py:830} INFO - Processing file /home/airflow/.local/lib/python3.8/site-packages/airflow/example_dags/example_sensors.py for tasks to queue
[2024-03-11T08:14:55.213+0000] {logging_mixin.py:188} INFO - [2024-03-11T08:14:55.213+0000] {dagbag.py:540} INFO - Filling up the DagBag from /home/airflow/.local/lib/python3.8/site-packages/airflow/example_dags/example_sensors.py
[2024-03-11T08:14:55.219+0000] {processor.py:840} INFO - DAG(s) 'example_sensors' retrieved from /home/airflow/.local/lib/python3.8/site-packages/airflow/example_dags/example_sensors.py
[2024-03-11T08:14:55.236+0000] {logging_mixin.py:188} INFO - [2024-03-11T08:14:55.236+0000] {dag.py:3047} INFO - Sync 1 DAGs
[2024-03-11T08:14:55.243+0000] {logging_mixin.py:188} INFO - [2024-03-11T08:14:55.243+0000] {dag.py:3834} INFO - Setting next_dagrun for example_sensors to None, run_after=None
[2024-03-11T08:14:55.254+0000] {processor.py:183} INFO - Processing /home/airflow/.local/lib/python3.8/site-packages/airflow/example_dags/example_sensors.py took 0.046 seconds
[2024-03-11T08:15:25.379+0000] {processor.py:161} INFO - Started process (PID=995) to work on /home/airflow/.local/lib/python3.8/site-packages/airflow/example_dags/example_sensors.py
[2024-03-11T08:15:25.379+0000] {processor.py:830} INFO - Processing file /home/airflow/.local/lib/python3.8/site-packages/airflow/example_dags/example_sensors.py for tasks to queue
[2024-03-11T08:15:25.380+0000] {logging_mixin.py:188} INFO - [2024-03-11T08:15:25.380+0000] {dagbag.py:540} INFO - Filling up the DagBag from /home/airflow/.local/lib/python3.8/site-packages/airflow/example_dags/example_sensors.py
[2024-03-11T08:15:25.386+0000] {processor.py:840} INFO - DAG(s) 'example_sensors' retrieved from /home/airflow/.local/lib/python3.8/site-packages/airflow/example_dags/example_sensors.py
[2024-03-11T08:15:25.404+0000] {logging_mixin.py:188} INFO - [2024-03-11T08:15:25.404+0000] {dag.py:3047} INFO - Sync 1 DAGs
[2024-03-11T08:15:25.412+0000] {logging_mixin.py:188} INFO - [2024-03-11T08:15:25.412+0000] {dag.py:3834} INFO - Setting next_dagrun for example_sensors to None, run_after=None
[2024-03-11T08:15:25.423+0000] {processor.py:183} INFO - Processing /home/airflow/.local/lib/python3.8/site-packages/airflow/example_dags/example_sensors.py took 0.046 seconds
[2024-03-11T08:15:55.493+0000] {processor.py:161} INFO - Started process (PID=1050) to work on /home/airflow/.local/lib/python3.8/site-packages/airflow/example_dags/example_sensors.py
[2024-03-11T08:15:55.494+0000] {processor.py:830} INFO - Processing file /home/airflow/.local/lib/python3.8/site-packages/airflow/example_dags/example_sensors.py for tasks to queue
[2024-03-11T08:15:55.495+0000] {logging_mixin.py:188} INFO - [2024-03-11T08:15:55.495+0000] {dagbag.py:540} INFO - Filling up the DagBag from /home/airflow/.local/lib/python3.8/site-packages/airflow/example_dags/example_sensors.py
[2024-03-11T08:15:55.501+0000] {processor.py:840} INFO - DAG(s) 'example_sensors' retrieved from /home/airflow/.local/lib/python3.8/site-packages/airflow/example_dags/example_sensors.py
[2024-03-11T08:15:55.517+0000] {logging_mixin.py:188} INFO - [2024-03-11T08:15:55.517+0000] {dag.py:3047} INFO - Sync 1 DAGs
[2024-03-11T08:15:55.525+0000] {logging_mixin.py:188} INFO - [2024-03-11T08:15:55.525+0000] {dag.py:3834} INFO - Setting next_dagrun for example_sensors to None, run_after=None
[2024-03-11T08:15:55.537+0000] {processor.py:183} INFO - Processing /home/airflow/.local/lib/python3.8/site-packages/airflow/example_dags/example_sensors.py took 0.046 seconds
[2024-03-11T08:16:25.628+0000] {processor.py:161} INFO - Started process (PID=1105) to work on /home/airflow/.local/lib/python3.8/site-packages/airflow/example_dags/example_sensors.py
[2024-03-11T08:16:25.629+0000] {processor.py:830} INFO - Processing file /home/airflow/.local/lib/python3.8/site-packages/airflow/example_dags/example_sensors.py for tasks to queue
[2024-03-11T08:16:25.630+0000] {logging_mixin.py:188} INFO - [2024-03-11T08:16:25.630+0000] {dagbag.py:540} INFO - Filling up the DagBag from /home/airflow/.local/lib/python3.8/site-packages/airflow/example_dags/example_sensors.py
[2024-03-11T08:16:25.636+0000] {processor.py:840} INFO - DAG(s) 'example_sensors' retrieved from /home/airflow/.local/lib/python3.8/site-packages/airflow/example_dags/example_sensors.py
[2024-03-11T08:16:25.653+0000] {logging_mixin.py:188} INFO - [2024-03-11T08:16:25.653+0000] {dag.py:3047} INFO - Sync 1 DAGs
[2024-03-11T08:16:25.661+0000] {logging_mixin.py:188} INFO - [2024-03-11T08:16:25.660+0000] {dag.py:3834} INFO - Setting next_dagrun for example_sensors to None, run_after=None
[2024-03-11T08:16:25.671+0000] {processor.py:183} INFO - Processing /home/airflow/.local/lib/python3.8/site-packages/airflow/example_dags/example_sensors.py took 0.045 seconds
[2024-03-11T08:16:55.928+0000] {processor.py:161} INFO - Started process (PID=1160) to work on /home/airflow/.local/lib/python3.8/site-packages/airflow/example_dags/example_sensors.py
[2024-03-11T08:16:55.929+0000] {processor.py:830} INFO - Processing file /home/airflow/.local/lib/python3.8/site-packages/airflow/example_dags/example_sensors.py for tasks to queue
[2024-03-11T08:16:55.930+0000] {logging_mixin.py:188} INFO - [2024-03-11T08:16:55.930+0000] {dagbag.py:540} INFO - Filling up the DagBag from /home/airflow/.local/lib/python3.8/site-packages/airflow/example_dags/example_sensors.py
[2024-03-11T08:16:55.935+0000] {processor.py:840} INFO - DAG(s) 'example_sensors' retrieved from /home/airflow/.local/lib/python3.8/site-packages/airflow/example_dags/example_sensors.py
[2024-03-11T08:16:55.952+0000] {logging_mixin.py:188} INFO - [2024-03-11T08:16:55.952+0000] {dag.py:3047} INFO - Sync 1 DAGs
[2024-03-11T08:16:55.960+0000] {logging_mixin.py:188} INFO - [2024-03-11T08:16:55.960+0000] {dag.py:3834} INFO - Setting next_dagrun for example_sensors to None, run_after=None
[2024-03-11T08:16:55.972+0000] {processor.py:183} INFO - Processing /home/airflow/.local/lib/python3.8/site-packages/airflow/example_dags/example_sensors.py took 0.046 seconds
[2024-03-11T08:17:26.097+0000] {processor.py:161} INFO - Started process (PID=1215) to work on /home/airflow/.local/lib/python3.8/site-packages/airflow/example_dags/example_sensors.py
[2024-03-11T08:17:26.098+0000] {processor.py:830} INFO - Processing file /home/airflow/.local/lib/python3.8/site-packages/airflow/example_dags/example_sensors.py for tasks to queue
[2024-03-11T08:17:26.099+0000] {logging_mixin.py:188} INFO - [2024-03-11T08:17:26.099+0000] {dagbag.py:540} INFO - Filling up the DagBag from /home/airflow/.local/lib/python3.8/site-packages/airflow/example_dags/example_sensors.py
[2024-03-11T08:17:26.105+0000] {processor.py:840} INFO - DAG(s) 'example_sensors' retrieved from /home/airflow/.local/lib/python3.8/site-packages/airflow/example_dags/example_sensors.py
[2024-03-11T08:17:26.122+0000] {logging_mixin.py:188} INFO - [2024-03-11T08:17:26.122+0000] {dag.py:3047} INFO - Sync 1 DAGs
[2024-03-11T08:17:26.130+0000] {logging_mixin.py:188} INFO - [2024-03-11T08:17:26.130+0000] {dag.py:3834} INFO - Setting next_dagrun for example_sensors to None, run_after=None
[2024-03-11T08:17:26.141+0000] {processor.py:183} INFO - Processing /home/airflow/.local/lib/python3.8/site-packages/airflow/example_dags/example_sensors.py took 0.046 seconds
[2024-03-11T08:17:56.254+0000] {processor.py:161} INFO - Started process (PID=1270) to work on /home/airflow/.local/lib/python3.8/site-packages/airflow/example_dags/example_sensors.py
[2024-03-11T08:17:56.255+0000] {processor.py:830} INFO - Processing file /home/airflow/.local/lib/python3.8/site-packages/airflow/example_dags/example_sensors.py for tasks to queue
[2024-03-11T08:17:56.256+0000] {logging_mixin.py:188} INFO - [2024-03-11T08:17:56.256+0000] {dagbag.py:540} INFO - Filling up the DagBag from /home/airflow/.local/lib/python3.8/site-packages/airflow/example_dags/example_sensors.py
[2024-03-11T08:17:56.262+0000] {processor.py:840} INFO - DAG(s) 'example_sensors' retrieved from /home/airflow/.local/lib/python3.8/site-packages/airflow/example_dags/example_sensors.py
[2024-03-11T08:17:56.280+0000] {logging_mixin.py:188} INFO - [2024-03-11T08:17:56.280+0000] {dag.py:3047} INFO - Sync 1 DAGs
[2024-03-11T08:17:56.288+0000] {logging_mixin.py:188} INFO - [2024-03-11T08:17:56.288+0000] {dag.py:3834} INFO - Setting next_dagrun for example_sensors to None, run_after=None
[2024-03-11T08:17:56.299+0000] {processor.py:183} INFO - Processing /home/airflow/.local/lib/python3.8/site-packages/airflow/example_dags/example_sensors.py took 0.047 seconds
[2024-03-11T08:18:26.360+0000] {processor.py:161} INFO - Started process (PID=1326) to work on /home/airflow/.local/lib/python3.8/site-packages/airflow/example_dags/example_sensors.py
[2024-03-11T08:18:26.360+0000] {processor.py:830} INFO - Processing file /home/airflow/.local/lib/python3.8/site-packages/airflow/example_dags/example_sensors.py for tasks to queue
[2024-03-11T08:18:26.362+0000] {logging_mixin.py:188} INFO - [2024-03-11T08:18:26.361+0000] {dagbag.py:540} INFO - Filling up the DagBag from /home/airflow/.local/lib/python3.8/site-packages/airflow/example_dags/example_sensors.py
[2024-03-11T08:18:26.367+0000] {processor.py:840} INFO - DAG(s) 'example_sensors' retrieved from /home/airflow/.local/lib/python3.8/site-packages/airflow/example_dags/example_sensors.py
[2024-03-11T08:18:26.386+0000] {logging_mixin.py:188} INFO - [2024-03-11T08:18:26.386+0000] {dag.py:3047} INFO - Sync 1 DAGs
[2024-03-11T08:18:26.394+0000] {logging_mixin.py:188} INFO - [2024-03-11T08:18:26.394+0000] {dag.py:3834} INFO - Setting next_dagrun for example_sensors to None, run_after=None
[2024-03-11T08:18:26.405+0000] {processor.py:183} INFO - Processing /home/airflow/.local/lib/python3.8/site-packages/airflow/example_dags/example_sensors.py took 0.048 seconds
[2024-03-11T08:18:57.148+0000] {processor.py:161} INFO - Started process (PID=1381) to work on /home/airflow/.local/lib/python3.8/site-packages/airflow/example_dags/example_sensors.py
[2024-03-11T08:18:57.149+0000] {processor.py:830} INFO - Processing file /home/airflow/.local/lib/python3.8/site-packages/airflow/example_dags/example_sensors.py for tasks to queue
[2024-03-11T08:18:57.150+0000] {logging_mixin.py:188} INFO - [2024-03-11T08:18:57.150+0000] {dagbag.py:540} INFO - Filling up the DagBag from /home/airflow/.local/lib/python3.8/site-packages/airflow/example_dags/example_sensors.py
[2024-03-11T08:18:57.156+0000] {processor.py:840} INFO - DAG(s) 'example_sensors' retrieved from /home/airflow/.local/lib/python3.8/site-packages/airflow/example_dags/example_sensors.py
[2024-03-11T08:18:57.174+0000] {logging_mixin.py:188} INFO - [2024-03-11T08:18:57.173+0000] {dag.py:3047} INFO - Sync 1 DAGs
[2024-03-11T08:18:57.181+0000] {logging_mixin.py:188} INFO - [2024-03-11T08:18:57.181+0000] {dag.py:3834} INFO - Setting next_dagrun for example_sensors to None, run_after=None
[2024-03-11T08:18:57.193+0000] {processor.py:183} INFO - Processing /home/airflow/.local/lib/python3.8/site-packages/airflow/example_dags/example_sensors.py took 0.047 seconds
[2024-03-11T08:19:27.263+0000] {processor.py:161} INFO - Started process (PID=1436) to work on /home/airflow/.local/lib/python3.8/site-packages/airflow/example_dags/example_sensors.py
[2024-03-11T08:19:27.264+0000] {processor.py:830} INFO - Processing file /home/airflow/.local/lib/python3.8/site-packages/airflow/example_dags/example_sensors.py for tasks to queue
[2024-03-11T08:19:27.265+0000] {logging_mixin.py:188} INFO - [2024-03-11T08:19:27.265+0000] {dagbag.py:540} INFO - Filling up the DagBag from /home/airflow/.local/lib/python3.8/site-packages/airflow/example_dags/example_sensors.py
[2024-03-11T08:19:27.271+0000] {processor.py:840} INFO - DAG(s) 'example_sensors' retrieved from /home/airflow/.local/lib/python3.8/site-packages/airflow/example_dags/example_sensors.py
[2024-03-11T08:19:27.289+0000] {logging_mixin.py:188} INFO - [2024-03-11T08:19:27.288+0000] {dag.py:3047} INFO - Sync 1 DAGs
[2024-03-11T08:19:27.296+0000] {logging_mixin.py:188} INFO - [2024-03-11T08:19:27.296+0000] {dag.py:3834} INFO - Setting next_dagrun for example_sensors to None, run_after=None
[2024-03-11T08:19:27.308+0000] {processor.py:183} INFO - Processing /home/airflow/.local/lib/python3.8/site-packages/airflow/example_dags/example_sensors.py took 0.048 seconds
[2024-03-11T08:19:57.346+0000] {processor.py:161} INFO - Started process (PID=1491) to work on /home/airflow/.local/lib/python3.8/site-packages/airflow/example_dags/example_sensors.py
[2024-03-11T08:19:57.347+0000] {processor.py:830} INFO - Processing file /home/airflow/.local/lib/python3.8/site-packages/airflow/example_dags/example_sensors.py for tasks to queue
[2024-03-11T08:19:57.348+0000] {logging_mixin.py:188} INFO - [2024-03-11T08:19:57.348+0000] {dagbag.py:540} INFO - Filling up the DagBag from /home/airflow/.local/lib/python3.8/site-packages/airflow/example_dags/example_sensors.py
[2024-03-11T08:19:57.354+0000] {processor.py:840} INFO - DAG(s) 'example_sensors' retrieved from /home/airflow/.local/lib/python3.8/site-packages/airflow/example_dags/example_sensors.py
[2024-03-11T08:19:57.371+0000] {logging_mixin.py:188} INFO - [2024-03-11T08:19:57.371+0000] {dag.py:3047} INFO - Sync 1 DAGs
[2024-03-11T08:19:57.379+0000] {logging_mixin.py:188} INFO - [2024-03-11T08:19:57.379+0000] {dag.py:3834} INFO - Setting next_dagrun for example_sensors to None, run_after=None
[2024-03-11T08:19:57.391+0000] {processor.py:183} INFO - Processing /home/airflow/.local/lib/python3.8/site-packages/airflow/example_dags/example_sensors.py took 0.047 seconds
[2024-03-11T08:20:27.588+0000] {processor.py:161} INFO - Started process (PID=1546) to work on /home/airflow/.local/lib/python3.8/site-packages/airflow/example_dags/example_sensors.py
[2024-03-11T08:20:27.588+0000] {processor.py:830} INFO - Processing file /home/airflow/.local/lib/python3.8/site-packages/airflow/example_dags/example_sensors.py for tasks to queue
[2024-03-11T08:20:27.589+0000] {logging_mixin.py:188} INFO - [2024-03-11T08:20:27.589+0000] {dagbag.py:540} INFO - Filling up the DagBag from /home/airflow/.local/lib/python3.8/site-packages/airflow/example_dags/example_sensors.py
[2024-03-11T08:20:27.595+0000] {processor.py:840} INFO - DAG(s) 'example_sensors' retrieved from /home/airflow/.local/lib/python3.8/site-packages/airflow/example_dags/example_sensors.py
[2024-03-11T08:20:27.613+0000] {logging_mixin.py:188} INFO - [2024-03-11T08:20:27.613+0000] {dag.py:3047} INFO - Sync 1 DAGs
[2024-03-11T08:20:27.622+0000] {logging_mixin.py:188} INFO - [2024-03-11T08:20:27.622+0000] {dag.py:3834} INFO - Setting next_dagrun for example_sensors to None, run_after=None
[2024-03-11T08:20:27.633+0000] {processor.py:183} INFO - Processing /home/airflow/.local/lib/python3.8/site-packages/airflow/example_dags/example_sensors.py took 0.048 seconds
[2024-03-11T08:20:57.728+0000] {processor.py:161} INFO - Started process (PID=1601) to work on /home/airflow/.local/lib/python3.8/site-packages/airflow/example_dags/example_sensors.py
[2024-03-11T08:20:57.729+0000] {processor.py:830} INFO - Processing file /home/airflow/.local/lib/python3.8/site-packages/airflow/example_dags/example_sensors.py for tasks to queue
[2024-03-11T08:20:57.730+0000] {logging_mixin.py:188} INFO - [2024-03-11T08:20:57.730+0000] {dagbag.py:540} INFO - Filling up the DagBag from /home/airflow/.local/lib/python3.8/site-packages/airflow/example_dags/example_sensors.py
[2024-03-11T08:20:57.735+0000] {processor.py:840} INFO - DAG(s) 'example_sensors' retrieved from /home/airflow/.local/lib/python3.8/site-packages/airflow/example_dags/example_sensors.py
[2024-03-11T08:20:57.752+0000] {logging_mixin.py:188} INFO - [2024-03-11T08:20:57.752+0000] {dag.py:3047} INFO - Sync 1 DAGs
[2024-03-11T08:20:57.760+0000] {logging_mixin.py:188} INFO - [2024-03-11T08:20:57.760+0000] {dag.py:3834} INFO - Setting next_dagrun for example_sensors to None, run_after=None
[2024-03-11T08:20:57.771+0000] {processor.py:183} INFO - Processing /home/airflow/.local/lib/python3.8/site-packages/airflow/example_dags/example_sensors.py took 0.045 seconds
[2024-03-11T08:21:27.866+0000] {processor.py:161} INFO - Started process (PID=1656) to work on /home/airflow/.local/lib/python3.8/site-packages/airflow/example_dags/example_sensors.py
[2024-03-11T08:21:27.866+0000] {processor.py:830} INFO - Processing file /home/airflow/.local/lib/python3.8/site-packages/airflow/example_dags/example_sensors.py for tasks to queue
[2024-03-11T08:21:27.867+0000] {logging_mixin.py:188} INFO - [2024-03-11T08:21:27.867+0000] {dagbag.py:540} INFO - Filling up the DagBag from /home/airflow/.local/lib/python3.8/site-packages/airflow/example_dags/example_sensors.py
[2024-03-11T08:21:27.873+0000] {processor.py:840} INFO - DAG(s) 'example_sensors' retrieved from /home/airflow/.local/lib/python3.8/site-packages/airflow/example_dags/example_sensors.py
[2024-03-11T08:21:27.890+0000] {logging_mixin.py:188} INFO - [2024-03-11T08:21:27.890+0000] {dag.py:3047} INFO - Sync 1 DAGs
[2024-03-11T08:21:27.898+0000] {logging_mixin.py:188} INFO - [2024-03-11T08:21:27.898+0000] {dag.py:3834} INFO - Setting next_dagrun for example_sensors to None, run_after=None
[2024-03-11T08:21:27.910+0000] {processor.py:183} INFO - Processing /home/airflow/.local/lib/python3.8/site-packages/airflow/example_dags/example_sensors.py took 0.046 seconds
[2024-03-11T08:21:43.330+0000] {processor.py:161} INFO - Started process (PID=50) to work on /home/airflow/.local/lib/python3.8/site-packages/airflow/example_dags/example_sensors.py
[2024-03-11T08:21:43.330+0000] {processor.py:830} INFO - Processing file /home/airflow/.local/lib/python3.8/site-packages/airflow/example_dags/example_sensors.py for tasks to queue
[2024-03-11T08:21:43.332+0000] {logging_mixin.py:188} INFO - [2024-03-11T08:21:43.331+0000] {dagbag.py:540} INFO - Filling up the DagBag from /home/airflow/.local/lib/python3.8/site-packages/airflow/example_dags/example_sensors.py
[2024-03-11T08:21:43.338+0000] {processor.py:840} INFO - DAG(s) 'example_sensors' retrieved from /home/airflow/.local/lib/python3.8/site-packages/airflow/example_dags/example_sensors.py
[2024-03-11T08:21:43.347+0000] {logging_mixin.py:188} INFO - [2024-03-11T08:21:43.346+0000] {dag.py:3047} INFO - Sync 1 DAGs
[2024-03-11T08:21:43.356+0000] {logging_mixin.py:188} INFO - [2024-03-11T08:21:43.356+0000] {dag.py:3834} INFO - Setting next_dagrun for example_sensors to None, run_after=None
[2024-03-11T08:21:43.368+0000] {processor.py:183} INFO - Processing /home/airflow/.local/lib/python3.8/site-packages/airflow/example_dags/example_sensors.py took 0.041 seconds
[2024-03-11T08:22:14.465+0000] {processor.py:161} INFO - Started process (PID=105) to work on /home/airflow/.local/lib/python3.8/site-packages/airflow/example_dags/example_sensors.py
[2024-03-11T08:22:14.465+0000] {processor.py:830} INFO - Processing file /home/airflow/.local/lib/python3.8/site-packages/airflow/example_dags/example_sensors.py for tasks to queue
[2024-03-11T08:22:14.466+0000] {logging_mixin.py:188} INFO - [2024-03-11T08:22:14.466+0000] {dagbag.py:540} INFO - Filling up the DagBag from /home/airflow/.local/lib/python3.8/site-packages/airflow/example_dags/example_sensors.py
[2024-03-11T08:22:14.472+0000] {processor.py:840} INFO - DAG(s) 'example_sensors' retrieved from /home/airflow/.local/lib/python3.8/site-packages/airflow/example_dags/example_sensors.py
[2024-03-11T08:22:14.543+0000] {logging_mixin.py:188} INFO - [2024-03-11T08:22:14.543+0000] {dag.py:3047} INFO - Sync 1 DAGs
[2024-03-11T08:22:14.550+0000] {logging_mixin.py:188} INFO - [2024-03-11T08:22:14.550+0000] {dag.py:3834} INFO - Setting next_dagrun for example_sensors to None, run_after=None
[2024-03-11T08:22:14.562+0000] {processor.py:183} INFO - Processing /home/airflow/.local/lib/python3.8/site-packages/airflow/example_dags/example_sensors.py took 0.099 seconds
[2024-03-11T08:22:45.307+0000] {processor.py:161} INFO - Started process (PID=160) to work on /home/airflow/.local/lib/python3.8/site-packages/airflow/example_dags/example_sensors.py
[2024-03-11T08:22:45.308+0000] {processor.py:830} INFO - Processing file /home/airflow/.local/lib/python3.8/site-packages/airflow/example_dags/example_sensors.py for tasks to queue
[2024-03-11T08:22:45.309+0000] {logging_mixin.py:188} INFO - [2024-03-11T08:22:45.309+0000] {dagbag.py:540} INFO - Filling up the DagBag from /home/airflow/.local/lib/python3.8/site-packages/airflow/example_dags/example_sensors.py
[2024-03-11T08:22:45.315+0000] {processor.py:840} INFO - DAG(s) 'example_sensors' retrieved from /home/airflow/.local/lib/python3.8/site-packages/airflow/example_dags/example_sensors.py
[2024-03-11T08:22:45.332+0000] {logging_mixin.py:188} INFO - [2024-03-11T08:22:45.332+0000] {dag.py:3047} INFO - Sync 1 DAGs
[2024-03-11T08:22:45.339+0000] {logging_mixin.py:188} INFO - [2024-03-11T08:22:45.339+0000] {dag.py:3834} INFO - Setting next_dagrun for example_sensors to None, run_after=None
[2024-03-11T08:22:45.350+0000] {processor.py:183} INFO - Processing /home/airflow/.local/lib/python3.8/site-packages/airflow/example_dags/example_sensors.py took 0.045 seconds
[2024-03-11T08:23:16.294+0000] {processor.py:161} INFO - Started process (PID=215) to work on /home/airflow/.local/lib/python3.8/site-packages/airflow/example_dags/example_sensors.py
[2024-03-11T08:23:16.295+0000] {processor.py:830} INFO - Processing file /home/airflow/.local/lib/python3.8/site-packages/airflow/example_dags/example_sensors.py for tasks to queue
[2024-03-11T08:23:16.296+0000] {logging_mixin.py:188} INFO - [2024-03-11T08:23:16.296+0000] {dagbag.py:540} INFO - Filling up the DagBag from /home/airflow/.local/lib/python3.8/site-packages/airflow/example_dags/example_sensors.py
[2024-03-11T08:23:16.301+0000] {processor.py:840} INFO - DAG(s) 'example_sensors' retrieved from /home/airflow/.local/lib/python3.8/site-packages/airflow/example_dags/example_sensors.py
[2024-03-11T08:23:16.319+0000] {logging_mixin.py:188} INFO - [2024-03-11T08:23:16.318+0000] {dag.py:3047} INFO - Sync 1 DAGs
[2024-03-11T08:23:16.326+0000] {logging_mixin.py:188} INFO - [2024-03-11T08:23:16.326+0000] {dag.py:3834} INFO - Setting next_dagrun for example_sensors to None, run_after=None
[2024-03-11T08:23:16.337+0000] {processor.py:183} INFO - Processing /home/airflow/.local/lib/python3.8/site-packages/airflow/example_dags/example_sensors.py took 0.045 seconds
[2024-03-11T08:23:47.055+0000] {processor.py:161} INFO - Started process (PID=270) to work on /home/airflow/.local/lib/python3.8/site-packages/airflow/example_dags/example_sensors.py
[2024-03-11T08:23:47.056+0000] {processor.py:830} INFO - Processing file /home/airflow/.local/lib/python3.8/site-packages/airflow/example_dags/example_sensors.py for tasks to queue
[2024-03-11T08:23:47.057+0000] {logging_mixin.py:188} INFO - [2024-03-11T08:23:47.057+0000] {dagbag.py:540} INFO - Filling up the DagBag from /home/airflow/.local/lib/python3.8/site-packages/airflow/example_dags/example_sensors.py
[2024-03-11T08:23:47.062+0000] {processor.py:840} INFO - DAG(s) 'example_sensors' retrieved from /home/airflow/.local/lib/python3.8/site-packages/airflow/example_dags/example_sensors.py
[2024-03-11T08:23:47.079+0000] {logging_mixin.py:188} INFO - [2024-03-11T08:23:47.079+0000] {dag.py:3047} INFO - Sync 1 DAGs
[2024-03-11T08:23:47.087+0000] {logging_mixin.py:188} INFO - [2024-03-11T08:23:47.087+0000] {dag.py:3834} INFO - Setting next_dagrun for example_sensors to None, run_after=None
[2024-03-11T08:23:47.098+0000] {processor.py:183} INFO - Processing /home/airflow/.local/lib/python3.8/site-packages/airflow/example_dags/example_sensors.py took 0.045 seconds
[2024-03-11T08:24:17.953+0000] {processor.py:161} INFO - Started process (PID=325) to work on /home/airflow/.local/lib/python3.8/site-packages/airflow/example_dags/example_sensors.py
[2024-03-11T08:24:17.954+0000] {processor.py:830} INFO - Processing file /home/airflow/.local/lib/python3.8/site-packages/airflow/example_dags/example_sensors.py for tasks to queue
[2024-03-11T08:24:17.955+0000] {logging_mixin.py:188} INFO - [2024-03-11T08:24:17.955+0000] {dagbag.py:540} INFO - Filling up the DagBag from /home/airflow/.local/lib/python3.8/site-packages/airflow/example_dags/example_sensors.py
[2024-03-11T08:24:17.961+0000] {processor.py:840} INFO - DAG(s) 'example_sensors' retrieved from /home/airflow/.local/lib/python3.8/site-packages/airflow/example_dags/example_sensors.py
[2024-03-11T08:24:17.978+0000] {logging_mixin.py:188} INFO - [2024-03-11T08:24:17.978+0000] {dag.py:3047} INFO - Sync 1 DAGs
[2024-03-11T08:24:17.986+0000] {logging_mixin.py:188} INFO - [2024-03-11T08:24:17.986+0000] {dag.py:3834} INFO - Setting next_dagrun for example_sensors to None, run_after=None
[2024-03-11T08:24:17.997+0000] {processor.py:183} INFO - Processing /home/airflow/.local/lib/python3.8/site-packages/airflow/example_dags/example_sensors.py took 0.046 seconds
[2024-03-11T08:24:48.826+0000] {processor.py:161} INFO - Started process (PID=389) to work on /home/airflow/.local/lib/python3.8/site-packages/airflow/example_dags/example_sensors.py
[2024-03-11T08:24:48.827+0000] {processor.py:830} INFO - Processing file /home/airflow/.local/lib/python3.8/site-packages/airflow/example_dags/example_sensors.py for tasks to queue
[2024-03-11T08:24:48.828+0000] {logging_mixin.py:188} INFO - [2024-03-11T08:24:48.828+0000] {dagbag.py:540} INFO - Filling up the DagBag from /home/airflow/.local/lib/python3.8/site-packages/airflow/example_dags/example_sensors.py
[2024-03-11T08:24:48.834+0000] {processor.py:840} INFO - DAG(s) 'example_sensors' retrieved from /home/airflow/.local/lib/python3.8/site-packages/airflow/example_dags/example_sensors.py
[2024-03-11T08:24:48.852+0000] {logging_mixin.py:188} INFO - [2024-03-11T08:24:48.851+0000] {dag.py:3047} INFO - Sync 1 DAGs
[2024-03-11T08:24:48.859+0000] {logging_mixin.py:188} INFO - [2024-03-11T08:24:48.859+0000] {dag.py:3834} INFO - Setting next_dagrun for example_sensors to None, run_after=None
[2024-03-11T08:24:48.870+0000] {processor.py:183} INFO - Processing /home/airflow/.local/lib/python3.8/site-packages/airflow/example_dags/example_sensors.py took 0.046 seconds
[2024-03-11T08:25:19.630+0000] {processor.py:161} INFO - Started process (PID=446) to work on /home/airflow/.local/lib/python3.8/site-packages/airflow/example_dags/example_sensors.py
[2024-03-11T08:25:19.630+0000] {processor.py:830} INFO - Processing file /home/airflow/.local/lib/python3.8/site-packages/airflow/example_dags/example_sensors.py for tasks to queue
[2024-03-11T08:25:19.631+0000] {logging_mixin.py:188} INFO - [2024-03-11T08:25:19.631+0000] {dagbag.py:540} INFO - Filling up the DagBag from /home/airflow/.local/lib/python3.8/site-packages/airflow/example_dags/example_sensors.py
[2024-03-11T08:25:19.637+0000] {processor.py:840} INFO - DAG(s) 'example_sensors' retrieved from /home/airflow/.local/lib/python3.8/site-packages/airflow/example_dags/example_sensors.py
[2024-03-11T08:25:19.654+0000] {logging_mixin.py:188} INFO - [2024-03-11T08:25:19.654+0000] {dag.py:3047} INFO - Sync 1 DAGs
[2024-03-11T08:25:19.662+0000] {logging_mixin.py:188} INFO - [2024-03-11T08:25:19.662+0000] {dag.py:3834} INFO - Setting next_dagrun for example_sensors to None, run_after=None
[2024-03-11T08:25:19.673+0000] {processor.py:183} INFO - Processing /home/airflow/.local/lib/python3.8/site-packages/airflow/example_dags/example_sensors.py took 0.045 seconds
[2024-03-11T08:25:50.448+0000] {processor.py:161} INFO - Started process (PID=502) to work on /home/airflow/.local/lib/python3.8/site-packages/airflow/example_dags/example_sensors.py
[2024-03-11T08:25:50.449+0000] {processor.py:830} INFO - Processing file /home/airflow/.local/lib/python3.8/site-packages/airflow/example_dags/example_sensors.py for tasks to queue
[2024-03-11T08:25:50.450+0000] {logging_mixin.py:188} INFO - [2024-03-11T08:25:50.450+0000] {dagbag.py:540} INFO - Filling up the DagBag from /home/airflow/.local/lib/python3.8/site-packages/airflow/example_dags/example_sensors.py
[2024-03-11T08:25:50.456+0000] {processor.py:840} INFO - DAG(s) 'example_sensors' retrieved from /home/airflow/.local/lib/python3.8/site-packages/airflow/example_dags/example_sensors.py
[2024-03-11T08:25:50.473+0000] {logging_mixin.py:188} INFO - [2024-03-11T08:25:50.473+0000] {dag.py:3047} INFO - Sync 1 DAGs
[2024-03-11T08:25:50.481+0000] {logging_mixin.py:188} INFO - [2024-03-11T08:25:50.480+0000] {dag.py:3834} INFO - Setting next_dagrun for example_sensors to None, run_after=None
[2024-03-11T08:25:50.492+0000] {processor.py:183} INFO - Processing /home/airflow/.local/lib/python3.8/site-packages/airflow/example_dags/example_sensors.py took 0.045 seconds
[2024-03-11T08:26:21.275+0000] {processor.py:161} INFO - Started process (PID=558) to work on /home/airflow/.local/lib/python3.8/site-packages/airflow/example_dags/example_sensors.py
[2024-03-11T08:26:21.275+0000] {processor.py:830} INFO - Processing file /home/airflow/.local/lib/python3.8/site-packages/airflow/example_dags/example_sensors.py for tasks to queue
[2024-03-11T08:26:21.277+0000] {logging_mixin.py:188} INFO - [2024-03-11T08:26:21.276+0000] {dagbag.py:540} INFO - Filling up the DagBag from /home/airflow/.local/lib/python3.8/site-packages/airflow/example_dags/example_sensors.py
[2024-03-11T08:26:21.282+0000] {processor.py:840} INFO - DAG(s) 'example_sensors' retrieved from /home/airflow/.local/lib/python3.8/site-packages/airflow/example_dags/example_sensors.py
[2024-03-11T08:26:21.301+0000] {logging_mixin.py:188} INFO - [2024-03-11T08:26:21.300+0000] {dag.py:3047} INFO - Sync 1 DAGs
[2024-03-11T08:26:21.308+0000] {logging_mixin.py:188} INFO - [2024-03-11T08:26:21.308+0000] {dag.py:3834} INFO - Setting next_dagrun for example_sensors to None, run_after=None
[2024-03-11T08:26:21.320+0000] {processor.py:183} INFO - Processing /home/airflow/.local/lib/python3.8/site-packages/airflow/example_dags/example_sensors.py took 0.047 seconds
[2024-03-11T08:26:52.131+0000] {processor.py:161} INFO - Started process (PID=616) to work on /home/airflow/.local/lib/python3.8/site-packages/airflow/example_dags/example_sensors.py
[2024-03-11T08:26:52.131+0000] {processor.py:830} INFO - Processing file /home/airflow/.local/lib/python3.8/site-packages/airflow/example_dags/example_sensors.py for tasks to queue
[2024-03-11T08:26:52.132+0000] {logging_mixin.py:188} INFO - [2024-03-11T08:26:52.132+0000] {dagbag.py:540} INFO - Filling up the DagBag from /home/airflow/.local/lib/python3.8/site-packages/airflow/example_dags/example_sensors.py
[2024-03-11T08:26:52.138+0000] {processor.py:840} INFO - DAG(s) 'example_sensors' retrieved from /home/airflow/.local/lib/python3.8/site-packages/airflow/example_dags/example_sensors.py
[2024-03-11T08:26:52.156+0000] {logging_mixin.py:188} INFO - [2024-03-11T08:26:52.156+0000] {dag.py:3047} INFO - Sync 1 DAGs
[2024-03-11T08:26:52.164+0000] {logging_mixin.py:188} INFO - [2024-03-11T08:26:52.164+0000] {dag.py:3834} INFO - Setting next_dagrun for example_sensors to None, run_after=None
[2024-03-11T08:26:52.176+0000] {processor.py:183} INFO - Processing /home/airflow/.local/lib/python3.8/site-packages/airflow/example_dags/example_sensors.py took 0.048 seconds
[2024-03-11T08:27:22.934+0000] {processor.py:161} INFO - Started process (PID=671) to work on /home/airflow/.local/lib/python3.8/site-packages/airflow/example_dags/example_sensors.py
[2024-03-11T08:27:22.934+0000] {processor.py:830} INFO - Processing file /home/airflow/.local/lib/python3.8/site-packages/airflow/example_dags/example_sensors.py for tasks to queue
[2024-03-11T08:27:22.935+0000] {logging_mixin.py:188} INFO - [2024-03-11T08:27:22.935+0000] {dagbag.py:540} INFO - Filling up the DagBag from /home/airflow/.local/lib/python3.8/site-packages/airflow/example_dags/example_sensors.py
[2024-03-11T08:27:22.941+0000] {processor.py:840} INFO - DAG(s) 'example_sensors' retrieved from /home/airflow/.local/lib/python3.8/site-packages/airflow/example_dags/example_sensors.py
[2024-03-11T08:27:22.959+0000] {logging_mixin.py:188} INFO - [2024-03-11T08:27:22.959+0000] {dag.py:3047} INFO - Sync 1 DAGs
[2024-03-11T08:27:22.967+0000] {logging_mixin.py:188} INFO - [2024-03-11T08:27:22.967+0000] {dag.py:3834} INFO - Setting next_dagrun for example_sensors to None, run_after=None
[2024-03-11T08:27:22.978+0000] {processor.py:183} INFO - Processing /home/airflow/.local/lib/python3.8/site-packages/airflow/example_dags/example_sensors.py took 0.047 seconds
[2024-03-11T08:27:53.772+0000] {processor.py:161} INFO - Started process (PID=726) to work on /home/airflow/.local/lib/python3.8/site-packages/airflow/example_dags/example_sensors.py
[2024-03-11T08:27:53.773+0000] {processor.py:830} INFO - Processing file /home/airflow/.local/lib/python3.8/site-packages/airflow/example_dags/example_sensors.py for tasks to queue
[2024-03-11T08:27:53.774+0000] {logging_mixin.py:188} INFO - [2024-03-11T08:27:53.774+0000] {dagbag.py:540} INFO - Filling up the DagBag from /home/airflow/.local/lib/python3.8/site-packages/airflow/example_dags/example_sensors.py
[2024-03-11T08:27:53.780+0000] {processor.py:840} INFO - DAG(s) 'example_sensors' retrieved from /home/airflow/.local/lib/python3.8/site-packages/airflow/example_dags/example_sensors.py
[2024-03-11T08:27:53.799+0000] {logging_mixin.py:188} INFO - [2024-03-11T08:27:53.799+0000] {dag.py:3047} INFO - Sync 1 DAGs
[2024-03-11T08:27:53.808+0000] {logging_mixin.py:188} INFO - [2024-03-11T08:27:53.807+0000] {dag.py:3834} INFO - Setting next_dagrun for example_sensors to None, run_after=None
[2024-03-11T08:27:53.820+0000] {processor.py:183} INFO - Processing /home/airflow/.local/lib/python3.8/site-packages/airflow/example_dags/example_sensors.py took 0.050 seconds
[2024-03-11T08:28:24.632+0000] {processor.py:161} INFO - Started process (PID=789) to work on /home/airflow/.local/lib/python3.8/site-packages/airflow/example_dags/example_sensors.py
[2024-03-11T08:28:24.633+0000] {processor.py:830} INFO - Processing file /home/airflow/.local/lib/python3.8/site-packages/airflow/example_dags/example_sensors.py for tasks to queue
[2024-03-11T08:28:24.634+0000] {logging_mixin.py:188} INFO - [2024-03-11T08:28:24.634+0000] {dagbag.py:540} INFO - Filling up the DagBag from /home/airflow/.local/lib/python3.8/site-packages/airflow/example_dags/example_sensors.py
[2024-03-11T08:28:24.639+0000] {processor.py:840} INFO - DAG(s) 'example_sensors' retrieved from /home/airflow/.local/lib/python3.8/site-packages/airflow/example_dags/example_sensors.py
[2024-03-11T08:28:24.658+0000] {logging_mixin.py:188} INFO - [2024-03-11T08:28:24.658+0000] {dag.py:3047} INFO - Sync 1 DAGs
[2024-03-11T08:28:24.666+0000] {logging_mixin.py:188} INFO - [2024-03-11T08:28:24.666+0000] {dag.py:3834} INFO - Setting next_dagrun for example_sensors to None, run_after=None
[2024-03-11T08:28:24.678+0000] {processor.py:183} INFO - Processing /home/airflow/.local/lib/python3.8/site-packages/airflow/example_dags/example_sensors.py took 0.048 seconds
[2024-03-11T08:28:54.776+0000] {processor.py:161} INFO - Started process (PID=844) to work on /home/airflow/.local/lib/python3.8/site-packages/airflow/example_dags/example_sensors.py
[2024-03-11T08:28:54.776+0000] {processor.py:830} INFO - Processing file /home/airflow/.local/lib/python3.8/site-packages/airflow/example_dags/example_sensors.py for tasks to queue
[2024-03-11T08:28:54.778+0000] {logging_mixin.py:188} INFO - [2024-03-11T08:28:54.777+0000] {dagbag.py:540} INFO - Filling up the DagBag from /home/airflow/.local/lib/python3.8/site-packages/airflow/example_dags/example_sensors.py
[2024-03-11T08:28:54.783+0000] {processor.py:840} INFO - DAG(s) 'example_sensors' retrieved from /home/airflow/.local/lib/python3.8/site-packages/airflow/example_dags/example_sensors.py
[2024-03-11T08:28:54.802+0000] {logging_mixin.py:188} INFO - [2024-03-11T08:28:54.801+0000] {dag.py:3047} INFO - Sync 1 DAGs
[2024-03-11T08:28:54.810+0000] {logging_mixin.py:188} INFO - [2024-03-11T08:28:54.809+0000] {dag.py:3834} INFO - Setting next_dagrun for example_sensors to None, run_after=None
[2024-03-11T08:28:54.821+0000] {processor.py:183} INFO - Processing /home/airflow/.local/lib/python3.8/site-packages/airflow/example_dags/example_sensors.py took 0.047 seconds
[2024-03-11T08:29:15.463+0000] {processor.py:161} INFO - Started process (PID=50) to work on /home/airflow/.local/lib/python3.8/site-packages/airflow/example_dags/example_sensors.py
[2024-03-11T08:29:15.464+0000] {processor.py:830} INFO - Processing file /home/airflow/.local/lib/python3.8/site-packages/airflow/example_dags/example_sensors.py for tasks to queue
[2024-03-11T08:29:15.465+0000] {logging_mixin.py:188} INFO - [2024-03-11T08:29:15.465+0000] {dagbag.py:540} INFO - Filling up the DagBag from /home/airflow/.local/lib/python3.8/site-packages/airflow/example_dags/example_sensors.py
[2024-03-11T08:29:15.472+0000] {processor.py:840} INFO - DAG(s) 'example_sensors' retrieved from /home/airflow/.local/lib/python3.8/site-packages/airflow/example_dags/example_sensors.py
[2024-03-11T08:29:15.481+0000] {logging_mixin.py:188} INFO - [2024-03-11T08:29:15.481+0000] {dag.py:3047} INFO - Sync 1 DAGs
[2024-03-11T08:29:15.490+0000] {logging_mixin.py:188} INFO - [2024-03-11T08:29:15.490+0000] {dag.py:3834} INFO - Setting next_dagrun for example_sensors to None, run_after=None
[2024-03-11T08:29:15.503+0000] {processor.py:183} INFO - Processing /home/airflow/.local/lib/python3.8/site-packages/airflow/example_dags/example_sensors.py took 0.042 seconds
[2024-03-11T08:29:46.571+0000] {processor.py:161} INFO - Started process (PID=105) to work on /home/airflow/.local/lib/python3.8/site-packages/airflow/example_dags/example_sensors.py
[2024-03-11T08:29:46.571+0000] {processor.py:830} INFO - Processing file /home/airflow/.local/lib/python3.8/site-packages/airflow/example_dags/example_sensors.py for tasks to queue
[2024-03-11T08:29:46.572+0000] {logging_mixin.py:188} INFO - [2024-03-11T08:29:46.572+0000] {dagbag.py:540} INFO - Filling up the DagBag from /home/airflow/.local/lib/python3.8/site-packages/airflow/example_dags/example_sensors.py
[2024-03-11T08:29:46.578+0000] {processor.py:840} INFO - DAG(s) 'example_sensors' retrieved from /home/airflow/.local/lib/python3.8/site-packages/airflow/example_dags/example_sensors.py
[2024-03-11T08:29:46.651+0000] {logging_mixin.py:188} INFO - [2024-03-11T08:29:46.651+0000] {dag.py:3047} INFO - Sync 1 DAGs
[2024-03-11T08:29:46.658+0000] {logging_mixin.py:188} INFO - [2024-03-11T08:29:46.658+0000] {dag.py:3834} INFO - Setting next_dagrun for example_sensors to None, run_after=None
[2024-03-11T08:29:46.669+0000] {processor.py:183} INFO - Processing /home/airflow/.local/lib/python3.8/site-packages/airflow/example_dags/example_sensors.py took 0.100 seconds
[2024-03-11T08:30:17.498+0000] {processor.py:161} INFO - Started process (PID=170) to work on /home/airflow/.local/lib/python3.8/site-packages/airflow/example_dags/example_sensors.py
[2024-03-11T08:30:17.499+0000] {processor.py:830} INFO - Processing file /home/airflow/.local/lib/python3.8/site-packages/airflow/example_dags/example_sensors.py for tasks to queue
[2024-03-11T08:30:17.500+0000] {logging_mixin.py:188} INFO - [2024-03-11T08:30:17.500+0000] {dagbag.py:540} INFO - Filling up the DagBag from /home/airflow/.local/lib/python3.8/site-packages/airflow/example_dags/example_sensors.py
[2024-03-11T08:30:17.506+0000] {processor.py:840} INFO - DAG(s) 'example_sensors' retrieved from /home/airflow/.local/lib/python3.8/site-packages/airflow/example_dags/example_sensors.py
[2024-03-11T08:30:17.523+0000] {logging_mixin.py:188} INFO - [2024-03-11T08:30:17.523+0000] {dag.py:3047} INFO - Sync 1 DAGs
[2024-03-11T08:30:17.531+0000] {logging_mixin.py:188} INFO - [2024-03-11T08:30:17.531+0000] {dag.py:3834} INFO - Setting next_dagrun for example_sensors to None, run_after=None
[2024-03-11T08:30:17.542+0000] {processor.py:183} INFO - Processing /home/airflow/.local/lib/python3.8/site-packages/airflow/example_dags/example_sensors.py took 0.046 seconds
[2024-03-11T08:30:48.417+0000] {processor.py:161} INFO - Started process (PID=225) to work on /home/airflow/.local/lib/python3.8/site-packages/airflow/example_dags/example_sensors.py
[2024-03-11T08:30:48.418+0000] {processor.py:830} INFO - Processing file /home/airflow/.local/lib/python3.8/site-packages/airflow/example_dags/example_sensors.py for tasks to queue
[2024-03-11T08:30:48.419+0000] {logging_mixin.py:188} INFO - [2024-03-11T08:30:48.418+0000] {dagbag.py:540} INFO - Filling up the DagBag from /home/airflow/.local/lib/python3.8/site-packages/airflow/example_dags/example_sensors.py
[2024-03-11T08:30:48.424+0000] {processor.py:840} INFO - DAG(s) 'example_sensors' retrieved from /home/airflow/.local/lib/python3.8/site-packages/airflow/example_dags/example_sensors.py
[2024-03-11T08:30:48.441+0000] {logging_mixin.py:188} INFO - [2024-03-11T08:30:48.441+0000] {dag.py:3047} INFO - Sync 1 DAGs
[2024-03-11T08:30:48.449+0000] {logging_mixin.py:188} INFO - [2024-03-11T08:30:48.449+0000] {dag.py:3834} INFO - Setting next_dagrun for example_sensors to None, run_after=None
[2024-03-11T08:30:48.460+0000] {processor.py:183} INFO - Processing /home/airflow/.local/lib/python3.8/site-packages/airflow/example_dags/example_sensors.py took 0.046 seconds
[2024-03-11T08:31:19.169+0000] {processor.py:161} INFO - Started process (PID=280) to work on /home/airflow/.local/lib/python3.8/site-packages/airflow/example_dags/example_sensors.py
[2024-03-11T08:31:19.169+0000] {processor.py:830} INFO - Processing file /home/airflow/.local/lib/python3.8/site-packages/airflow/example_dags/example_sensors.py for tasks to queue
[2024-03-11T08:31:19.170+0000] {logging_mixin.py:188} INFO - [2024-03-11T08:31:19.170+0000] {dagbag.py:540} INFO - Filling up the DagBag from /home/airflow/.local/lib/python3.8/site-packages/airflow/example_dags/example_sensors.py
[2024-03-11T08:31:19.176+0000] {processor.py:840} INFO - DAG(s) 'example_sensors' retrieved from /home/airflow/.local/lib/python3.8/site-packages/airflow/example_dags/example_sensors.py
[2024-03-11T08:31:19.192+0000] {logging_mixin.py:188} INFO - [2024-03-11T08:31:19.192+0000] {dag.py:3047} INFO - Sync 1 DAGs
[2024-03-11T08:31:19.201+0000] {logging_mixin.py:188} INFO - [2024-03-11T08:31:19.200+0000] {dag.py:3834} INFO - Setting next_dagrun for example_sensors to None, run_after=None
[2024-03-11T08:31:19.211+0000] {processor.py:183} INFO - Processing /home/airflow/.local/lib/python3.8/site-packages/airflow/example_dags/example_sensors.py took 0.045 seconds
[2024-03-11T08:31:49.961+0000] {processor.py:161} INFO - Started process (PID=335) to work on /home/airflow/.local/lib/python3.8/site-packages/airflow/example_dags/example_sensors.py
[2024-03-11T08:31:49.962+0000] {processor.py:830} INFO - Processing file /home/airflow/.local/lib/python3.8/site-packages/airflow/example_dags/example_sensors.py for tasks to queue
[2024-03-11T08:31:49.963+0000] {logging_mixin.py:188} INFO - [2024-03-11T08:31:49.963+0000] {dagbag.py:540} INFO - Filling up the DagBag from /home/airflow/.local/lib/python3.8/site-packages/airflow/example_dags/example_sensors.py
[2024-03-11T08:31:49.969+0000] {processor.py:840} INFO - DAG(s) 'example_sensors' retrieved from /home/airflow/.local/lib/python3.8/site-packages/airflow/example_dags/example_sensors.py
[2024-03-11T08:31:49.985+0000] {logging_mixin.py:188} INFO - [2024-03-11T08:31:49.985+0000] {dag.py:3047} INFO - Sync 1 DAGs
[2024-03-11T08:31:49.993+0000] {logging_mixin.py:188} INFO - [2024-03-11T08:31:49.993+0000] {dag.py:3834} INFO - Setting next_dagrun for example_sensors to None, run_after=None
[2024-03-11T08:31:50.004+0000] {processor.py:183} INFO - Processing /home/airflow/.local/lib/python3.8/site-packages/airflow/example_dags/example_sensors.py took 0.045 seconds
[2024-03-11T08:32:20.748+0000] {processor.py:161} INFO - Started process (PID=390) to work on /home/airflow/.local/lib/python3.8/site-packages/airflow/example_dags/example_sensors.py
[2024-03-11T08:32:20.749+0000] {processor.py:830} INFO - Processing file /home/airflow/.local/lib/python3.8/site-packages/airflow/example_dags/example_sensors.py for tasks to queue
[2024-03-11T08:32:20.750+0000] {logging_mixin.py:188} INFO - [2024-03-11T08:32:20.750+0000] {dagbag.py:540} INFO - Filling up the DagBag from /home/airflow/.local/lib/python3.8/site-packages/airflow/example_dags/example_sensors.py
[2024-03-11T08:32:20.756+0000] {processor.py:840} INFO - DAG(s) 'example_sensors' retrieved from /home/airflow/.local/lib/python3.8/site-packages/airflow/example_dags/example_sensors.py
[2024-03-11T08:32:20.773+0000] {logging_mixin.py:188} INFO - [2024-03-11T08:32:20.772+0000] {dag.py:3047} INFO - Sync 1 DAGs
[2024-03-11T08:32:20.781+0000] {logging_mixin.py:188} INFO - [2024-03-11T08:32:20.780+0000] {dag.py:3834} INFO - Setting next_dagrun for example_sensors to None, run_after=None
[2024-03-11T08:32:20.792+0000] {processor.py:183} INFO - Processing /home/airflow/.local/lib/python3.8/site-packages/airflow/example_dags/example_sensors.py took 0.046 seconds
[2024-03-11T08:32:51.587+0000] {processor.py:161} INFO - Started process (PID=445) to work on /home/airflow/.local/lib/python3.8/site-packages/airflow/example_dags/example_sensors.py
[2024-03-11T08:32:51.587+0000] {processor.py:830} INFO - Processing file /home/airflow/.local/lib/python3.8/site-packages/airflow/example_dags/example_sensors.py for tasks to queue
[2024-03-11T08:32:51.589+0000] {logging_mixin.py:188} INFO - [2024-03-11T08:32:51.588+0000] {dagbag.py:540} INFO - Filling up the DagBag from /home/airflow/.local/lib/python3.8/site-packages/airflow/example_dags/example_sensors.py
[2024-03-11T08:32:51.594+0000] {processor.py:840} INFO - DAG(s) 'example_sensors' retrieved from /home/airflow/.local/lib/python3.8/site-packages/airflow/example_dags/example_sensors.py
[2024-03-11T08:32:51.612+0000] {logging_mixin.py:188} INFO - [2024-03-11T08:32:51.612+0000] {dag.py:3047} INFO - Sync 1 DAGs
[2024-03-11T08:32:51.620+0000] {logging_mixin.py:188} INFO - [2024-03-11T08:32:51.620+0000] {dag.py:3834} INFO - Setting next_dagrun for example_sensors to None, run_after=None
[2024-03-11T08:32:51.631+0000] {processor.py:183} INFO - Processing /home/airflow/.local/lib/python3.8/site-packages/airflow/example_dags/example_sensors.py took 0.047 seconds
[2024-03-11T08:33:22.457+0000] {processor.py:161} INFO - Started process (PID=500) to work on /home/airflow/.local/lib/python3.8/site-packages/airflow/example_dags/example_sensors.py
[2024-03-11T08:33:22.457+0000] {processor.py:830} INFO - Processing file /home/airflow/.local/lib/python3.8/site-packages/airflow/example_dags/example_sensors.py for tasks to queue
[2024-03-11T08:33:22.458+0000] {logging_mixin.py:188} INFO - [2024-03-11T08:33:22.458+0000] {dagbag.py:540} INFO - Filling up the DagBag from /home/airflow/.local/lib/python3.8/site-packages/airflow/example_dags/example_sensors.py
[2024-03-11T08:33:22.464+0000] {processor.py:840} INFO - DAG(s) 'example_sensors' retrieved from /home/airflow/.local/lib/python3.8/site-packages/airflow/example_dags/example_sensors.py
[2024-03-11T08:33:22.481+0000] {logging_mixin.py:188} INFO - [2024-03-11T08:33:22.480+0000] {dag.py:3047} INFO - Sync 1 DAGs
[2024-03-11T08:33:22.489+0000] {logging_mixin.py:188} INFO - [2024-03-11T08:33:22.489+0000] {dag.py:3834} INFO - Setting next_dagrun for example_sensors to None, run_after=None
[2024-03-11T08:33:22.500+0000] {processor.py:183} INFO - Processing /home/airflow/.local/lib/python3.8/site-packages/airflow/example_dags/example_sensors.py took 0.046 seconds
[2024-03-11T08:33:53.260+0000] {processor.py:161} INFO - Started process (PID=555) to work on /home/airflow/.local/lib/python3.8/site-packages/airflow/example_dags/example_sensors.py
[2024-03-11T08:33:53.260+0000] {processor.py:830} INFO - Processing file /home/airflow/.local/lib/python3.8/site-packages/airflow/example_dags/example_sensors.py for tasks to queue
[2024-03-11T08:33:53.261+0000] {logging_mixin.py:188} INFO - [2024-03-11T08:33:53.261+0000] {dagbag.py:540} INFO - Filling up the DagBag from /home/airflow/.local/lib/python3.8/site-packages/airflow/example_dags/example_sensors.py
[2024-03-11T08:33:53.267+0000] {processor.py:840} INFO - DAG(s) 'example_sensors' retrieved from /home/airflow/.local/lib/python3.8/site-packages/airflow/example_dags/example_sensors.py
[2024-03-11T08:33:53.284+0000] {logging_mixin.py:188} INFO - [2024-03-11T08:33:53.283+0000] {dag.py:3047} INFO - Sync 1 DAGs
[2024-03-11T08:33:53.291+0000] {logging_mixin.py:188} INFO - [2024-03-11T08:33:53.291+0000] {dag.py:3834} INFO - Setting next_dagrun for example_sensors to None, run_after=None
[2024-03-11T08:33:53.302+0000] {processor.py:183} INFO - Processing /home/airflow/.local/lib/python3.8/site-packages/airflow/example_dags/example_sensors.py took 0.045 seconds
[2024-03-11T08:34:24.119+0000] {processor.py:161} INFO - Started process (PID=610) to work on /home/airflow/.local/lib/python3.8/site-packages/airflow/example_dags/example_sensors.py
[2024-03-11T08:34:24.120+0000] {processor.py:830} INFO - Processing file /home/airflow/.local/lib/python3.8/site-packages/airflow/example_dags/example_sensors.py for tasks to queue
[2024-03-11T08:34:24.121+0000] {logging_mixin.py:188} INFO - [2024-03-11T08:34:24.121+0000] {dagbag.py:540} INFO - Filling up the DagBag from /home/airflow/.local/lib/python3.8/site-packages/airflow/example_dags/example_sensors.py
[2024-03-11T08:34:24.127+0000] {processor.py:840} INFO - DAG(s) 'example_sensors' retrieved from /home/airflow/.local/lib/python3.8/site-packages/airflow/example_dags/example_sensors.py
[2024-03-11T08:34:24.144+0000] {logging_mixin.py:188} INFO - [2024-03-11T08:34:24.144+0000] {dag.py:3047} INFO - Sync 1 DAGs
[2024-03-11T08:34:24.152+0000] {logging_mixin.py:188} INFO - [2024-03-11T08:34:24.152+0000] {dag.py:3834} INFO - Setting next_dagrun for example_sensors to None, run_after=None
[2024-03-11T08:34:24.163+0000] {processor.py:183} INFO - Processing /home/airflow/.local/lib/python3.8/site-packages/airflow/example_dags/example_sensors.py took 0.046 seconds
[2024-03-11T08:34:54.230+0000] {processor.py:161} INFO - Started process (PID=665) to work on /home/airflow/.local/lib/python3.8/site-packages/airflow/example_dags/example_sensors.py
[2024-03-11T08:34:54.230+0000] {processor.py:830} INFO - Processing file /home/airflow/.local/lib/python3.8/site-packages/airflow/example_dags/example_sensors.py for tasks to queue
[2024-03-11T08:34:54.232+0000] {logging_mixin.py:188} INFO - [2024-03-11T08:34:54.231+0000] {dagbag.py:540} INFO - Filling up the DagBag from /home/airflow/.local/lib/python3.8/site-packages/airflow/example_dags/example_sensors.py
[2024-03-11T08:34:54.238+0000] {processor.py:840} INFO - DAG(s) 'example_sensors' retrieved from /home/airflow/.local/lib/python3.8/site-packages/airflow/example_dags/example_sensors.py
[2024-03-11T08:34:54.255+0000] {logging_mixin.py:188} INFO - [2024-03-11T08:34:54.255+0000] {dag.py:3047} INFO - Sync 1 DAGs
[2024-03-11T08:34:54.264+0000] {logging_mixin.py:188} INFO - [2024-03-11T08:34:54.264+0000] {dag.py:3834} INFO - Setting next_dagrun for example_sensors to None, run_after=None
[2024-03-11T08:34:54.277+0000] {processor.py:183} INFO - Processing /home/airflow/.local/lib/python3.8/site-packages/airflow/example_dags/example_sensors.py took 0.049 seconds
[2024-03-11T08:35:24.338+0000] {processor.py:161} INFO - Started process (PID=720) to work on /home/airflow/.local/lib/python3.8/site-packages/airflow/example_dags/example_sensors.py
[2024-03-11T08:35:24.339+0000] {processor.py:830} INFO - Processing file /home/airflow/.local/lib/python3.8/site-packages/airflow/example_dags/example_sensors.py for tasks to queue
[2024-03-11T08:35:24.340+0000] {logging_mixin.py:188} INFO - [2024-03-11T08:35:24.340+0000] {dagbag.py:540} INFO - Filling up the DagBag from /home/airflow/.local/lib/python3.8/site-packages/airflow/example_dags/example_sensors.py
[2024-03-11T08:35:24.346+0000] {processor.py:840} INFO - DAG(s) 'example_sensors' retrieved from /home/airflow/.local/lib/python3.8/site-packages/airflow/example_dags/example_sensors.py
[2024-03-11T08:35:24.362+0000] {logging_mixin.py:188} INFO - [2024-03-11T08:35:24.362+0000] {dag.py:3047} INFO - Sync 1 DAGs
[2024-03-11T08:35:24.370+0000] {logging_mixin.py:188} INFO - [2024-03-11T08:35:24.370+0000] {dag.py:3834} INFO - Setting next_dagrun for example_sensors to None, run_after=None
[2024-03-11T08:35:24.382+0000] {processor.py:183} INFO - Processing /home/airflow/.local/lib/python3.8/site-packages/airflow/example_dags/example_sensors.py took 0.046 seconds
[2024-03-11T08:35:54.433+0000] {processor.py:161} INFO - Started process (PID=775) to work on /home/airflow/.local/lib/python3.8/site-packages/airflow/example_dags/example_sensors.py
[2024-03-11T08:35:54.433+0000] {processor.py:830} INFO - Processing file /home/airflow/.local/lib/python3.8/site-packages/airflow/example_dags/example_sensors.py for tasks to queue
[2024-03-11T08:35:54.434+0000] {logging_mixin.py:188} INFO - [2024-03-11T08:35:54.434+0000] {dagbag.py:540} INFO - Filling up the DagBag from /home/airflow/.local/lib/python3.8/site-packages/airflow/example_dags/example_sensors.py
[2024-03-11T08:35:54.440+0000] {processor.py:840} INFO - DAG(s) 'example_sensors' retrieved from /home/airflow/.local/lib/python3.8/site-packages/airflow/example_dags/example_sensors.py
[2024-03-11T08:35:54.457+0000] {logging_mixin.py:188} INFO - [2024-03-11T08:35:54.457+0000] {dag.py:3047} INFO - Sync 1 DAGs
[2024-03-11T08:35:54.465+0000] {logging_mixin.py:188} INFO - [2024-03-11T08:35:54.465+0000] {dag.py:3834} INFO - Setting next_dagrun for example_sensors to None, run_after=None
[2024-03-11T08:35:54.477+0000] {processor.py:183} INFO - Processing /home/airflow/.local/lib/python3.8/site-packages/airflow/example_dags/example_sensors.py took 0.046 seconds
[2024-03-11T08:36:24.513+0000] {processor.py:161} INFO - Started process (PID=830) to work on /home/airflow/.local/lib/python3.8/site-packages/airflow/example_dags/example_sensors.py
[2024-03-11T08:36:24.514+0000] {processor.py:830} INFO - Processing file /home/airflow/.local/lib/python3.8/site-packages/airflow/example_dags/example_sensors.py for tasks to queue
[2024-03-11T08:36:24.515+0000] {logging_mixin.py:188} INFO - [2024-03-11T08:36:24.514+0000] {dagbag.py:540} INFO - Filling up the DagBag from /home/airflow/.local/lib/python3.8/site-packages/airflow/example_dags/example_sensors.py
[2024-03-11T08:36:24.520+0000] {processor.py:840} INFO - DAG(s) 'example_sensors' retrieved from /home/airflow/.local/lib/python3.8/site-packages/airflow/example_dags/example_sensors.py
[2024-03-11T08:36:24.537+0000] {logging_mixin.py:188} INFO - [2024-03-11T08:36:24.537+0000] {dag.py:3047} INFO - Sync 1 DAGs
[2024-03-11T08:36:24.545+0000] {logging_mixin.py:188} INFO - [2024-03-11T08:36:24.545+0000] {dag.py:3834} INFO - Setting next_dagrun for example_sensors to None, run_after=None
[2024-03-11T08:36:24.556+0000] {processor.py:183} INFO - Processing /home/airflow/.local/lib/python3.8/site-packages/airflow/example_dags/example_sensors.py took 0.046 seconds
[2024-03-11T08:36:54.673+0000] {processor.py:161} INFO - Started process (PID=885) to work on /home/airflow/.local/lib/python3.8/site-packages/airflow/example_dags/example_sensors.py
[2024-03-11T08:36:54.673+0000] {processor.py:830} INFO - Processing file /home/airflow/.local/lib/python3.8/site-packages/airflow/example_dags/example_sensors.py for tasks to queue
[2024-03-11T08:36:54.674+0000] {logging_mixin.py:188} INFO - [2024-03-11T08:36:54.674+0000] {dagbag.py:540} INFO - Filling up the DagBag from /home/airflow/.local/lib/python3.8/site-packages/airflow/example_dags/example_sensors.py
[2024-03-11T08:36:54.680+0000] {processor.py:840} INFO - DAG(s) 'example_sensors' retrieved from /home/airflow/.local/lib/python3.8/site-packages/airflow/example_dags/example_sensors.py
[2024-03-11T08:36:54.697+0000] {logging_mixin.py:188} INFO - [2024-03-11T08:36:54.697+0000] {dag.py:3047} INFO - Sync 1 DAGs
[2024-03-11T08:36:54.705+0000] {logging_mixin.py:188} INFO - [2024-03-11T08:36:54.705+0000] {dag.py:3834} INFO - Setting next_dagrun for example_sensors to None, run_after=None
[2024-03-11T08:36:54.716+0000] {processor.py:183} INFO - Processing /home/airflow/.local/lib/python3.8/site-packages/airflow/example_dags/example_sensors.py took 0.046 seconds
[2024-03-11T08:37:24.866+0000] {processor.py:161} INFO - Started process (PID=940) to work on /home/airflow/.local/lib/python3.8/site-packages/airflow/example_dags/example_sensors.py
[2024-03-11T08:37:24.867+0000] {processor.py:830} INFO - Processing file /home/airflow/.local/lib/python3.8/site-packages/airflow/example_dags/example_sensors.py for tasks to queue
[2024-03-11T08:37:24.868+0000] {logging_mixin.py:188} INFO - [2024-03-11T08:37:24.868+0000] {dagbag.py:540} INFO - Filling up the DagBag from /home/airflow/.local/lib/python3.8/site-packages/airflow/example_dags/example_sensors.py
[2024-03-11T08:37:24.874+0000] {processor.py:840} INFO - DAG(s) 'example_sensors' retrieved from /home/airflow/.local/lib/python3.8/site-packages/airflow/example_dags/example_sensors.py
[2024-03-11T08:37:24.891+0000] {logging_mixin.py:188} INFO - [2024-03-11T08:37:24.891+0000] {dag.py:3047} INFO - Sync 1 DAGs
[2024-03-11T08:37:24.899+0000] {logging_mixin.py:188} INFO - [2024-03-11T08:37:24.899+0000] {dag.py:3834} INFO - Setting next_dagrun for example_sensors to None, run_after=None
[2024-03-11T08:37:24.911+0000] {processor.py:183} INFO - Processing /home/airflow/.local/lib/python3.8/site-packages/airflow/example_dags/example_sensors.py took 0.047 seconds
[2024-03-11T08:37:55.113+0000] {processor.py:161} INFO - Started process (PID=995) to work on /home/airflow/.local/lib/python3.8/site-packages/airflow/example_dags/example_sensors.py
[2024-03-11T08:37:55.113+0000] {processor.py:830} INFO - Processing file /home/airflow/.local/lib/python3.8/site-packages/airflow/example_dags/example_sensors.py for tasks to queue
[2024-03-11T08:37:55.115+0000] {logging_mixin.py:188} INFO - [2024-03-11T08:37:55.114+0000] {dagbag.py:540} INFO - Filling up the DagBag from /home/airflow/.local/lib/python3.8/site-packages/airflow/example_dags/example_sensors.py
[2024-03-11T08:37:55.120+0000] {processor.py:840} INFO - DAG(s) 'example_sensors' retrieved from /home/airflow/.local/lib/python3.8/site-packages/airflow/example_dags/example_sensors.py
[2024-03-11T08:37:55.137+0000] {logging_mixin.py:188} INFO - [2024-03-11T08:37:55.137+0000] {dag.py:3047} INFO - Sync 1 DAGs
[2024-03-11T08:37:55.145+0000] {logging_mixin.py:188} INFO - [2024-03-11T08:37:55.145+0000] {dag.py:3834} INFO - Setting next_dagrun for example_sensors to None, run_after=None
[2024-03-11T08:37:55.157+0000] {processor.py:183} INFO - Processing /home/airflow/.local/lib/python3.8/site-packages/airflow/example_dags/example_sensors.py took 0.046 seconds
[2024-03-11T08:38:25.276+0000] {processor.py:161} INFO - Started process (PID=1050) to work on /home/airflow/.local/lib/python3.8/site-packages/airflow/example_dags/example_sensors.py
[2024-03-11T08:38:25.277+0000] {processor.py:830} INFO - Processing file /home/airflow/.local/lib/python3.8/site-packages/airflow/example_dags/example_sensors.py for tasks to queue
[2024-03-11T08:38:25.278+0000] {logging_mixin.py:188} INFO - [2024-03-11T08:38:25.278+0000] {dagbag.py:540} INFO - Filling up the DagBag from /home/airflow/.local/lib/python3.8/site-packages/airflow/example_dags/example_sensors.py
[2024-03-11T08:38:25.284+0000] {processor.py:840} INFO - DAG(s) 'example_sensors' retrieved from /home/airflow/.local/lib/python3.8/site-packages/airflow/example_dags/example_sensors.py
[2024-03-11T08:38:25.300+0000] {logging_mixin.py:188} INFO - [2024-03-11T08:38:25.300+0000] {dag.py:3047} INFO - Sync 1 DAGs
[2024-03-11T08:38:25.308+0000] {logging_mixin.py:188} INFO - [2024-03-11T08:38:25.308+0000] {dag.py:3834} INFO - Setting next_dagrun for example_sensors to None, run_after=None
[2024-03-11T08:38:25.319+0000] {processor.py:183} INFO - Processing /home/airflow/.local/lib/python3.8/site-packages/airflow/example_dags/example_sensors.py took 0.045 seconds
[2024-03-11T08:38:55.390+0000] {processor.py:161} INFO - Started process (PID=1105) to work on /home/airflow/.local/lib/python3.8/site-packages/airflow/example_dags/example_sensors.py
[2024-03-11T08:38:55.391+0000] {processor.py:830} INFO - Processing file /home/airflow/.local/lib/python3.8/site-packages/airflow/example_dags/example_sensors.py for tasks to queue
[2024-03-11T08:38:55.392+0000] {logging_mixin.py:188} INFO - [2024-03-11T08:38:55.392+0000] {dagbag.py:540} INFO - Filling up the DagBag from /home/airflow/.local/lib/python3.8/site-packages/airflow/example_dags/example_sensors.py
[2024-03-11T08:38:55.398+0000] {processor.py:840} INFO - DAG(s) 'example_sensors' retrieved from /home/airflow/.local/lib/python3.8/site-packages/airflow/example_dags/example_sensors.py
[2024-03-11T08:38:55.414+0000] {logging_mixin.py:188} INFO - [2024-03-11T08:38:55.414+0000] {dag.py:3047} INFO - Sync 1 DAGs
[2024-03-11T08:38:55.422+0000] {logging_mixin.py:188} INFO - [2024-03-11T08:38:55.422+0000] {dag.py:3834} INFO - Setting next_dagrun for example_sensors to None, run_after=None
[2024-03-11T08:38:55.433+0000] {processor.py:183} INFO - Processing /home/airflow/.local/lib/python3.8/site-packages/airflow/example_dags/example_sensors.py took 0.045 seconds
[2024-03-11T08:39:25.559+0000] {processor.py:161} INFO - Started process (PID=1160) to work on /home/airflow/.local/lib/python3.8/site-packages/airflow/example_dags/example_sensors.py
[2024-03-11T08:39:25.560+0000] {processor.py:830} INFO - Processing file /home/airflow/.local/lib/python3.8/site-packages/airflow/example_dags/example_sensors.py for tasks to queue
[2024-03-11T08:39:25.561+0000] {logging_mixin.py:188} INFO - [2024-03-11T08:39:25.560+0000] {dagbag.py:540} INFO - Filling up the DagBag from /home/airflow/.local/lib/python3.8/site-packages/airflow/example_dags/example_sensors.py
[2024-03-11T08:39:25.566+0000] {processor.py:840} INFO - DAG(s) 'example_sensors' retrieved from /home/airflow/.local/lib/python3.8/site-packages/airflow/example_dags/example_sensors.py
[2024-03-11T08:39:25.583+0000] {logging_mixin.py:188} INFO - [2024-03-11T08:39:25.583+0000] {dag.py:3047} INFO - Sync 1 DAGs
[2024-03-11T08:39:25.591+0000] {logging_mixin.py:188} INFO - [2024-03-11T08:39:25.591+0000] {dag.py:3834} INFO - Setting next_dagrun for example_sensors to None, run_after=None
[2024-03-11T08:39:25.603+0000] {processor.py:183} INFO - Processing /home/airflow/.local/lib/python3.8/site-packages/airflow/example_dags/example_sensors.py took 0.046 seconds
[2024-03-11T08:39:55.725+0000] {processor.py:161} INFO - Started process (PID=1215) to work on /home/airflow/.local/lib/python3.8/site-packages/airflow/example_dags/example_sensors.py
[2024-03-11T08:39:55.725+0000] {processor.py:830} INFO - Processing file /home/airflow/.local/lib/python3.8/site-packages/airflow/example_dags/example_sensors.py for tasks to queue
[2024-03-11T08:39:55.726+0000] {logging_mixin.py:188} INFO - [2024-03-11T08:39:55.726+0000] {dagbag.py:540} INFO - Filling up the DagBag from /home/airflow/.local/lib/python3.8/site-packages/airflow/example_dags/example_sensors.py
[2024-03-11T08:39:55.732+0000] {processor.py:840} INFO - DAG(s) 'example_sensors' retrieved from /home/airflow/.local/lib/python3.8/site-packages/airflow/example_dags/example_sensors.py
[2024-03-11T08:39:55.749+0000] {logging_mixin.py:188} INFO - [2024-03-11T08:39:55.749+0000] {dag.py:3047} INFO - Sync 1 DAGs
[2024-03-11T08:39:55.756+0000] {logging_mixin.py:188} INFO - [2024-03-11T08:39:55.756+0000] {dag.py:3834} INFO - Setting next_dagrun for example_sensors to None, run_after=None
[2024-03-11T08:39:55.768+0000] {processor.py:183} INFO - Processing /home/airflow/.local/lib/python3.8/site-packages/airflow/example_dags/example_sensors.py took 0.046 seconds
[2024-03-11T08:40:25.834+0000] {processor.py:161} INFO - Started process (PID=1270) to work on /home/airflow/.local/lib/python3.8/site-packages/airflow/example_dags/example_sensors.py
[2024-03-11T08:40:25.835+0000] {processor.py:830} INFO - Processing file /home/airflow/.local/lib/python3.8/site-packages/airflow/example_dags/example_sensors.py for tasks to queue
[2024-03-11T08:40:25.836+0000] {logging_mixin.py:188} INFO - [2024-03-11T08:40:25.836+0000] {dagbag.py:540} INFO - Filling up the DagBag from /home/airflow/.local/lib/python3.8/site-packages/airflow/example_dags/example_sensors.py
[2024-03-11T08:40:25.842+0000] {processor.py:840} INFO - DAG(s) 'example_sensors' retrieved from /home/airflow/.local/lib/python3.8/site-packages/airflow/example_dags/example_sensors.py
[2024-03-11T08:40:25.858+0000] {logging_mixin.py:188} INFO - [2024-03-11T08:40:25.858+0000] {dag.py:3047} INFO - Sync 1 DAGs
[2024-03-11T08:40:25.866+0000] {logging_mixin.py:188} INFO - [2024-03-11T08:40:25.866+0000] {dag.py:3834} INFO - Setting next_dagrun for example_sensors to None, run_after=None
[2024-03-11T08:40:25.877+0000] {processor.py:183} INFO - Processing /home/airflow/.local/lib/python3.8/site-packages/airflow/example_dags/example_sensors.py took 0.045 seconds
[2024-03-11T08:40:55.983+0000] {processor.py:161} INFO - Started process (PID=1325) to work on /home/airflow/.local/lib/python3.8/site-packages/airflow/example_dags/example_sensors.py
[2024-03-11T08:40:55.983+0000] {processor.py:830} INFO - Processing file /home/airflow/.local/lib/python3.8/site-packages/airflow/example_dags/example_sensors.py for tasks to queue
[2024-03-11T08:40:55.984+0000] {logging_mixin.py:188} INFO - [2024-03-11T08:40:55.984+0000] {dagbag.py:540} INFO - Filling up the DagBag from /home/airflow/.local/lib/python3.8/site-packages/airflow/example_dags/example_sensors.py
[2024-03-11T08:40:55.990+0000] {processor.py:840} INFO - DAG(s) 'example_sensors' retrieved from /home/airflow/.local/lib/python3.8/site-packages/airflow/example_dags/example_sensors.py
[2024-03-11T08:40:56.007+0000] {logging_mixin.py:188} INFO - [2024-03-11T08:40:56.007+0000] {dag.py:3047} INFO - Sync 1 DAGs
[2024-03-11T08:40:56.015+0000] {logging_mixin.py:188} INFO - [2024-03-11T08:40:56.015+0000] {dag.py:3834} INFO - Setting next_dagrun for example_sensors to None, run_after=None
[2024-03-11T08:40:56.026+0000] {processor.py:183} INFO - Processing /home/airflow/.local/lib/python3.8/site-packages/airflow/example_dags/example_sensors.py took 0.046 seconds
[2024-03-11T08:41:26.120+0000] {processor.py:161} INFO - Started process (PID=1387) to work on /home/airflow/.local/lib/python3.8/site-packages/airflow/example_dags/example_sensors.py
[2024-03-11T08:41:26.121+0000] {processor.py:830} INFO - Processing file /home/airflow/.local/lib/python3.8/site-packages/airflow/example_dags/example_sensors.py for tasks to queue
[2024-03-11T08:41:26.122+0000] {logging_mixin.py:188} INFO - [2024-03-11T08:41:26.122+0000] {dagbag.py:540} INFO - Filling up the DagBag from /home/airflow/.local/lib/python3.8/site-packages/airflow/example_dags/example_sensors.py
[2024-03-11T08:41:26.128+0000] {processor.py:840} INFO - DAG(s) 'example_sensors' retrieved from /home/airflow/.local/lib/python3.8/site-packages/airflow/example_dags/example_sensors.py
[2024-03-11T08:41:26.145+0000] {logging_mixin.py:188} INFO - [2024-03-11T08:41:26.145+0000] {dag.py:3047} INFO - Sync 1 DAGs
[2024-03-11T08:41:26.153+0000] {logging_mixin.py:188} INFO - [2024-03-11T08:41:26.153+0000] {dag.py:3834} INFO - Setting next_dagrun for example_sensors to None, run_after=None
[2024-03-11T08:41:26.164+0000] {processor.py:183} INFO - Processing /home/airflow/.local/lib/python3.8/site-packages/airflow/example_dags/example_sensors.py took 0.046 seconds
[2024-03-11T08:41:56.212+0000] {processor.py:161} INFO - Started process (PID=1442) to work on /home/airflow/.local/lib/python3.8/site-packages/airflow/example_dags/example_sensors.py
[2024-03-11T08:41:56.212+0000] {processor.py:830} INFO - Processing file /home/airflow/.local/lib/python3.8/site-packages/airflow/example_dags/example_sensors.py for tasks to queue
[2024-03-11T08:41:56.213+0000] {logging_mixin.py:188} INFO - [2024-03-11T08:41:56.213+0000] {dagbag.py:540} INFO - Filling up the DagBag from /home/airflow/.local/lib/python3.8/site-packages/airflow/example_dags/example_sensors.py
[2024-03-11T08:41:56.219+0000] {processor.py:840} INFO - DAG(s) 'example_sensors' retrieved from /home/airflow/.local/lib/python3.8/site-packages/airflow/example_dags/example_sensors.py
[2024-03-11T08:41:56.238+0000] {logging_mixin.py:188} INFO - [2024-03-11T08:41:56.237+0000] {dag.py:3047} INFO - Sync 1 DAGs
[2024-03-11T08:41:56.245+0000] {logging_mixin.py:188} INFO - [2024-03-11T08:41:56.245+0000] {dag.py:3834} INFO - Setting next_dagrun for example_sensors to None, run_after=None
[2024-03-11T08:41:56.256+0000] {processor.py:183} INFO - Processing /home/airflow/.local/lib/python3.8/site-packages/airflow/example_dags/example_sensors.py took 0.046 seconds
[2024-03-11T08:42:26.319+0000] {processor.py:161} INFO - Started process (PID=1497) to work on /home/airflow/.local/lib/python3.8/site-packages/airflow/example_dags/example_sensors.py
[2024-03-11T08:42:26.320+0000] {processor.py:830} INFO - Processing file /home/airflow/.local/lib/python3.8/site-packages/airflow/example_dags/example_sensors.py for tasks to queue
[2024-03-11T08:42:26.321+0000] {logging_mixin.py:188} INFO - [2024-03-11T08:42:26.321+0000] {dagbag.py:540} INFO - Filling up the DagBag from /home/airflow/.local/lib/python3.8/site-packages/airflow/example_dags/example_sensors.py
[2024-03-11T08:42:26.327+0000] {processor.py:840} INFO - DAG(s) 'example_sensors' retrieved from /home/airflow/.local/lib/python3.8/site-packages/airflow/example_dags/example_sensors.py
[2024-03-11T08:42:26.344+0000] {logging_mixin.py:188} INFO - [2024-03-11T08:42:26.343+0000] {dag.py:3047} INFO - Sync 1 DAGs
[2024-03-11T08:42:26.352+0000] {logging_mixin.py:188} INFO - [2024-03-11T08:42:26.351+0000] {dag.py:3834} INFO - Setting next_dagrun for example_sensors to None, run_after=None
[2024-03-11T08:42:26.363+0000] {processor.py:183} INFO - Processing /home/airflow/.local/lib/python3.8/site-packages/airflow/example_dags/example_sensors.py took 0.046 seconds
[2024-03-11T08:42:56.407+0000] {processor.py:161} INFO - Started process (PID=1552) to work on /home/airflow/.local/lib/python3.8/site-packages/airflow/example_dags/example_sensors.py
[2024-03-11T08:42:56.408+0000] {processor.py:830} INFO - Processing file /home/airflow/.local/lib/python3.8/site-packages/airflow/example_dags/example_sensors.py for tasks to queue
[2024-03-11T08:42:56.409+0000] {logging_mixin.py:188} INFO - [2024-03-11T08:42:56.408+0000] {dagbag.py:540} INFO - Filling up the DagBag from /home/airflow/.local/lib/python3.8/site-packages/airflow/example_dags/example_sensors.py
[2024-03-11T08:42:56.414+0000] {processor.py:840} INFO - DAG(s) 'example_sensors' retrieved from /home/airflow/.local/lib/python3.8/site-packages/airflow/example_dags/example_sensors.py
[2024-03-11T08:42:56.431+0000] {logging_mixin.py:188} INFO - [2024-03-11T08:42:56.431+0000] {dag.py:3047} INFO - Sync 1 DAGs
[2024-03-11T08:42:56.439+0000] {logging_mixin.py:188} INFO - [2024-03-11T08:42:56.439+0000] {dag.py:3834} INFO - Setting next_dagrun for example_sensors to None, run_after=None
[2024-03-11T08:42:56.450+0000] {processor.py:183} INFO - Processing /home/airflow/.local/lib/python3.8/site-packages/airflow/example_dags/example_sensors.py took 0.045 seconds
[2024-03-11T08:43:26.507+0000] {processor.py:161} INFO - Started process (PID=1607) to work on /home/airflow/.local/lib/python3.8/site-packages/airflow/example_dags/example_sensors.py
[2024-03-11T08:43:26.507+0000] {processor.py:830} INFO - Processing file /home/airflow/.local/lib/python3.8/site-packages/airflow/example_dags/example_sensors.py for tasks to queue
[2024-03-11T08:43:26.508+0000] {logging_mixin.py:188} INFO - [2024-03-11T08:43:26.508+0000] {dagbag.py:540} INFO - Filling up the DagBag from /home/airflow/.local/lib/python3.8/site-packages/airflow/example_dags/example_sensors.py
[2024-03-11T08:43:26.514+0000] {processor.py:840} INFO - DAG(s) 'example_sensors' retrieved from /home/airflow/.local/lib/python3.8/site-packages/airflow/example_dags/example_sensors.py
[2024-03-11T08:43:26.531+0000] {logging_mixin.py:188} INFO - [2024-03-11T08:43:26.531+0000] {dag.py:3047} INFO - Sync 1 DAGs
[2024-03-11T08:43:26.539+0000] {logging_mixin.py:188} INFO - [2024-03-11T08:43:26.538+0000] {dag.py:3834} INFO - Setting next_dagrun for example_sensors to None, run_after=None
[2024-03-11T08:43:26.550+0000] {processor.py:183} INFO - Processing /home/airflow/.local/lib/python3.8/site-packages/airflow/example_dags/example_sensors.py took 0.045 seconds
[2024-03-11T08:43:56.594+0000] {processor.py:161} INFO - Started process (PID=1662) to work on /home/airflow/.local/lib/python3.8/site-packages/airflow/example_dags/example_sensors.py
[2024-03-11T08:43:56.595+0000] {processor.py:830} INFO - Processing file /home/airflow/.local/lib/python3.8/site-packages/airflow/example_dags/example_sensors.py for tasks to queue
[2024-03-11T08:43:56.596+0000] {logging_mixin.py:188} INFO - [2024-03-11T08:43:56.596+0000] {dagbag.py:540} INFO - Filling up the DagBag from /home/airflow/.local/lib/python3.8/site-packages/airflow/example_dags/example_sensors.py
[2024-03-11T08:43:56.602+0000] {processor.py:840} INFO - DAG(s) 'example_sensors' retrieved from /home/airflow/.local/lib/python3.8/site-packages/airflow/example_dags/example_sensors.py
[2024-03-11T08:43:56.619+0000] {logging_mixin.py:188} INFO - [2024-03-11T08:43:56.619+0000] {dag.py:3047} INFO - Sync 1 DAGs
[2024-03-11T08:43:56.627+0000] {logging_mixin.py:188} INFO - [2024-03-11T08:43:56.627+0000] {dag.py:3834} INFO - Setting next_dagrun for example_sensors to None, run_after=None
[2024-03-11T08:43:56.638+0000] {processor.py:183} INFO - Processing /home/airflow/.local/lib/python3.8/site-packages/airflow/example_dags/example_sensors.py took 0.046 seconds
[2024-03-11T08:44:26.680+0000] {processor.py:161} INFO - Started process (PID=1717) to work on /home/airflow/.local/lib/python3.8/site-packages/airflow/example_dags/example_sensors.py
[2024-03-11T08:44:26.681+0000] {processor.py:830} INFO - Processing file /home/airflow/.local/lib/python3.8/site-packages/airflow/example_dags/example_sensors.py for tasks to queue
[2024-03-11T08:44:26.682+0000] {logging_mixin.py:188} INFO - [2024-03-11T08:44:26.682+0000] {dagbag.py:540} INFO - Filling up the DagBag from /home/airflow/.local/lib/python3.8/site-packages/airflow/example_dags/example_sensors.py
[2024-03-11T08:44:26.688+0000] {processor.py:840} INFO - DAG(s) 'example_sensors' retrieved from /home/airflow/.local/lib/python3.8/site-packages/airflow/example_dags/example_sensors.py
[2024-03-11T08:44:26.705+0000] {logging_mixin.py:188} INFO - [2024-03-11T08:44:26.705+0000] {dag.py:3047} INFO - Sync 1 DAGs
[2024-03-11T08:44:26.713+0000] {logging_mixin.py:188} INFO - [2024-03-11T08:44:26.713+0000] {dag.py:3834} INFO - Setting next_dagrun for example_sensors to None, run_after=None
[2024-03-11T08:44:26.724+0000] {processor.py:183} INFO - Processing /home/airflow/.local/lib/python3.8/site-packages/airflow/example_dags/example_sensors.py took 0.046 seconds
[2024-03-11T08:44:57.600+0000] {processor.py:161} INFO - Started process (PID=1772) to work on /home/airflow/.local/lib/python3.8/site-packages/airflow/example_dags/example_sensors.py
[2024-03-11T08:44:57.601+0000] {processor.py:830} INFO - Processing file /home/airflow/.local/lib/python3.8/site-packages/airflow/example_dags/example_sensors.py for tasks to queue
[2024-03-11T08:44:57.602+0000] {logging_mixin.py:188} INFO - [2024-03-11T08:44:57.602+0000] {dagbag.py:540} INFO - Filling up the DagBag from /home/airflow/.local/lib/python3.8/site-packages/airflow/example_dags/example_sensors.py
[2024-03-11T08:44:57.608+0000] {processor.py:840} INFO - DAG(s) 'example_sensors' retrieved from /home/airflow/.local/lib/python3.8/site-packages/airflow/example_dags/example_sensors.py
[2024-03-11T08:44:57.626+0000] {logging_mixin.py:188} INFO - [2024-03-11T08:44:57.626+0000] {dag.py:3047} INFO - Sync 1 DAGs
[2024-03-11T08:44:57.634+0000] {logging_mixin.py:188} INFO - [2024-03-11T08:44:57.634+0000] {dag.py:3834} INFO - Setting next_dagrun for example_sensors to None, run_after=None
[2024-03-11T08:44:57.646+0000] {processor.py:183} INFO - Processing /home/airflow/.local/lib/python3.8/site-packages/airflow/example_dags/example_sensors.py took 0.049 seconds
[2024-03-11T08:45:27.681+0000] {processor.py:161} INFO - Started process (PID=1827) to work on /home/airflow/.local/lib/python3.8/site-packages/airflow/example_dags/example_sensors.py
[2024-03-11T08:45:27.681+0000] {processor.py:830} INFO - Processing file /home/airflow/.local/lib/python3.8/site-packages/airflow/example_dags/example_sensors.py for tasks to queue
[2024-03-11T08:45:27.683+0000] {logging_mixin.py:188} INFO - [2024-03-11T08:45:27.682+0000] {dagbag.py:540} INFO - Filling up the DagBag from /home/airflow/.local/lib/python3.8/site-packages/airflow/example_dags/example_sensors.py
[2024-03-11T08:45:27.688+0000] {processor.py:840} INFO - DAG(s) 'example_sensors' retrieved from /home/airflow/.local/lib/python3.8/site-packages/airflow/example_dags/example_sensors.py
[2024-03-11T08:45:27.705+0000] {logging_mixin.py:188} INFO - [2024-03-11T08:45:27.705+0000] {dag.py:3047} INFO - Sync 1 DAGs
[2024-03-11T08:45:27.714+0000] {logging_mixin.py:188} INFO - [2024-03-11T08:45:27.714+0000] {dag.py:3834} INFO - Setting next_dagrun for example_sensors to None, run_after=None
[2024-03-11T08:45:27.726+0000] {processor.py:183} INFO - Processing /home/airflow/.local/lib/python3.8/site-packages/airflow/example_dags/example_sensors.py took 0.047 seconds
